[03-Jun-2023 21:08:50 UTC] PHP Notice:  Function WP_Scripts::localize was called <strong>incorrectly</strong>. The <code>$l10n</code> parameter must be an array. To pass arbitrary data to scripts, use the <code>wp_add_inline_script()</code> function instead. Please see <a href="https://wordpress.org/documentation/article/debugging-in-wordpress/">Debugging in WordPress</a> for more information. (This message was added in version 5.7.0.) in /home/u312518386/domains/chimpgroup.com/public_html/jobcareer/jobmap/wp-includes/functions.php on line 5865
[03-Jun-2023 21:09:16 UTC] PHP Notice:  Function WP_Scripts::localize was called <strong>incorrectly</strong>. The <code>$l10n</code> parameter must be an array. To pass arbitrary data to scripts, use the <code>wp_add_inline_script()</code> function instead. Please see <a href="https://wordpress.org/documentation/article/debugging-in-wordpress/">Debugging in WordPress</a> for more information. (This message was added in version 5.7.0.) in /home/u312518386/domains/chimpgroup.com/public_html/jobcareer/jobmap/wp-includes/functions.php on line 5865
[03-Jun-2023 21:09:18 UTC] PHP Notice:  Function WP_Scripts::localize was called <strong>incorrectly</strong>. The <code>$l10n</code> parameter must be an array. To pass arbitrary data to scripts, use the <code>wp_add_inline_script()</code> function instead. Please see <a href="https://wordpress.org/documentation/article/debugging-in-wordpress/">Debugging in WordPress</a> for more information. (This message was added in version 5.7.0.) in /home/u312518386/domains/chimpgroup.com/public_html/jobcareer/jobmap/wp-includes/functions.php on line 5865
[03-Jun-2023 21:09:32 UTC] PHP Notice:  Function WP_Scripts::localize was called <strong>incorrectly</strong>. The <code>$l10n</code> parameter must be an array. To pass arbitrary data to scripts, use the <code>wp_add_inline_script()</code> function instead. Please see <a href="https://wordpress.org/documentation/article/debugging-in-wordpress/">Debugging in WordPress</a> for more information. (This message was added in version 5.7.0.) in /home/u312518386/domains/chimpgroup.com/public_html/jobcareer/jobmap/wp-includes/functions.php on line 5865
[03-Jun-2023 21:09:48 UTC] PHP Notice:  Function WP_Scripts::localize was called <strong>incorrectly</strong>. The <code>$l10n</code> parameter must be an array. To pass arbitrary data to scripts, use the <code>wp_add_inline_script()</code> function instead. Please see <a href="https://wordpress.org/documentation/article/debugging-in-wordpress/">Debugging in WordPress</a> for more information. (This message was added in version 5.7.0.) in /home/u312518386/domains/chimpgroup.com/public_html/jobcareer/jobmap/wp-includes/functions.php on line 5865
[03-Jun-2023 21:09:48 UTC] PHP Warning:  Cannot modify header information - headers already sent in /home/u312518386/domains/chimpgroup.com/public_html/jobcareer/jobmap/wp-content/plugins/wp-jobhunt/api/jobs_api.php on line 2
[03-Jun-2023 21:09:48 UTC] PHP Warning:  Cannot modify header information - headers already sent in /home/u312518386/domains/chimpgroup.com/public_html/jobcareer/jobmap/wp-content/plugins/wp-jobhunt/api/home.php on line 2
[03-Jun-2023 21:10:14 UTC] PHP Notice:  Function WP_Scripts::localize was called <strong>incorrectly</strong>. The <code>$l10n</code> parameter must be an array. To pass arbitrary data to scripts, use the <code>wp_add_inline_script()</code> function instead. Please see <a href="https://wordpress.org/documentation/article/debugging-in-wordpress/">Debugging in WordPress</a> for more information. (This message was added in version 5.7.0.) in /home/u312518386/domains/chimpgroup.com/public_html/jobcareer/jobmap/wp-includes/functions.php on line 5865
[03-Jun-2023 21:10:29 UTC] PHP Notice:  Undefined index: jobmap in /home/u312518386/domains/chimpgroup.com/public_html/jobcareer/jobmap/wp-content/plugins/cs-framework/include/cs-importer/theme_importer.php on line 960
[03-Jun-2023 21:10:29 UTC] PHP Warning:  Invalid argument supplied for foreach() in /home/u312518386/domains/chimpgroup.com/public_html/jobcareer/jobmap/wp-content/plugins/cs-framework/include/cs-importer/theme_importer.php on line 961
[03-Jun-2023 21:10:32 UTC] PHP Notice:  Trying to access array offset on value of type int in /home/u312518386/domains/chimpgroup.com/public_html/jobcareer/jobmap/wp-content/plugins/cs-framework/include/cs-importer/wordpress-importer.php on line 431
[03-Jun-2023 21:10:32 UTC] PHP Notice:  Trying to access array offset on value of type int in /home/u312518386/domains/chimpgroup.com/public_html/jobcareer/jobmap/wp-content/plugins/cs-framework/include/cs-importer/wordpress-importer.php on line 431
[03-Jun-2023 21:10:32 UTC] PHP Notice:  Trying to access array offset on value of type int in /home/u312518386/domains/chimpgroup.com/public_html/jobcareer/jobmap/wp-content/plugins/cs-framework/include/cs-importer/wordpress-importer.php on line 431
[03-Jun-2023 21:10:32 UTC] PHP Notice:  Trying to access array offset on value of type int in /home/u312518386/domains/chimpgroup.com/public_html/jobcareer/jobmap/wp-content/plugins/cs-framework/include/cs-importer/wordpress-importer.php on line 431
[03-Jun-2023 21:10:32 UTC] PHP Notice:  unserialize(): Error at offset 5 of 35 bytes in /home/u312518386/domains/chimpgroup.com/public_html/jobcareer/jobmap/wp-content/plugins/cs-framework/include/cs-importer/theme_importer.php on line 1021
[03-Jun-2023 21:10:39 UTC] PHP Deprecated:  Function get_page_by_title is <strong>deprecated</strong> since version 6.2.0! Use WP_Query instead. in /home/u312518386/domains/chimpgroup.com/public_html/jobcareer/jobmap/wp-includes/functions.php on line 5413
[03-Jun-2023 21:10:39 UTC] PHP Fatal error:  Uncaught Error: Using $this when not in object context in /home/u312518386/domains/chimpgroup.com/public_html/jobcareer/jobmap/wp-content/themes/jobcareer/backend/importer-hooks.php:128
Stack trace:
#0 /home/u312518386/domains/chimpgroup.com/public_html/jobcareer/jobmap/wp-includes/class-wp-hook.php(308): cs_import_setup_pages_handle(Object(CS_Data_Importer))
#1 /home/u312518386/domains/chimpgroup.com/public_html/jobcareer/jobmap/wp-includes/class-wp-hook.php(332): WP_Hook->apply_filters('', Array)
#2 /home/u312518386/domains/chimpgroup.com/public_html/jobcareer/jobmap/wp-includes/plugin.php(517): WP_Hook->do_action(Array)
#3 /home/u312518386/domains/chimpgroup.com/public_html/jobcareer/jobmap/wp-content/plugins/cs-framework/include/cs-importer/cs-data-importer.php(558): do_action('cs_import_setup...', Object(CS_Data_Importer))
#4 /home/u312518386/domains/chimpgroup.com/public_html/jobcareer/jobmap/wp-content/plugins/cs-framework/include/cs-importer/cs-data-importer.php(214): CS_Data_Importer->set_up_pages()
 in /home/u312518386/domains/chimpgroup.com/public_html/jobcareer/jobmap/wp-content/themes/jobcareer/backend/importer-hooks.php on line 128
[03-Jun-2023 21:10:59 UTC] PHP Warning:  Cannot modify header information - headers already sent in /home/u312518386/domains/chimpgroup.com/public_html/jobcareer/jobmap/wp-content/plugins/wp-jobhunt/api/jobs_api.php on line 2
[03-Jun-2023 21:10:59 UTC] PHP Warning:  Cannot modify header information - headers already sent in /home/u312518386/domains/chimpgroup.com/public_html/jobcareer/jobmap/wp-content/plugins/wp-jobhunt/api/home.php on line 2
[03-Jun-2023 21:13:22 UTC] PHP Warning:  Cannot modify header information - headers already sent in /home/u312518386/domains/chimpgroup.com/public_html/jobcareer/jobmap/wp-content/plugins/wp-jobhunt/api/jobs_api.php on line 2
[03-Jun-2023 21:13:22 UTC] PHP Warning:  Cannot modify header information - headers already sent in /home/u312518386/domains/chimpgroup.com/public_html/jobcareer/jobmap/wp-content/plugins/wp-jobhunt/api/home.php on line 2
[03-Jun-2023 21:13:43 UTC] PHP Notice:  Undefined variable: cs_jobs_thumb_url in /home/u312518386/domains/chimpgroup.com/public_html/jobcareer/jobmap/wp-content/plugins/wp-jobhunt/templates/elements/jobs-map/jobs-map-helper.php on line 348
[04-Jun-2023 04:35:23 UTC] PHP Warning:  Cannot modify header information - headers already sent in /home/u312518386/domains/chimpgroup.com/public_html/jobcareer/jobmap/wp-content/plugins/wp-jobhunt/api/jobs_api.php on line 2
[04-Jun-2023 04:35:23 UTC] PHP Warning:  Cannot modify header information - headers already sent in /home/u312518386/domains/chimpgroup.com/public_html/jobcareer/jobmap/wp-content/plugins/wp-jobhunt/api/home.php on line 2
[04-Jun-2023 07:57:33 UTC] PHP Warning:  Cannot modify header information - headers already sent in /home/u312518386/domains/chimpgroup.com/public_html/jobcareer/jobmap/wp-content/plugins/wp-jobhunt/api/jobs_api.php on line 2
[04-Jun-2023 07:57:33 UTC] PHP Warning:  Cannot modify header information - headers already sent in /home/u312518386/domains/chimpgroup.com/public_html/jobcareer/jobmap/wp-content/plugins/wp-jobhunt/api/home.php on line 2
[04-Jun-2023 10:53:16 UTC] PHP Warning:  Cannot modify header information - headers already sent in /home/u312518386/domains/chimpgroup.com/public_html/jobcareer/jobmap/wp-content/plugins/wp-jobhunt/api/jobs_api.php on line 2
[04-Jun-2023 10:53:16 UTC] PHP Warning:  Cannot modify header information - headers already sent in /home/u312518386/domains/chimpgroup.com/public_html/jobcareer/jobmap/wp-content/plugins/wp-jobhunt/api/home.php on line 2
[04-Jun-2023 13:34:29 UTC] PHP Warning:  Cannot modify header information - headers already sent in /home/u312518386/domains/chimpgroup.com/public_html/jobcareer/jobmap/wp-content/plugins/wp-jobhunt/api/jobs_api.php on line 2
[04-Jun-2023 13:34:29 UTC] PHP Warning:  Cannot modify header information - headers already sent in /home/u312518386/domains/chimpgroup.com/public_html/jobcareer/jobmap/wp-content/plugins/wp-jobhunt/api/home.php on line 2
[04-Jun-2023 13:34:29 UTC] PHP Notice:  Trying to get property 'ID' of non-object in /home/u312518386/domains/chimpgroup.com/public_html/jobcareer/jobmap/wp-includes/link-template.php on line 390
[04-Jun-2023 13:34:29 UTC] PHP Notice:  Trying to get property 'ID' of non-object in /home/u312518386/domains/chimpgroup.com/public_html/jobcareer/jobmap/wp-includes/link-template.php on line 441
[04-Jun-2023 13:34:29 UTC] PHP Notice:  Trying to get property 'ID' of non-object in /home/u312518386/domains/chimpgroup.com/public_html/jobcareer/jobmap/wp-includes/link-template.php on line 452
[04-Jun-2023 13:34:29 UTC] PHP Notice:  Trying to get property 'ID' of non-object in /home/u312518386/domains/chimpgroup.com/public_html/jobcareer/jobmap/wp-includes/link-template.php on line 405
[04-Jun-2023 17:23:41 UTC] PHP Warning:  Cannot modify header information - headers already sent in /home/u312518386/domains/chimpgroup.com/public_html/jobcareer/jobmap/wp-content/plugins/wp-jobhunt/api/jobs_api.php on line 2
[04-Jun-2023 17:23:41 UTC] PHP Warning:  Cannot modify header information - headers already sent in /home/u312518386/domains/chimpgroup.com/public_html/jobcareer/jobmap/wp-content/plugins/wp-jobhunt/api/home.php on line 2
[04-Jun-2023 17:23:42 UTC] PHP Notice:  Trying to get property 'ID' of non-object in /home/u312518386/domains/chimpgroup.com/public_html/jobcareer/jobmap/wp-includes/link-template.php on line 390
[04-Jun-2023 17:23:42 UTC] PHP Notice:  Trying to get property 'ID' of non-object in /home/u312518386/domains/chimpgroup.com/public_html/jobcareer/jobmap/wp-includes/link-template.php on line 441
[04-Jun-2023 17:23:42 UTC] PHP Notice:  Trying to get property 'ID' of non-object in /home/u312518386/domains/chimpgroup.com/public_html/jobcareer/jobmap/wp-includes/link-template.php on line 452
[04-Jun-2023 17:23:42 UTC] PHP Notice:  Trying to get property 'ID' of non-object in /home/u312518386/domains/chimpgroup.com/public_html/jobcareer/jobmap/wp-includes/link-template.php on line 405
[04-Jun-2023 21:32:26 UTC] PHP Warning:  Cannot modify header information - headers already sent in /home/u312518386/domains/chimpgroup.com/public_html/jobcareer/jobmap/wp-content/plugins/wp-jobhunt/api/jobs_api.php on line 2
[04-Jun-2023 21:32:26 UTC] PHP Warning:  Cannot modify header information - headers already sent in /home/u312518386/domains/chimpgroup.com/public_html/jobcareer/jobmap/wp-content/plugins/wp-jobhunt/api/home.php on line 2
[04-Jun-2023 21:32:40 UTC] PHP Notice:  Undefined variable: cs_jobs_thumb_url in /home/u312518386/domains/chimpgroup.com/public_html/jobcareer/jobmap/wp-content/plugins/wp-jobhunt/templates/elements/jobs-map/jobs-map-helper.php on line 348
[04-Jun-2023 22:41:40 UTC] PHP Warning:  Cannot modify header information - headers already sent in /home/u312518386/domains/chimpgroup.com/public_html/jobcareer/jobmap/wp-content/plugins/wp-jobhunt/api/jobs_api.php on line 2
[04-Jun-2023 22:41:40 UTC] PHP Warning:  Cannot modify header information - headers already sent in /home/u312518386/domains/chimpgroup.com/public_html/jobcareer/jobmap/wp-content/plugins/wp-jobhunt/api/home.php on line 2
[04-Jun-2023 22:41:40 UTC] PHP Notice:  Trying to get property 'ID' of non-object in /home/u312518386/domains/chimpgroup.com/public_html/jobcareer/jobmap/wp-includes/link-template.php on line 390
[04-Jun-2023 22:41:40 UTC] PHP Notice:  Trying to get property 'ID' of non-object in /home/u312518386/domains/chimpgroup.com/public_html/jobcareer/jobmap/wp-includes/link-template.php on line 441
[04-Jun-2023 22:41:40 UTC] PHP Notice:  Trying to get property 'ID' of non-object in /home/u312518386/domains/chimpgroup.com/public_html/jobcareer/jobmap/wp-includes/link-template.php on line 452
[04-Jun-2023 22:41:40 UTC] PHP Notice:  Trying to get property 'ID' of non-object in /home/u312518386/domains/chimpgroup.com/public_html/jobcareer/jobmap/wp-includes/link-template.php on line 405
[04-Jun-2023 23:36:47 UTC] PHP Warning:  Cannot modify header information - headers already sent in /home/u312518386/domains/chimpgroup.com/public_html/jobcareer/jobmap/wp-content/plugins/wp-jobhunt/api/jobs_api.php on line 2
[04-Jun-2023 23:36:47 UTC] PHP Warning:  Cannot modify header information - headers already sent in /home/u312518386/domains/chimpgroup.com/public_html/jobcareer/jobmap/wp-content/plugins/wp-jobhunt/api/home.php on line 2
[05-Jun-2023 03:05:38 UTC] PHP Warning:  Cannot modify header information - headers already sent in /home/u312518386/domains/chimpgroup.com/public_html/jobcareer/jobmap/wp-content/plugins/wp-jobhunt/api/jobs_api.php on line 2
[05-Jun-2023 03:05:38 UTC] PHP Warning:  Cannot modify header information - headers already sent in /home/u312518386/domains/chimpgroup.com/public_html/jobcareer/jobmap/wp-content/plugins/wp-jobhunt/api/home.php on line 2
[05-Jun-2023 04:00:23 UTC] PHP Warning:  Cannot modify header information - headers already sent in /home/u312518386/domains/chimpgroup.com/public_html/jobcareer/jobmap/wp-content/plugins/wp-jobhunt/api/jobs_api.php on line 2
[05-Jun-2023 04:00:23 UTC] PHP Warning:  Cannot modify header information - headers already sent in /home/u312518386/domains/chimpgroup.com/public_html/jobcareer/jobmap/wp-content/plugins/wp-jobhunt/api/home.php on line 2
[05-Jun-2023 16:27:27 UTC] PHP Warning:  Cannot modify header information - headers already sent in /home/u312518386/domains/chimpgroup.com/public_html/jobcareer/jobmap/wp-content/plugins/wp-jobhunt/api/jobs_api.php on line 2
[05-Jun-2023 16:27:27 UTC] PHP Warning:  Cannot modify header information - headers already sent in /home/u312518386/domains/chimpgroup.com/public_html/jobcareer/jobmap/wp-content/plugins/wp-jobhunt/api/home.php on line 2
[05-Jun-2023 16:27:27 UTC] PHP Notice:  Trying to get property 'ID' of non-object in /home/u312518386/domains/chimpgroup.com/public_html/jobcareer/jobmap/wp-includes/link-template.php on line 390
[05-Jun-2023 16:27:27 UTC] PHP Notice:  Trying to get property 'ID' of non-object in /home/u312518386/domains/chimpgroup.com/public_html/jobcareer/jobmap/wp-includes/link-template.php on line 441
[05-Jun-2023 16:27:27 UTC] PHP Notice:  Trying to get property 'ID' of non-object in /home/u312518386/domains/chimpgroup.com/public_html/jobcareer/jobmap/wp-includes/link-template.php on line 452
[05-Jun-2023 16:27:27 UTC] PHP Notice:  Trying to get property 'ID' of non-object in /home/u312518386/domains/chimpgroup.com/public_html/jobcareer/jobmap/wp-includes/link-template.php on line 405
[06-Jun-2023 00:18:28 UTC] PHP Warning:  Cannot modify header information - headers already sent in /home/u312518386/domains/chimpgroup.com/public_html/jobcareer/jobmap/wp-content/plugins/wp-jobhunt/api/jobs_api.php on line 2
[06-Jun-2023 00:18:28 UTC] PHP Warning:  Cannot modify header information - headers already sent in /home/u312518386/domains/chimpgroup.com/public_html/jobcareer/jobmap/wp-content/plugins/wp-jobhunt/api/home.php on line 2
[06-Jun-2023 01:55:50 UTC] PHP Warning:  Cannot modify header information - headers already sent in /home/u312518386/domains/chimpgroup.com/public_html/jobcareer/jobmap/wp-content/plugins/wp-jobhunt/api/jobs_api.php on line 2
[06-Jun-2023 01:55:50 UTC] PHP Warning:  Cannot modify header information - headers already sent in /home/u312518386/domains/chimpgroup.com/public_html/jobcareer/jobmap/wp-content/plugins/wp-jobhunt/api/home.php on line 2
[06-Jun-2023 03:17:09 UTC] PHP Warning:  Cannot modify header information - headers already sent in /home/u312518386/domains/chimpgroup.com/public_html/jobcareer/jobmap/wp-content/plugins/wp-jobhunt/api/jobs_api.php on line 2
[06-Jun-2023 03:17:09 UTC] PHP Warning:  Cannot modify header information - headers already sent in /home/u312518386/domains/chimpgroup.com/public_html/jobcareer/jobmap/wp-content/plugins/wp-jobhunt/api/home.php on line 2
[06-Jun-2023 03:28:24 UTC] PHP Notice:  Trying to get property 'ID' of non-object in /home/u312518386/domains/chimpgroup.com/public_html/jobcareer/jobmap/wp-includes/link-template.php on line 390
[06-Jun-2023 03:28:24 UTC] PHP Notice:  Trying to get property 'ID' of non-object in /home/u312518386/domains/chimpgroup.com/public_html/jobcareer/jobmap/wp-includes/link-template.php on line 441
[06-Jun-2023 03:28:24 UTC] PHP Notice:  Trying to get property 'ID' of non-object in /home/u312518386/domains/chimpgroup.com/public_html/jobcareer/jobmap/wp-includes/link-template.php on line 452
[06-Jun-2023 03:28:24 UTC] PHP Notice:  Trying to get property 'ID' of non-object in /home/u312518386/domains/chimpgroup.com/public_html/jobcareer/jobmap/wp-includes/link-template.php on line 405
[06-Jun-2023 07:05:53 UTC] PHP Warning:  Cannot modify header information - headers already sent in /home/u312518386/domains/chimpgroup.com/public_html/jobcareer/jobmap/wp-content/plugins/wp-jobhunt/api/jobs_api.php on line 2
[06-Jun-2023 07:05:53 UTC] PHP Warning:  Cannot modify header information - headers already sent in /home/u312518386/domains/chimpgroup.com/public_html/jobcareer/jobmap/wp-content/plugins/wp-jobhunt/api/home.php on line 2
[06-Jun-2023 07:18:52 UTC] PHP Warning:  Cannot modify header information - headers already sent in /home/u312518386/domains/chimpgroup.com/public_html/jobcareer/jobmap/wp-content/plugins/wp-jobhunt/api/jobs_api.php on line 2
[06-Jun-2023 07:18:52 UTC] PHP Warning:  Cannot modify header information - headers already sent in /home/u312518386/domains/chimpgroup.com/public_html/jobcareer/jobmap/wp-content/plugins/wp-jobhunt/api/home.php on line 2
[06-Jun-2023 12:35:01 UTC] PHP Warning:  Cannot modify header information - headers already sent in /home/u312518386/domains/chimpgroup.com/public_html/jobcareer/jobmap/wp-content/plugins/wp-jobhunt/api/jobs_api.php on line 2
[06-Jun-2023 12:35:01 UTC] PHP Warning:  Cannot modify header information - headers already sent in /home/u312518386/domains/chimpgroup.com/public_html/jobcareer/jobmap/wp-content/plugins/wp-jobhunt/api/home.php on line 2
[06-Jun-2023 12:35:02 UTC] PHP Notice:  Undefined variable: cs_jobs_thumb_url in /home/u312518386/domains/chimpgroup.com/public_html/jobcareer/jobmap/wp-content/plugins/wp-jobhunt/templates/elements/jobs-map/jobs-map-helper.php on line 348
[06-Jun-2023 15:37:47 UTC] PHP Warning:  Cannot modify header information - headers already sent in /home/u312518386/domains/chimpgroup.com/public_html/jobcareer/jobmap/wp-content/plugins/wp-jobhunt/api/jobs_api.php on line 2
[06-Jun-2023 15:37:47 UTC] PHP Warning:  Cannot modify header information - headers already sent in /home/u312518386/domains/chimpgroup.com/public_html/jobcareer/jobmap/wp-content/plugins/wp-jobhunt/api/home.php on line 2
[06-Jun-2023 15:41:25 UTC] PHP Notice:  Undefined variable: cs_jobs_thumb_url in /home/u312518386/domains/chimpgroup.com/public_html/jobcareer/jobmap/wp-content/plugins/wp-jobhunt/templates/elements/jobs-map/jobs-map-helper.php on line 348
[06-Jun-2023 16:03:16 UTC] PHP Notice:  Trying to get property 'ID' of non-object in /home/u312518386/domains/chimpgroup.com/public_html/jobcareer/jobmap/wp-includes/link-template.php on line 390
[06-Jun-2023 16:03:16 UTC] PHP Notice:  Trying to get property 'ID' of non-object in /home/u312518386/domains/chimpgroup.com/public_html/jobcareer/jobmap/wp-includes/link-template.php on line 441
[06-Jun-2023 16:03:16 UTC] PHP Notice:  Trying to get property 'ID' of non-object in /home/u312518386/domains/chimpgroup.com/public_html/jobcareer/jobmap/wp-includes/link-template.php on line 452
[06-Jun-2023 16:03:16 UTC] PHP Notice:  Trying to get property 'ID' of non-object in /home/u312518386/domains/chimpgroup.com/public_html/jobcareer/jobmap/wp-includes/link-template.php on line 405
[06-Jun-2023 16:03:18 UTC] PHP Notice:  Trying to get property 'ID' of non-object in /home/u312518386/domains/chimpgroup.com/public_html/jobcareer/jobmap/wp-includes/link-template.php on line 390
[06-Jun-2023 16:03:18 UTC] PHP Notice:  Trying to get property 'ID' of non-object in /home/u312518386/domains/chimpgroup.com/public_html/jobcareer/jobmap/wp-includes/link-template.php on line 441
[06-Jun-2023 16:03:18 UTC] PHP Notice:  Trying to get property 'ID' of non-object in /home/u312518386/domains/chimpgroup.com/public_html/jobcareer/jobmap/wp-includes/link-template.php on line 452
[06-Jun-2023 16:03:18 UTC] PHP Notice:  Trying to get property 'ID' of non-object in /home/u312518386/domains/chimpgroup.com/public_html/jobcareer/jobmap/wp-includes/link-template.php on line 405
[06-Jun-2023 16:29:35 UTC] PHP Warning:  Cannot modify header information - headers already sent in /home/u312518386/domains/chimpgroup.com/public_html/jobcareer/jobmap/wp-content/plugins/wp-jobhunt/api/jobs_api.php on line 2
[06-Jun-2023 16:29:35 UTC] PHP Warning:  Cannot modify header information - headers already sent in /home/u312518386/domains/chimpgroup.com/public_html/jobcareer/jobmap/wp-content/plugins/wp-jobhunt/api/home.php on line 2
[06-Jun-2023 18:47:49 UTC] PHP Warning:  Cannot modify header information - headers already sent in /home/u312518386/domains/chimpgroup.com/public_html/jobcareer/jobmap/wp-content/plugins/wp-jobhunt/api/jobs_api.php on line 2
[06-Jun-2023 18:47:49 UTC] PHP Warning:  Cannot modify header information - headers already sent in /home/u312518386/domains/chimpgroup.com/public_html/jobcareer/jobmap/wp-content/plugins/wp-jobhunt/api/home.php on line 2
[06-Jun-2023 20:55:34 UTC] PHP Warning:  Cannot modify header information - headers already sent in /home/u312518386/domains/chimpgroup.com/public_html/jobcareer/jobmap/wp-content/plugins/wp-jobhunt/api/jobs_api.php on line 2
[06-Jun-2023 20:55:34 UTC] PHP Warning:  Cannot modify header information - headers already sent in /home/u312518386/domains/chimpgroup.com/public_html/jobcareer/jobmap/wp-content/plugins/wp-jobhunt/api/home.php on line 2
[06-Jun-2023 21:23:09 UTC] PHP Warning:  Cannot modify header information - headers already sent in /home/u312518386/domains/chimpgroup.com/public_html/jobcareer/jobmap/wp-content/plugins/wp-jobhunt/api/jobs_api.php on line 2
[06-Jun-2023 21:23:09 UTC] PHP Warning:  Cannot modify header information - headers already sent in /home/u312518386/domains/chimpgroup.com/public_html/jobcareer/jobmap/wp-content/plugins/wp-jobhunt/api/home.php on line 2
[06-Jun-2023 21:23:11 UTC] PHP Notice:  Trying to get property 'ID' of non-object in /home/u312518386/domains/chimpgroup.com/public_html/jobcareer/jobmap/wp-includes/link-template.php on line 390
[06-Jun-2023 21:23:11 UTC] PHP Notice:  Trying to get property 'ID' of non-object in /home/u312518386/domains/chimpgroup.com/public_html/jobcareer/jobmap/wp-includes/link-template.php on line 441
[06-Jun-2023 21:23:11 UTC] PHP Notice:  Trying to get property 'ID' of non-object in /home/u312518386/domains/chimpgroup.com/public_html/jobcareer/jobmap/wp-includes/link-template.php on line 452
[06-Jun-2023 21:23:11 UTC] PHP Notice:  Trying to get property 'ID' of non-object in /home/u312518386/domains/chimpgroup.com/public_html/jobcareer/jobmap/wp-includes/link-template.php on line 405
[06-Jun-2023 21:23:11 UTC] PHP Notice:  Trying to get property 'ID' of non-object in /home/u312518386/domains/chimpgroup.com/public_html/jobcareer/jobmap/wp-includes/link-template.php on line 390
[06-Jun-2023 21:23:11 UTC] PHP Notice:  Trying to get property 'ID' of non-object in /home/u312518386/domains/chimpgroup.com/public_html/jobcareer/jobmap/wp-includes/link-template.php on line 441
[06-Jun-2023 21:23:11 UTC] PHP Notice:  Trying to get property 'ID' of non-object in /home/u312518386/domains/chimpgroup.com/public_html/jobcareer/jobmap/wp-includes/link-template.php on line 452
[06-Jun-2023 21:23:11 UTC] PHP Notice:  Trying to get property 'ID' of non-object in /home/u312518386/domains/chimpgroup.com/public_html/jobcareer/jobmap/wp-includes/link-template.php on line 405
[06-Jun-2023 21:23:12 UTC] PHP Notice:  Trying to get property 'ID' of non-object in /home/u312518386/domains/chimpgroup.com/public_html/jobcareer/jobmap/wp-includes/link-template.php on line 390
[06-Jun-2023 21:23:12 UTC] PHP Notice:  Trying to get property 'ID' of non-object in /home/u312518386/domains/chimpgroup.com/public_html/jobcareer/jobmap/wp-includes/link-template.php on line 441
[06-Jun-2023 21:23:12 UTC] PHP Notice:  Trying to get property 'ID' of non-object in /home/u312518386/domains/chimpgroup.com/public_html/jobcareer/jobmap/wp-includes/link-template.php on line 452
[06-Jun-2023 21:23:12 UTC] PHP Notice:  Trying to get property 'ID' of non-object in /home/u312518386/domains/chimpgroup.com/public_html/jobcareer/jobmap/wp-includes/link-template.php on line 405
[06-Jun-2023 21:23:12 UTC] PHP Notice:  Trying to get property 'ID' of non-object in /home/u312518386/domains/chimpgroup.com/public_html/jobcareer/jobmap/wp-includes/link-template.php on line 390
[06-Jun-2023 21:23:12 UTC] PHP Notice:  Trying to get property 'ID' of non-object in /home/u312518386/domains/chimpgroup.com/public_html/jobcareer/jobmap/wp-includes/link-template.php on line 441
[06-Jun-2023 21:23:12 UTC] PHP Notice:  Trying to get property 'ID' of non-object in /home/u312518386/domains/chimpgroup.com/public_html/jobcareer/jobmap/wp-includes/link-template.php on line 452
[06-Jun-2023 21:23:12 UTC] PHP Notice:  Trying to get property 'ID' of non-object in /home/u312518386/domains/chimpgroup.com/public_html/jobcareer/jobmap/wp-includes/link-template.php on line 405
[06-Jun-2023 21:23:12 UTC] PHP Notice:  Trying to get property 'ID' of non-object in /home/u312518386/domains/chimpgroup.com/public_html/jobcareer/jobmap/wp-includes/link-template.php on line 390
[06-Jun-2023 21:23:12 UTC] PHP Notice:  Trying to get property 'ID' of non-object in /home/u312518386/domains/chimpgroup.com/public_html/jobcareer/jobmap/wp-includes/link-template.php on line 441
[06-Jun-2023 21:23:12 UTC] PHP Notice:  Trying to get property 'ID' of non-object in /home/u312518386/domains/chimpgroup.com/public_html/jobcareer/jobmap/wp-includes/link-template.php on line 452
[06-Jun-2023 21:23:12 UTC] PHP Notice:  Trying to get property 'ID' of non-object in /home/u312518386/domains/chimpgroup.com/public_html/jobcareer/jobmap/wp-includes/link-template.php on line 405
[06-Jun-2023 21:23:12 UTC] PHP Notice:  Trying to get property 'ID' of non-object in /home/u312518386/domains/chimpgroup.com/public_html/jobcareer/jobmap/wp-includes/link-template.php on line 390
[06-Jun-2023 21:23:12 UTC] PHP Notice:  Trying to get property 'ID' of non-object in /home/u312518386/domains/chimpgroup.com/public_html/jobcareer/jobmap/wp-includes/link-template.php on line 441
[06-Jun-2023 21:23:12 UTC] PHP Notice:  Trying to get property 'ID' of non-object in /home/u312518386/domains/chimpgroup.com/public_html/jobcareer/jobmap/wp-includes/link-template.php on line 452
[06-Jun-2023 21:23:12 UTC] PHP Notice:  Trying to get property 'ID' of non-object in /home/u312518386/domains/chimpgroup.com/public_html/jobcareer/jobmap/wp-includes/link-template.php on line 405
[06-Jun-2023 21:23:12 UTC] PHP Notice:  Trying to get property 'ID' of non-object in /home/u312518386/domains/chimpgroup.com/public_html/jobcareer/jobmap/wp-includes/link-template.php on line 390
[06-Jun-2023 21:23:12 UTC] PHP Notice:  Trying to get property 'ID' of non-object in /home/u312518386/domains/chimpgroup.com/public_html/jobcareer/jobmap/wp-includes/link-template.php on line 441
[06-Jun-2023 21:23:12 UTC] PHP Notice:  Trying to get property 'ID' of non-object in /home/u312518386/domains/chimpgroup.com/public_html/jobcareer/jobmap/wp-includes/link-template.php on line 452
[06-Jun-2023 21:23:12 UTC] PHP Notice:  Trying to get property 'ID' of non-object in /home/u312518386/domains/chimpgroup.com/public_html/jobcareer/jobmap/wp-includes/link-template.php on line 405
[06-Jun-2023 21:23:12 UTC] PHP Notice:  Trying to get property 'ID' of non-object in /home/u312518386/domains/chimpgroup.com/public_html/jobcareer/jobmap/wp-includes/link-template.php on line 390
[06-Jun-2023 21:23:12 UTC] PHP Notice:  Trying to get property 'ID' of non-object in /home/u312518386/domains/chimpgroup.com/public_html/jobcareer/jobmap/wp-includes/link-template.php on line 441
[06-Jun-2023 21:23:12 UTC] PHP Notice:  Trying to get property 'ID' of non-object in /home/u312518386/domains/chimpgroup.com/public_html/jobcareer/jobmap/wp-includes/link-template.php on line 452
[06-Jun-2023 21:23:12 UTC] PHP Notice:  Trying to get property 'ID' of non-object in /home/u312518386/domains/chimpgroup.com/public_html/jobcareer/jobmap/wp-includes/link-template.php on line 405
[06-Jun-2023 21:23:12 UTC] PHP Notice:  Trying to get property 'ID' of non-object in /home/u312518386/domains/chimpgroup.com/public_html/jobcareer/jobmap/wp-includes/link-template.php on line 390
[06-Jun-2023 21:23:12 UTC] PHP Notice:  Trying to get property 'ID' of non-object in /home/u312518386/domains/chimpgroup.com/public_html/jobcareer/jobmap/wp-includes/link-template.php on line 441
[06-Jun-2023 21:23:12 UTC] PHP Notice:  Trying to get property 'ID' of non-object in /home/u312518386/domains/chimpgroup.com/public_html/jobcareer/jobmap/wp-includes/link-template.php on line 452
[06-Jun-2023 21:23:12 UTC] PHP Notice:  Trying to get property 'ID' of non-object in /home/u312518386/domains/chimpgroup.com/public_html/jobcareer/jobmap/wp-includes/link-template.php on line 405
[06-Jun-2023 21:23:12 UTC] PHP Notice:  Trying to get property 'ID' of non-object in /home/u312518386/domains/chimpgroup.com/public_html/jobcareer/jobmap/wp-includes/link-template.php on line 390
[06-Jun-2023 21:23:12 UTC] PHP Notice:  Trying to get property 'ID' of non-object in /home/u312518386/domains/chimpgroup.com/public_html/jobcareer/jobmap/wp-includes/link-template.php on line 441
[06-Jun-2023 21:23:12 UTC] PHP Notice:  Trying to get property 'ID' of non-object in /home/u312518386/domains/chimpgroup.com/public_html/jobcareer/jobmap/wp-includes/link-template.php on line 452
[06-Jun-2023 21:23:12 UTC] PHP Notice:  Trying to get property 'ID' of non-object in /home/u312518386/domains/chimpgroup.com/public_html/jobcareer/jobmap/wp-includes/link-template.php on line 405
[06-Jun-2023 21:23:12 UTC] PHP Notice:  Trying to get property 'ID' of non-object in /home/u312518386/domains/chimpgroup.com/public_html/jobcareer/jobmap/wp-includes/link-template.php on line 390
[06-Jun-2023 21:23:12 UTC] PHP Notice:  Trying to get property 'ID' of non-object in /home/u312518386/domains/chimpgroup.com/public_html/jobcareer/jobmap/wp-includes/link-template.php on line 441
[06-Jun-2023 21:23:12 UTC] PHP Notice:  Trying to get property 'ID' of non-object in /home/u312518386/domains/chimpgroup.com/public_html/jobcareer/jobmap/wp-includes/link-template.php on line 452
[06-Jun-2023 21:23:12 UTC] PHP Notice:  Trying to get property 'ID' of non-object in /home/u312518386/domains/chimpgroup.com/public_html/jobcareer/jobmap/wp-includes/link-template.php on line 405
[06-Jun-2023 21:23:12 UTC] PHP Notice:  Trying to get property 'ID' of non-object in /home/u312518386/domains/chimpgroup.com/public_html/jobcareer/jobmap/wp-includes/link-template.php on line 390
[06-Jun-2023 21:23:12 UTC] PHP Notice:  Trying to get property 'ID' of non-object in /home/u312518386/domains/chimpgroup.com/public_html/jobcareer/jobmap/wp-includes/link-template.php on line 441
[06-Jun-2023 21:23:12 UTC] PHP Notice:  Trying to get property 'ID' of non-object in /home/u312518386/domains/chimpgroup.com/public_html/jobcareer/jobmap/wp-includes/link-template.php on line 452
[06-Jun-2023 21:23:12 UTC] PHP Notice:  Trying to get property 'ID' of non-object in /home/u312518386/domains/chimpgroup.com/public_html/jobcareer/jobmap/wp-includes/link-template.php on line 405
[07-Jun-2023 02:49:14 UTC] PHP Warning:  Cannot modify header information - headers already sent in /home/u312518386/domains/chimpgroup.com/public_html/jobcareer/jobmap/wp-content/plugins/wp-jobhunt/api/jobs_api.php on line 2
[07-Jun-2023 02:49:14 UTC] PHP Warning:  Cannot modify header information - headers already sent in /home/u312518386/domains/chimpgroup.com/public_html/jobcareer/jobmap/wp-content/plugins/wp-jobhunt/api/home.php on line 2
[07-Jun-2023 05:57:11 UTC] PHP Warning:  Cannot modify header information - headers already sent in /home/u312518386/domains/chimpgroup.com/public_html/jobcareer/jobmap/wp-content/plugins/wp-jobhunt/api/jobs_api.php on line 2
[07-Jun-2023 05:57:11 UTC] PHP Warning:  Cannot modify header information - headers already sent in /home/u312518386/domains/chimpgroup.com/public_html/jobcareer/jobmap/wp-content/plugins/wp-jobhunt/api/home.php on line 2
[07-Jun-2023 05:57:22 UTC] PHP Notice:  Undefined variable: cs_jobs_thumb_url in /home/u312518386/domains/chimpgroup.com/public_html/jobcareer/jobmap/wp-content/plugins/wp-jobhunt/templates/elements/jobs-map/jobs-map-helper.php on line 348
[07-Jun-2023 06:11:00 UTC] PHP Warning:  Cannot modify header information - headers already sent in /home/u312518386/domains/chimpgroup.com/public_html/jobcareer/jobmap/wp-content/plugins/wp-jobhunt/api/jobs_api.php on line 2
[07-Jun-2023 06:11:00 UTC] PHP Warning:  Cannot modify header information - headers already sent in /home/u312518386/domains/chimpgroup.com/public_html/jobcareer/jobmap/wp-content/plugins/wp-jobhunt/api/home.php on line 2
[07-Jun-2023 06:41:47 UTC] PHP Notice:  Trying to get property 'ID' of non-object in /home/u312518386/domains/chimpgroup.com/public_html/jobcareer/jobmap/wp-includes/link-template.php on line 390
[07-Jun-2023 06:41:47 UTC] PHP Notice:  Trying to get property 'ID' of non-object in /home/u312518386/domains/chimpgroup.com/public_html/jobcareer/jobmap/wp-includes/link-template.php on line 441
[07-Jun-2023 06:41:47 UTC] PHP Notice:  Trying to get property 'ID' of non-object in /home/u312518386/domains/chimpgroup.com/public_html/jobcareer/jobmap/wp-includes/link-template.php on line 452
[07-Jun-2023 06:41:47 UTC] PHP Notice:  Trying to get property 'ID' of non-object in /home/u312518386/domains/chimpgroup.com/public_html/jobcareer/jobmap/wp-includes/link-template.php on line 405
[07-Jun-2023 06:41:47 UTC] PHP Notice:  Trying to get property 'ID' of non-object in /home/u312518386/domains/chimpgroup.com/public_html/jobcareer/jobmap/wp-includes/link-template.php on line 390
[07-Jun-2023 06:41:47 UTC] PHP Notice:  Trying to get property 'ID' of non-object in /home/u312518386/domains/chimpgroup.com/public_html/jobcareer/jobmap/wp-includes/link-template.php on line 441
[07-Jun-2023 06:41:47 UTC] PHP Notice:  Trying to get property 'ID' of non-object in /home/u312518386/domains/chimpgroup.com/public_html/jobcareer/jobmap/wp-includes/link-template.php on line 452
[07-Jun-2023 06:41:47 UTC] PHP Notice:  Trying to get property 'ID' of non-object in /home/u312518386/domains/chimpgroup.com/public_html/jobcareer/jobmap/wp-includes/link-template.php on line 405
[07-Jun-2023 06:41:47 UTC] PHP Notice:  Trying to get property 'ID' of non-object in /home/u312518386/domains/chimpgroup.com/public_html/jobcareer/jobmap/wp-includes/link-template.php on line 390
[07-Jun-2023 06:41:47 UTC] PHP Notice:  Trying to get property 'ID' of non-object in /home/u312518386/domains/chimpgroup.com/public_html/jobcareer/jobmap/wp-includes/link-template.php on line 441
[07-Jun-2023 06:41:47 UTC] PHP Notice:  Trying to get property 'ID' of non-object in /home/u312518386/domains/chimpgroup.com/public_html/jobcareer/jobmap/wp-includes/link-template.php on line 452
[07-Jun-2023 06:41:47 UTC] PHP Notice:  Trying to get property 'ID' of non-object in /home/u312518386/domains/chimpgroup.com/public_html/jobcareer/jobmap/wp-includes/link-template.php on line 405
[07-Jun-2023 06:41:47 UTC] PHP Notice:  Trying to get property 'ID' of non-object in /home/u312518386/domains/chimpgroup.com/public_html/jobcareer/jobmap/wp-includes/link-template.php on line 390
[07-Jun-2023 06:41:47 UTC] PHP Notice:  Trying to get property 'ID' of non-object in /home/u312518386/domains/chimpgroup.com/public_html/jobcareer/jobmap/wp-includes/link-template.php on line 441
[07-Jun-2023 06:41:47 UTC] PHP Notice:  Trying to get property 'ID' of non-object in /home/u312518386/domains/chimpgroup.com/public_html/jobcareer/jobmap/wp-includes/link-template.php on line 452
[07-Jun-2023 06:41:47 UTC] PHP Notice:  Trying to get property 'ID' of non-object in /home/u312518386/domains/chimpgroup.com/public_html/jobcareer/jobmap/wp-includes/link-template.php on line 405
[07-Jun-2023 06:41:47 UTC] PHP Notice:  Trying to get property 'ID' of non-object in /home/u312518386/domains/chimpgroup.com/public_html/jobcareer/jobmap/wp-includes/link-template.php on line 390
[07-Jun-2023 06:41:47 UTC] PHP Notice:  Trying to get property 'ID' of non-object in /home/u312518386/domains/chimpgroup.com/public_html/jobcareer/jobmap/wp-includes/link-template.php on line 441
[07-Jun-2023 06:41:47 UTC] PHP Notice:  Trying to get property 'ID' of non-object in /home/u312518386/domains/chimpgroup.com/public_html/jobcareer/jobmap/wp-includes/link-template.php on line 452
[07-Jun-2023 06:41:47 UTC] PHP Notice:  Trying to get property 'ID' of non-object in /home/u312518386/domains/chimpgroup.com/public_html/jobcareer/jobmap/wp-includes/link-template.php on line 405
[07-Jun-2023 06:41:47 UTC] PHP Notice:  Trying to get property 'ID' of non-object in /home/u312518386/domains/chimpgroup.com/public_html/jobcareer/jobmap/wp-includes/link-template.php on line 390
[07-Jun-2023 06:41:47 UTC] PHP Notice:  Trying to get property 'ID' of non-object in /home/u312518386/domains/chimpgroup.com/public_html/jobcareer/jobmap/wp-includes/link-template.php on line 441
[07-Jun-2023 06:41:47 UTC] PHP Notice:  Trying to get property 'ID' of non-object in /home/u312518386/domains/chimpgroup.com/public_html/jobcareer/jobmap/wp-includes/link-template.php on line 452
[07-Jun-2023 06:41:47 UTC] PHP Notice:  Trying to get property 'ID' of non-object in /home/u312518386/domains/chimpgroup.com/public_html/jobcareer/jobmap/wp-includes/link-template.php on line 405
[07-Jun-2023 06:42:06 UTC] PHP Notice:  Trying to get property 'ID' of non-object in /home/u312518386/domains/chimpgroup.com/public_html/jobcareer/jobmap/wp-includes/link-template.php on line 390
[07-Jun-2023 06:42:06 UTC] PHP Notice:  Trying to get property 'ID' of non-object in /home/u312518386/domains/chimpgroup.com/public_html/jobcareer/jobmap/wp-includes/link-template.php on line 441
[07-Jun-2023 06:42:06 UTC] PHP Notice:  Trying to get property 'ID' of non-object in /home/u312518386/domains/chimpgroup.com/public_html/jobcareer/jobmap/wp-includes/link-template.php on line 452
[07-Jun-2023 06:42:06 UTC] PHP Notice:  Trying to get property 'ID' of non-object in /home/u312518386/domains/chimpgroup.com/public_html/jobcareer/jobmap/wp-includes/link-template.php on line 405
[07-Jun-2023 06:42:06 UTC] PHP Notice:  Trying to get property 'ID' of non-object in /home/u312518386/domains/chimpgroup.com/public_html/jobcareer/jobmap/wp-includes/link-template.php on line 390
[07-Jun-2023 06:42:06 UTC] PHP Notice:  Trying to get property 'ID' of non-object in /home/u312518386/domains/chimpgroup.com/public_html/jobcareer/jobmap/wp-includes/link-template.php on line 441
[07-Jun-2023 06:42:06 UTC] PHP Notice:  Trying to get property 'ID' of non-object in /home/u312518386/domains/chimpgroup.com/public_html/jobcareer/jobmap/wp-includes/link-template.php on line 452
[07-Jun-2023 06:42:06 UTC] PHP Notice:  Trying to get property 'ID' of non-object in /home/u312518386/domains/chimpgroup.com/public_html/jobcareer/jobmap/wp-includes/link-template.php on line 405
[07-Jun-2023 06:42:06 UTC] PHP Notice:  Trying to get property 'ID' of non-object in /home/u312518386/domains/chimpgroup.com/public_html/jobcareer/jobmap/wp-includes/link-template.php on line 390
[07-Jun-2023 06:42:06 UTC] PHP Notice:  Trying to get property 'ID' of non-object in /home/u312518386/domains/chimpgroup.com/public_html/jobcareer/jobmap/wp-includes/link-template.php on line 441
[07-Jun-2023 06:42:06 UTC] PHP Notice:  Trying to get property 'ID' of non-object in /home/u312518386/domains/chimpgroup.com/public_html/jobcareer/jobmap/wp-includes/link-template.php on line 452
[07-Jun-2023 06:42:06 UTC] PHP Notice:  Trying to get property 'ID' of non-object in /home/u312518386/domains/chimpgroup.com/public_html/jobcareer/jobmap/wp-includes/link-template.php on line 405
[07-Jun-2023 06:42:06 UTC] PHP Notice:  Trying to get property 'ID' of non-object in /home/u312518386/domains/chimpgroup.com/public_html/jobcareer/jobmap/wp-includes/link-template.php on line 390
[07-Jun-2023 06:42:06 UTC] PHP Notice:  Trying to get property 'ID' of non-object in /home/u312518386/domains/chimpgroup.com/public_html/jobcareer/jobmap/wp-includes/link-template.php on line 441
[07-Jun-2023 06:42:06 UTC] PHP Notice:  Trying to get property 'ID' of non-object in /home/u312518386/domains/chimpgroup.com/public_html/jobcareer/jobmap/wp-includes/link-template.php on line 452
[07-Jun-2023 06:42:06 UTC] PHP Notice:  Trying to get property 'ID' of non-object in /home/u312518386/domains/chimpgroup.com/public_html/jobcareer/jobmap/wp-includes/link-template.php on line 405
[07-Jun-2023 06:42:06 UTC] PHP Notice:  Trying to get property 'ID' of non-object in /home/u312518386/domains/chimpgroup.com/public_html/jobcareer/jobmap/wp-includes/link-template.php on line 390
[07-Jun-2023 06:42:06 UTC] PHP Notice:  Trying to get property 'ID' of non-object in /home/u312518386/domains/chimpgroup.com/public_html/jobcareer/jobmap/wp-includes/link-template.php on line 441
[07-Jun-2023 06:42:06 UTC] PHP Notice:  Trying to get property 'ID' of non-object in /home/u312518386/domains/chimpgroup.com/public_html/jobcareer/jobmap/wp-includes/link-template.php on line 452
[07-Jun-2023 06:42:06 UTC] PHP Notice:  Trying to get property 'ID' of non-object in /home/u312518386/domains/chimpgroup.com/public_html/jobcareer/jobmap/wp-includes/link-template.php on line 405
[07-Jun-2023 06:42:06 UTC] PHP Notice:  Trying to get property 'ID' of non-object in /home/u312518386/domains/chimpgroup.com/public_html/jobcareer/jobmap/wp-includes/link-template.php on line 390
[07-Jun-2023 06:42:06 UTC] PHP Notice:  Trying to get property 'ID' of non-object in /home/u312518386/domains/chimpgroup.com/public_html/jobcareer/jobmap/wp-includes/link-template.php on line 441
[07-Jun-2023 06:42:06 UTC] PHP Notice:  Trying to get property 'ID' of non-object in /home/u312518386/domains/chimpgroup.com/public_html/jobcareer/jobmap/wp-includes/link-template.php on line 452
[07-Jun-2023 06:42:06 UTC] PHP Notice:  Trying to get property 'ID' of non-object in /home/u312518386/domains/chimpgroup.com/public_html/jobcareer/jobmap/wp-includes/link-template.php on line 405
[07-Jun-2023 16:57:56 UTC] PHP Warning:  Cannot modify header information - headers already sent in /home/u312518386/domains/chimpgroup.com/public_html/jobcareer/jobmap/wp-content/plugins/wp-jobhunt/api/jobs_api.php on line 2
[07-Jun-2023 16:57:56 UTC] PHP Warning:  Cannot modify header information - headers already sent in /home/u312518386/domains/chimpgroup.com/public_html/jobcareer/jobmap/wp-content/plugins/wp-jobhunt/api/home.php on line 2
[07-Jun-2023 18:00:43 UTC] PHP Warning:  Cannot modify header information - headers already sent in /home/u312518386/domains/chimpgroup.com/public_html/jobcareer/jobmap/wp-content/plugins/wp-jobhunt/api/jobs_api.php on line 2
[07-Jun-2023 18:00:43 UTC] PHP Warning:  Cannot modify header information - headers already sent in /home/u312518386/domains/chimpgroup.com/public_html/jobcareer/jobmap/wp-content/plugins/wp-jobhunt/api/home.php on line 2
[07-Jun-2023 19:24:33 UTC] PHP Warning:  Cannot modify header information - headers already sent in /home/u312518386/domains/chimpgroup.com/public_html/jobcareer/jobmap/wp-content/plugins/wp-jobhunt/api/jobs_api.php on line 2
[07-Jun-2023 19:24:33 UTC] PHP Warning:  Cannot modify header information - headers already sent in /home/u312518386/domains/chimpgroup.com/public_html/jobcareer/jobmap/wp-content/plugins/wp-jobhunt/api/home.php on line 2
[07-Jun-2023 19:24:35 UTC] PHP Notice:  Undefined variable: cs_jobs_thumb_url in /home/u312518386/domains/chimpgroup.com/public_html/jobcareer/jobmap/wp-content/plugins/wp-jobhunt/templates/elements/jobs-map/jobs-map-helper.php on line 348
[07-Jun-2023 22:30:54 UTC] PHP Warning:  Cannot modify header information - headers already sent in /home/u312518386/domains/chimpgroup.com/public_html/jobcareer/jobmap/wp-content/plugins/wp-jobhunt/api/jobs_api.php on line 2
[07-Jun-2023 22:30:54 UTC] PHP Warning:  Cannot modify header information - headers already sent in /home/u312518386/domains/chimpgroup.com/public_html/jobcareer/jobmap/wp-content/plugins/wp-jobhunt/api/home.php on line 2
[07-Jun-2023 23:55:05 UTC] PHP Warning:  Cannot modify header information - headers already sent in /home/u312518386/domains/chimpgroup.com/public_html/jobcareer/jobmap/wp-content/plugins/wp-jobhunt/api/jobs_api.php on line 2
[07-Jun-2023 23:55:05 UTC] PHP Warning:  Cannot modify header information - headers already sent in /home/u312518386/domains/chimpgroup.com/public_html/jobcareer/jobmap/wp-content/plugins/wp-jobhunt/api/home.php on line 2
[07-Jun-2023 23:55:05 UTC] PHP Notice:  Trying to get property 'ID' of non-object in /home/u312518386/domains/chimpgroup.com/public_html/jobcareer/jobmap/wp-includes/link-template.php on line 390
[07-Jun-2023 23:55:05 UTC] PHP Notice:  Trying to get property 'ID' of non-object in /home/u312518386/domains/chimpgroup.com/public_html/jobcareer/jobmap/wp-includes/link-template.php on line 441
[07-Jun-2023 23:55:05 UTC] PHP Notice:  Trying to get property 'ID' of non-object in /home/u312518386/domains/chimpgroup.com/public_html/jobcareer/jobmap/wp-includes/link-template.php on line 452
[07-Jun-2023 23:55:05 UTC] PHP Notice:  Trying to get property 'ID' of non-object in /home/u312518386/domains/chimpgroup.com/public_html/jobcareer/jobmap/wp-includes/link-template.php on line 405
[08-Jun-2023 00:23:38 UTC] PHP Warning:  Cannot modify header information - headers already sent in /home/u312518386/domains/chimpgroup.com/public_html/jobcareer/jobmap/wp-content/plugins/wp-jobhunt/api/jobs_api.php on line 2
[08-Jun-2023 00:23:38 UTC] PHP Warning:  Cannot modify header information - headers already sent in /home/u312518386/domains/chimpgroup.com/public_html/jobcareer/jobmap/wp-content/plugins/wp-jobhunt/api/home.php on line 2
[08-Jun-2023 04:39:23 UTC] PHP Warning:  Cannot modify header information - headers already sent in /home/u312518386/domains/chimpgroup.com/public_html/jobcareer/jobmap/wp-content/plugins/wp-jobhunt/api/jobs_api.php on line 2
[08-Jun-2023 04:39:23 UTC] PHP Warning:  Cannot modify header information - headers already sent in /home/u312518386/domains/chimpgroup.com/public_html/jobcareer/jobmap/wp-content/plugins/wp-jobhunt/api/home.php on line 2
[08-Jun-2023 04:39:29 UTC] PHP Notice:  Undefined variable: cs_jobs_thumb_url in /home/u312518386/domains/chimpgroup.com/public_html/jobcareer/jobmap/wp-content/plugins/wp-jobhunt/templates/elements/jobs-map/jobs-map-helper.php on line 348
