[03-Jun-2023 21:27:19 UTC] PHP Notice:  Function WP_Scripts::localize was called <strong>incorrectly</strong>. The <code>$l10n</code> parameter must be an array. To pass arbitrary data to scripts, use the <code>wp_add_inline_script()</code> function instead. Please see <a href="https://wordpress.org/documentation/article/debugging-in-wordpress/">Debugging in WordPress</a> for more information. (This message was added in version 5.7.0.) in /home/u312518386/domains/chimpgroup.com/public_html/jobcareer/frontdesk/wp-includes/functions.php on line 5865
[03-Jun-2023 21:27:19 UTC] PHP Warning:  Cannot modify header information - headers already sent in /home/u312518386/domains/chimpgroup.com/public_html/jobcareer/frontdesk/wp-content/plugins/wp-jobhunt/api/jobs_api.php on line 2
[03-Jun-2023 21:27:19 UTC] PHP Warning:  Cannot modify header information - headers already sent in /home/u312518386/domains/chimpgroup.com/public_html/jobcareer/frontdesk/wp-content/plugins/wp-jobhunt/api/home.php on line 2
[03-Jun-2023 21:27:33 UTC] PHP Notice:  Function WP_Scripts::localize was called <strong>incorrectly</strong>. The <code>$l10n</code> parameter must be an array. To pass arbitrary data to scripts, use the <code>wp_add_inline_script()</code> function instead. Please see <a href="https://wordpress.org/documentation/article/debugging-in-wordpress/">Debugging in WordPress</a> for more information. (This message was added in version 5.7.0.) in /home/u312518386/domains/chimpgroup.com/public_html/jobcareer/frontdesk/wp-includes/functions.php on line 5865
[03-Jun-2023 21:27:44 UTC] PHP Notice:  Function WP_Scripts::localize was called <strong>incorrectly</strong>. The <code>$l10n</code> parameter must be an array. To pass arbitrary data to scripts, use the <code>wp_add_inline_script()</code> function instead. Please see <a href="https://wordpress.org/documentation/article/debugging-in-wordpress/">Debugging in WordPress</a> for more information. (This message was added in version 5.7.0.) in /home/u312518386/domains/chimpgroup.com/public_html/jobcareer/frontdesk/wp-includes/functions.php on line 5865
[03-Jun-2023 21:27:44 UTC] PHP Warning:  Cannot modify header information - headers already sent by (output started at /home/u312518386/domains/chimpgroup.com/public_html/jobcareer/frontdesk/wp-includes/script-loader.php:2309) in /home/u312518386/domains/chimpgroup.com/public_html/jobcareer/frontdesk/wp-includes/pluggable.php on line 1427
[03-Jun-2023 21:27:44 UTC] PHP Warning:  Cannot modify header information - headers already sent by (output started at /home/u312518386/domains/chimpgroup.com/public_html/jobcareer/frontdesk/wp-includes/script-loader.php:2309) in /home/u312518386/domains/chimpgroup.com/public_html/jobcareer/frontdesk/wp-includes/pluggable.php on line 1430
[03-Jun-2023 21:28:06 UTC] PHP Notice:  Function WP_Scripts::localize was called <strong>incorrectly</strong>. The <code>$l10n</code> parameter must be an array. To pass arbitrary data to scripts, use the <code>wp_add_inline_script()</code> function instead. Please see <a href="https://wordpress.org/documentation/article/debugging-in-wordpress/">Debugging in WordPress</a> for more information. (This message was added in version 5.7.0.) in /home/u312518386/domains/chimpgroup.com/public_html/jobcareer/frontdesk/wp-includes/functions.php on line 5865
[03-Jun-2023 21:28:23 UTC] PHP Notice:  Function WP_Scripts::localize was called <strong>incorrectly</strong>. The <code>$l10n</code> parameter must be an array. To pass arbitrary data to scripts, use the <code>wp_add_inline_script()</code> function instead. Please see <a href="https://wordpress.org/documentation/article/debugging-in-wordpress/">Debugging in WordPress</a> for more information. (This message was added in version 5.7.0.) in /home/u312518386/domains/chimpgroup.com/public_html/jobcareer/frontdesk/wp-includes/functions.php on line 5865
[03-Jun-2023 21:28:23 UTC] PHP Warning:  Cannot modify header information - headers already sent in /home/u312518386/domains/chimpgroup.com/public_html/jobcareer/frontdesk/wp-content/plugins/wp-jobhunt/api/jobs_api.php on line 2
[03-Jun-2023 21:28:23 UTC] PHP Warning:  Cannot modify header information - headers already sent in /home/u312518386/domains/chimpgroup.com/public_html/jobcareer/frontdesk/wp-content/plugins/wp-jobhunt/api/home.php on line 2
[03-Jun-2023 21:29:01 UTC] PHP Notice:  Function WP_Scripts::localize was called <strong>incorrectly</strong>. The <code>$l10n</code> parameter must be an array. To pass arbitrary data to scripts, use the <code>wp_add_inline_script()</code> function instead. Please see <a href="https://wordpress.org/documentation/article/debugging-in-wordpress/">Debugging in WordPress</a> for more information. (This message was added in version 5.7.0.) in /home/u312518386/domains/chimpgroup.com/public_html/jobcareer/frontdesk/wp-includes/functions.php on line 5865
[03-Jun-2023 21:29:21 UTC] PHP Notice:  Undefined index: frontdesk in /home/u312518386/domains/chimpgroup.com/public_html/jobcareer/frontdesk/wp-content/plugins/cs-framework/include/cs-importer/theme_importer.php on line 960
[03-Jun-2023 21:29:21 UTC] PHP Warning:  Invalid argument supplied for foreach() in /home/u312518386/domains/chimpgroup.com/public_html/jobcareer/frontdesk/wp-content/plugins/cs-framework/include/cs-importer/theme_importer.php on line 961
[03-Jun-2023 21:29:26 UTC] PHP Deprecated:  Function get_page_by_title is <strong>deprecated</strong> since version 6.2.0! Use WP_Query instead. in /home/u312518386/domains/chimpgroup.com/public_html/jobcareer/frontdesk/wp-includes/functions.php on line 5413
[03-Jun-2023 21:29:26 UTC] PHP Fatal error:  Uncaught Error: Using $this when not in object context in /home/u312518386/domains/chimpgroup.com/public_html/jobcareer/frontdesk/wp-content/themes/jobcareer/backend/importer-hooks.php:128
Stack trace:
#0 /home/u312518386/domains/chimpgroup.com/public_html/jobcareer/frontdesk/wp-includes/class-wp-hook.php(308): cs_import_setup_pages_handle(Object(CS_Data_Importer))
#1 /home/u312518386/domains/chimpgroup.com/public_html/jobcareer/frontdesk/wp-includes/class-wp-hook.php(332): WP_Hook->apply_filters('', Array)
#2 /home/u312518386/domains/chimpgroup.com/public_html/jobcareer/frontdesk/wp-includes/plugin.php(517): WP_Hook->do_action(Array)
#3 /home/u312518386/domains/chimpgroup.com/public_html/jobcareer/frontdesk/wp-content/plugins/cs-framework/include/cs-importer/cs-data-importer.php(558): do_action('cs_import_setup...', Object(CS_Data_Importer))
#4 /home/u312518386/domains/chimpgroup.com/public_html/jobcareer/frontdesk/wp-content/plugins/cs-framework/include/cs-importer/cs-data-importer.php(214): CS_Data_Importe in /home/u312518386/domains/chimpgroup.com/public_html/jobcareer/frontdesk/wp-content/themes/jobcareer/backend/importer-hooks.php on line 128
[03-Jun-2023 21:29:27 UTC] PHP Warning:  Cannot modify header information - headers already sent in /home/u312518386/domains/chimpgroup.com/public_html/jobcareer/frontdesk/wp-content/plugins/wp-jobhunt/api/jobs_api.php on line 2
[03-Jun-2023 21:29:27 UTC] PHP Warning:  Cannot modify header information - headers already sent in /home/u312518386/domains/chimpgroup.com/public_html/jobcareer/frontdesk/wp-content/plugins/wp-jobhunt/api/home.php on line 2
[03-Jun-2023 21:31:06 UTC] PHP Warning:  Cannot modify header information - headers already sent in /home/u312518386/domains/chimpgroup.com/public_html/jobcareer/frontdesk/wp-content/plugins/wp-jobhunt/api/jobs_api.php on line 2
[03-Jun-2023 21:31:06 UTC] PHP Warning:  Cannot modify header information - headers already sent in /home/u312518386/domains/chimpgroup.com/public_html/jobcareer/frontdesk/wp-content/plugins/wp-jobhunt/api/home.php on line 2
[03-Jun-2023 21:31:42 UTC] PHP Notice:  Undefined variable: cs_jobs_thumb_url in /home/u312518386/domains/chimpgroup.com/public_html/jobcareer/frontdesk/wp-content/plugins/wp-jobhunt/widgets/featured-jobs.php on line 338
[03-Jun-2023 21:31:42 UTC] PHP Notice:  Undefined variable: cs_jobs_thumb_url in /home/u312518386/domains/chimpgroup.com/public_html/jobcareer/frontdesk/wp-content/plugins/wp-jobhunt/widgets/featured-jobs.php on line 338
[03-Jun-2023 21:31:49 UTC] PHP Notice:  Undefined variable: cs_jobs_thumb_url in /home/u312518386/domains/chimpgroup.com/public_html/jobcareer/frontdesk/wp-content/plugins/wp-jobhunt/widgets/featured-jobs.php on line 338
[03-Jun-2023 21:31:49 UTC] PHP Notice:  Undefined variable: cs_jobs_thumb_url in /home/u312518386/domains/chimpgroup.com/public_html/jobcareer/frontdesk/wp-content/plugins/wp-jobhunt/widgets/featured-jobs.php on line 338
[03-Jun-2023 21:32:13 UTC] PHP Notice:  Function WP_Scripts::localize was called <strong>incorrectly</strong>. The <code>$l10n</code> parameter must be an array. To pass arbitrary data to scripts, use the <code>wp_add_inline_script()</code> function instead. Please see <a href="https://wordpress.org/documentation/article/debugging-in-wordpress/">Debugging in WordPress</a> for more information. (This message was added in version 5.7.0.) in /home/u312518386/domains/chimpgroup.com/public_html/jobcareer/frontdesk/wp-includes/functions.php on line 5865
[03-Jun-2023 21:32:20 UTC] PHP Notice:  Function WP_Scripts::localize was called <strong>incorrectly</strong>. The <code>$l10n</code> parameter must be an array. To pass arbitrary data to scripts, use the <code>wp_add_inline_script()</code> function instead. Please see <a href="https://wordpress.org/documentation/article/debugging-in-wordpress/">Debugging in WordPress</a> for more information. (This message was added in version 5.7.0.) in /home/u312518386/domains/chimpgroup.com/public_html/jobcareer/frontdesk/wp-includes/functions.php on line 5865
[03-Jun-2023 21:32:44 UTC] PHP Notice:  Function WP_Scripts::localize was called <strong>incorrectly</strong>. The <code>$l10n</code> parameter must be an array. To pass arbitrary data to scripts, use the <code>wp_add_inline_script()</code> function instead. Please see <a href="https://wordpress.org/documentation/article/debugging-in-wordpress/">Debugging in WordPress</a> for more information. (This message was added in version 5.7.0.) in /home/u312518386/domains/chimpgroup.com/public_html/jobcareer/frontdesk/wp-includes/functions.php on line 5865
[03-Jun-2023 22:43:44 UTC] PHP Warning:  Cannot modify header information - headers already sent in /home/u312518386/domains/chimpgroup.com/public_html/jobcareer/frontdesk/wp-content/plugins/wp-jobhunt/api/jobs_api.php on line 2
[03-Jun-2023 22:43:44 UTC] PHP Warning:  Cannot modify header information - headers already sent in /home/u312518386/domains/chimpgroup.com/public_html/jobcareer/frontdesk/wp-content/plugins/wp-jobhunt/api/home.php on line 2
[03-Jun-2023 22:50:07 UTC] PHP Notice:  Undefined variable: cs_jobs_thumb_url in /home/u312518386/domains/chimpgroup.com/public_html/jobcareer/frontdesk/wp-content/plugins/wp-jobhunt/widgets/featured-jobs.php on line 338
[03-Jun-2023 22:50:07 UTC] PHP Notice:  Undefined variable: cs_jobs_thumb_url in /home/u312518386/domains/chimpgroup.com/public_html/jobcareer/frontdesk/wp-content/plugins/wp-jobhunt/widgets/featured-jobs.php on line 338
[03-Jun-2023 23:43:47 UTC] PHP Warning:  Cannot modify header information - headers already sent in /home/u312518386/domains/chimpgroup.com/public_html/jobcareer/frontdesk/wp-content/plugins/wp-jobhunt/api/jobs_api.php on line 2
[03-Jun-2023 23:43:47 UTC] PHP Warning:  Cannot modify header information - headers already sent in /home/u312518386/domains/chimpgroup.com/public_html/jobcareer/frontdesk/wp-content/plugins/wp-jobhunt/api/home.php on line 2
[04-Jun-2023 01:35:41 UTC] PHP Warning:  Cannot modify header information - headers already sent in /home/u312518386/domains/chimpgroup.com/public_html/jobcareer/frontdesk/wp-content/plugins/wp-jobhunt/api/jobs_api.php on line 2
[04-Jun-2023 01:35:41 UTC] PHP Warning:  Cannot modify header information - headers already sent in /home/u312518386/domains/chimpgroup.com/public_html/jobcareer/frontdesk/wp-content/plugins/wp-jobhunt/api/home.php on line 2
[04-Jun-2023 03:44:08 UTC] PHP Warning:  Cannot modify header information - headers already sent in /home/u312518386/domains/chimpgroup.com/public_html/jobcareer/frontdesk/wp-content/plugins/wp-jobhunt/api/jobs_api.php on line 2
[04-Jun-2023 03:44:08 UTC] PHP Warning:  Cannot modify header information - headers already sent in /home/u312518386/domains/chimpgroup.com/public_html/jobcareer/frontdesk/wp-content/plugins/wp-jobhunt/api/home.php on line 2
[04-Jun-2023 05:15:13 UTC] PHP Warning:  Cannot modify header information - headers already sent in /home/u312518386/domains/chimpgroup.com/public_html/jobcareer/frontdesk/wp-content/plugins/wp-jobhunt/api/jobs_api.php on line 2
[04-Jun-2023 05:15:13 UTC] PHP Warning:  Cannot modify header information - headers already sent in /home/u312518386/domains/chimpgroup.com/public_html/jobcareer/frontdesk/wp-content/plugins/wp-jobhunt/api/home.php on line 2
[04-Jun-2023 05:26:05 UTC] PHP Warning:  Cannot modify header information - headers already sent in /home/u312518386/domains/chimpgroup.com/public_html/jobcareer/frontdesk/wp-content/plugins/wp-jobhunt/api/jobs_api.php on line 2
[04-Jun-2023 05:26:05 UTC] PHP Warning:  Cannot modify header information - headers already sent in /home/u312518386/domains/chimpgroup.com/public_html/jobcareer/frontdesk/wp-content/plugins/wp-jobhunt/api/home.php on line 2
[04-Jun-2023 05:27:18 UTC] PHP Warning:  Cannot modify header information - headers already sent in /home/u312518386/domains/chimpgroup.com/public_html/jobcareer/frontdesk/wp-content/plugins/wp-jobhunt/api/jobs_api.php on line 2
[04-Jun-2023 05:27:18 UTC] PHP Warning:  Cannot modify header information - headers already sent in /home/u312518386/domains/chimpgroup.com/public_html/jobcareer/frontdesk/wp-content/plugins/wp-jobhunt/api/home.php on line 2
[04-Jun-2023 06:37:41 UTC] PHP Warning:  Cannot modify header information - headers already sent in /home/u312518386/domains/chimpgroup.com/public_html/jobcareer/frontdesk/wp-content/plugins/wp-jobhunt/api/jobs_api.php on line 2
[04-Jun-2023 06:37:41 UTC] PHP Warning:  Cannot modify header information - headers already sent in /home/u312518386/domains/chimpgroup.com/public_html/jobcareer/frontdesk/wp-content/plugins/wp-jobhunt/api/home.php on line 2
[04-Jun-2023 07:41:08 UTC] PHP Warning:  Cannot modify header information - headers already sent in /home/u312518386/domains/chimpgroup.com/public_html/jobcareer/frontdesk/wp-content/plugins/wp-jobhunt/api/jobs_api.php on line 2
[04-Jun-2023 07:41:08 UTC] PHP Warning:  Cannot modify header information - headers already sent in /home/u312518386/domains/chimpgroup.com/public_html/jobcareer/frontdesk/wp-content/plugins/wp-jobhunt/api/home.php on line 2
[04-Jun-2023 09:57:10 UTC] PHP Warning:  Cannot modify header information - headers already sent in /home/u312518386/domains/chimpgroup.com/public_html/jobcareer/frontdesk/wp-content/plugins/wp-jobhunt/api/jobs_api.php on line 2
[04-Jun-2023 09:57:10 UTC] PHP Warning:  Cannot modify header information - headers already sent in /home/u312518386/domains/chimpgroup.com/public_html/jobcareer/frontdesk/wp-content/plugins/wp-jobhunt/api/home.php on line 2
[04-Jun-2023 09:57:10 UTC] PHP Notice:  Undefined variable: cs_jobs_thumb_url in /home/u312518386/domains/chimpgroup.com/public_html/jobcareer/frontdesk/wp-content/plugins/wp-jobhunt/widgets/featured-jobs.php on line 338
[04-Jun-2023 09:57:10 UTC] PHP Notice:  Undefined variable: cs_jobs_thumb_url in /home/u312518386/domains/chimpgroup.com/public_html/jobcareer/frontdesk/wp-content/plugins/wp-jobhunt/widgets/featured-jobs.php on line 338
[04-Jun-2023 09:57:11 UTC] PHP Notice:  Undefined variable: cs_jobs_thumb_url in /home/u312518386/domains/chimpgroup.com/public_html/jobcareer/frontdesk/wp-content/plugins/wp-jobhunt/widgets/featured-jobs.php on line 338
[04-Jun-2023 09:57:11 UTC] PHP Notice:  Undefined variable: cs_jobs_thumb_url in /home/u312518386/domains/chimpgroup.com/public_html/jobcareer/frontdesk/wp-content/plugins/wp-jobhunt/widgets/featured-jobs.php on line 338
[04-Jun-2023 11:47:03 UTC] PHP Warning:  Cannot modify header information - headers already sent in /home/u312518386/domains/chimpgroup.com/public_html/jobcareer/frontdesk/wp-content/plugins/wp-jobhunt/api/jobs_api.php on line 2
[04-Jun-2023 11:47:03 UTC] PHP Warning:  Cannot modify header information - headers already sent in /home/u312518386/domains/chimpgroup.com/public_html/jobcareer/frontdesk/wp-content/plugins/wp-jobhunt/api/home.php on line 2
[04-Jun-2023 13:27:23 UTC] PHP Warning:  Cannot modify header information - headers already sent in /home/u312518386/domains/chimpgroup.com/public_html/jobcareer/frontdesk/wp-content/plugins/wp-jobhunt/api/jobs_api.php on line 2
[04-Jun-2023 13:27:23 UTC] PHP Warning:  Cannot modify header information - headers already sent in /home/u312518386/domains/chimpgroup.com/public_html/jobcareer/frontdesk/wp-content/plugins/wp-jobhunt/api/home.php on line 2
[04-Jun-2023 13:27:23 UTC] PHP Notice:  Undefined variable: cs_jobs_thumb_url in /home/u312518386/domains/chimpgroup.com/public_html/jobcareer/frontdesk/wp-content/plugins/wp-jobhunt/widgets/featured-jobs.php on line 338
[04-Jun-2023 13:27:23 UTC] PHP Notice:  Undefined variable: cs_jobs_thumb_url in /home/u312518386/domains/chimpgroup.com/public_html/jobcareer/frontdesk/wp-content/plugins/wp-jobhunt/widgets/featured-jobs.php on line 338
[04-Jun-2023 15:00:53 UTC] PHP Warning:  Cannot modify header information - headers already sent in /home/u312518386/domains/chimpgroup.com/public_html/jobcareer/frontdesk/wp-content/plugins/wp-jobhunt/api/jobs_api.php on line 2
[04-Jun-2023 15:00:53 UTC] PHP Warning:  Cannot modify header information - headers already sent in /home/u312518386/domains/chimpgroup.com/public_html/jobcareer/frontdesk/wp-content/plugins/wp-jobhunt/api/home.php on line 2
[04-Jun-2023 15:32:36 UTC] PHP Notice:  Undefined variable: cs_jobs_thumb_url in /home/u312518386/domains/chimpgroup.com/public_html/jobcareer/frontdesk/wp-content/plugins/wp-jobhunt/widgets/featured-jobs.php on line 338
[04-Jun-2023 15:32:36 UTC] PHP Notice:  Undefined variable: cs_jobs_thumb_url in /home/u312518386/domains/chimpgroup.com/public_html/jobcareer/frontdesk/wp-content/plugins/wp-jobhunt/widgets/featured-jobs.php on line 338
[04-Jun-2023 15:32:36 UTC] PHP Warning:  Cannot modify header information - headers already sent in /home/u312518386/domains/chimpgroup.com/public_html/jobcareer/frontdesk/wp-content/plugins/wp-jobhunt/api/jobs_api.php on line 2
[04-Jun-2023 15:32:36 UTC] PHP Warning:  Cannot modify header information - headers already sent in /home/u312518386/domains/chimpgroup.com/public_html/jobcareer/frontdesk/wp-content/plugins/wp-jobhunt/api/home.php on line 2
[04-Jun-2023 16:36:36 UTC] PHP Warning:  Cannot modify header information - headers already sent in /home/u312518386/domains/chimpgroup.com/public_html/jobcareer/frontdesk/wp-content/plugins/wp-jobhunt/api/jobs_api.php on line 2
[04-Jun-2023 16:36:36 UTC] PHP Warning:  Cannot modify header information - headers already sent in /home/u312518386/domains/chimpgroup.com/public_html/jobcareer/frontdesk/wp-content/plugins/wp-jobhunt/api/home.php on line 2
[04-Jun-2023 17:45:51 UTC] PHP Warning:  Cannot modify header information - headers already sent in /home/u312518386/domains/chimpgroup.com/public_html/jobcareer/frontdesk/wp-content/plugins/wp-jobhunt/api/jobs_api.php on line 2
[04-Jun-2023 17:45:51 UTC] PHP Warning:  Cannot modify header information - headers already sent in /home/u312518386/domains/chimpgroup.com/public_html/jobcareer/frontdesk/wp-content/plugins/wp-jobhunt/api/home.php on line 2
[04-Jun-2023 20:56:17 UTC] PHP Warning:  Cannot modify header information - headers already sent in /home/u312518386/domains/chimpgroup.com/public_html/jobcareer/frontdesk/wp-content/plugins/wp-jobhunt/api/jobs_api.php on line 2
[04-Jun-2023 20:56:17 UTC] PHP Warning:  Cannot modify header information - headers already sent in /home/u312518386/domains/chimpgroup.com/public_html/jobcareer/frontdesk/wp-content/plugins/wp-jobhunt/api/home.php on line 2
[04-Jun-2023 20:56:17 UTC] PHP Notice:  Undefined variable: cs_jobs_thumb_url in /home/u312518386/domains/chimpgroup.com/public_html/jobcareer/frontdesk/wp-content/plugins/wp-jobhunt/widgets/featured-jobs.php on line 338
[04-Jun-2023 20:56:17 UTC] PHP Notice:  Undefined variable: cs_jobs_thumb_url in /home/u312518386/domains/chimpgroup.com/public_html/jobcareer/frontdesk/wp-content/plugins/wp-jobhunt/widgets/featured-jobs.php on line 338
[04-Jun-2023 22:07:11 UTC] PHP Warning:  Cannot modify header information - headers already sent in /home/u312518386/domains/chimpgroup.com/public_html/jobcareer/frontdesk/wp-content/plugins/wp-jobhunt/api/jobs_api.php on line 2
[04-Jun-2023 22:07:11 UTC] PHP Warning:  Cannot modify header information - headers already sent in /home/u312518386/domains/chimpgroup.com/public_html/jobcareer/frontdesk/wp-content/plugins/wp-jobhunt/api/home.php on line 2
[04-Jun-2023 22:07:13 UTC] PHP Notice:  Undefined variable: cs_jobs_thumb_url in /home/u312518386/domains/chimpgroup.com/public_html/jobcareer/frontdesk/wp-content/plugins/wp-jobhunt/widgets/featured-jobs.php on line 338
[04-Jun-2023 22:07:13 UTC] PHP Notice:  Undefined variable: cs_jobs_thumb_url in /home/u312518386/domains/chimpgroup.com/public_html/jobcareer/frontdesk/wp-content/plugins/wp-jobhunt/widgets/featured-jobs.php on line 338
[04-Jun-2023 22:07:13 UTC] PHP Notice:  Undefined variable: cs_jobs_thumb_url in /home/u312518386/domains/chimpgroup.com/public_html/jobcareer/frontdesk/wp-content/plugins/wp-jobhunt/widgets/featured-jobs.php on line 338
[04-Jun-2023 22:07:13 UTC] PHP Notice:  Undefined variable: cs_jobs_thumb_url in /home/u312518386/domains/chimpgroup.com/public_html/jobcareer/frontdesk/wp-content/plugins/wp-jobhunt/widgets/featured-jobs.php on line 338
[04-Jun-2023 22:07:14 UTC] PHP Notice:  Undefined variable: cs_jobs_thumb_url in /home/u312518386/domains/chimpgroup.com/public_html/jobcareer/frontdesk/wp-content/plugins/wp-jobhunt/widgets/featured-jobs.php on line 338
[04-Jun-2023 22:07:14 UTC] PHP Notice:  Undefined variable: cs_jobs_thumb_url in /home/u312518386/domains/chimpgroup.com/public_html/jobcareer/frontdesk/wp-content/plugins/wp-jobhunt/widgets/featured-jobs.php on line 338
[04-Jun-2023 22:07:14 UTC] PHP Notice:  Undefined variable: cs_jobs_thumb_url in /home/u312518386/domains/chimpgroup.com/public_html/jobcareer/frontdesk/wp-content/plugins/wp-jobhunt/widgets/featured-jobs.php on line 338
[04-Jun-2023 22:07:14 UTC] PHP Notice:  Undefined variable: cs_jobs_thumb_url in /home/u312518386/domains/chimpgroup.com/public_html/jobcareer/frontdesk/wp-content/plugins/wp-jobhunt/widgets/featured-jobs.php on line 338
[04-Jun-2023 22:07:15 UTC] PHP Notice:  Undefined variable: cs_jobs_thumb_url in /home/u312518386/domains/chimpgroup.com/public_html/jobcareer/frontdesk/wp-content/plugins/wp-jobhunt/widgets/featured-jobs.php on line 338
[04-Jun-2023 22:07:15 UTC] PHP Notice:  Undefined variable: cs_jobs_thumb_url in /home/u312518386/domains/chimpgroup.com/public_html/jobcareer/frontdesk/wp-content/plugins/wp-jobhunt/widgets/featured-jobs.php on line 338
[04-Jun-2023 23:35:28 UTC] PHP Notice:  Undefined variable: cs_jobs_thumb_url in /home/u312518386/domains/chimpgroup.com/public_html/jobcareer/frontdesk/wp-content/plugins/wp-jobhunt/widgets/featured-jobs.php on line 338
[04-Jun-2023 23:35:28 UTC] PHP Notice:  Undefined variable: cs_jobs_thumb_url in /home/u312518386/domains/chimpgroup.com/public_html/jobcareer/frontdesk/wp-content/plugins/wp-jobhunt/widgets/featured-jobs.php on line 338
[04-Jun-2023 23:35:28 UTC] PHP Warning:  Cannot modify header information - headers already sent in /home/u312518386/domains/chimpgroup.com/public_html/jobcareer/frontdesk/wp-content/plugins/wp-jobhunt/api/jobs_api.php on line 2
[04-Jun-2023 23:35:28 UTC] PHP Warning:  Cannot modify header information - headers already sent in /home/u312518386/domains/chimpgroup.com/public_html/jobcareer/frontdesk/wp-content/plugins/wp-jobhunt/api/home.php on line 2
[05-Jun-2023 00:45:01 UTC] PHP Warning:  Cannot modify header information - headers already sent in /home/u312518386/domains/chimpgroup.com/public_html/jobcareer/frontdesk/wp-content/plugins/wp-jobhunt/api/jobs_api.php on line 2
[05-Jun-2023 00:45:01 UTC] PHP Warning:  Cannot modify header information - headers already sent in /home/u312518386/domains/chimpgroup.com/public_html/jobcareer/frontdesk/wp-content/plugins/wp-jobhunt/api/home.php on line 2
[05-Jun-2023 00:47:40 UTC] PHP Notice:  Undefined variable: cs_jobs_thumb_url in /home/u312518386/domains/chimpgroup.com/public_html/jobcareer/frontdesk/wp-content/plugins/wp-jobhunt/widgets/featured-jobs.php on line 338
[05-Jun-2023 00:47:40 UTC] PHP Notice:  Undefined variable: cs_jobs_thumb_url in /home/u312518386/domains/chimpgroup.com/public_html/jobcareer/frontdesk/wp-content/plugins/wp-jobhunt/widgets/featured-jobs.php on line 338
[05-Jun-2023 05:01:04 UTC] PHP Warning:  Cannot modify header information - headers already sent in /home/u312518386/domains/chimpgroup.com/public_html/jobcareer/frontdesk/wp-content/plugins/wp-jobhunt/api/jobs_api.php on line 2
[05-Jun-2023 05:01:04 UTC] PHP Warning:  Cannot modify header information - headers already sent in /home/u312518386/domains/chimpgroup.com/public_html/jobcareer/frontdesk/wp-content/plugins/wp-jobhunt/api/home.php on line 2
[05-Jun-2023 05:50:33 UTC] PHP Warning:  Cannot modify header information - headers already sent in /home/u312518386/domains/chimpgroup.com/public_html/jobcareer/frontdesk/wp-content/plugins/wp-jobhunt/api/jobs_api.php on line 2
[05-Jun-2023 05:50:33 UTC] PHP Warning:  Cannot modify header information - headers already sent in /home/u312518386/domains/chimpgroup.com/public_html/jobcareer/frontdesk/wp-content/plugins/wp-jobhunt/api/home.php on line 2
[05-Jun-2023 07:33:24 UTC] PHP Warning:  Cannot modify header information - headers already sent in /home/u312518386/domains/chimpgroup.com/public_html/jobcareer/frontdesk/wp-content/plugins/wp-jobhunt/api/jobs_api.php on line 2
[05-Jun-2023 07:33:24 UTC] PHP Warning:  Cannot modify header information - headers already sent in /home/u312518386/domains/chimpgroup.com/public_html/jobcareer/frontdesk/wp-content/plugins/wp-jobhunt/api/home.php on line 2
[05-Jun-2023 07:37:10 UTC] PHP Notice:  Undefined variable: cs_jobs_thumb_url in /home/u312518386/domains/chimpgroup.com/public_html/jobcareer/frontdesk/wp-content/plugins/wp-jobhunt/widgets/featured-jobs.php on line 338
[05-Jun-2023 07:37:10 UTC] PHP Notice:  Undefined variable: cs_jobs_thumb_url in /home/u312518386/domains/chimpgroup.com/public_html/jobcareer/frontdesk/wp-content/plugins/wp-jobhunt/widgets/featured-jobs.php on line 338
[05-Jun-2023 08:40:25 UTC] PHP Warning:  Cannot modify header information - headers already sent in /home/u312518386/domains/chimpgroup.com/public_html/jobcareer/frontdesk/wp-content/plugins/wp-jobhunt/api/jobs_api.php on line 2
[05-Jun-2023 08:40:25 UTC] PHP Warning:  Cannot modify header information - headers already sent in /home/u312518386/domains/chimpgroup.com/public_html/jobcareer/frontdesk/wp-content/plugins/wp-jobhunt/api/home.php on line 2
[05-Jun-2023 09:37:09 UTC] PHP Warning:  Cannot modify header information - headers already sent in /home/u312518386/domains/chimpgroup.com/public_html/jobcareer/frontdesk/wp-content/plugins/wp-jobhunt/api/jobs_api.php on line 2
[05-Jun-2023 09:37:09 UTC] PHP Warning:  Cannot modify header information - headers already sent in /home/u312518386/domains/chimpgroup.com/public_html/jobcareer/frontdesk/wp-content/plugins/wp-jobhunt/api/home.php on line 2
[05-Jun-2023 09:37:09 UTC] PHP Notice:  Undefined variable: cs_jobs_thumb_url in /home/u312518386/domains/chimpgroup.com/public_html/jobcareer/frontdesk/wp-content/plugins/wp-jobhunt/widgets/featured-jobs.php on line 338
[05-Jun-2023 09:37:09 UTC] PHP Notice:  Undefined variable: cs_jobs_thumb_url in /home/u312518386/domains/chimpgroup.com/public_html/jobcareer/frontdesk/wp-content/plugins/wp-jobhunt/widgets/featured-jobs.php on line 338
[05-Jun-2023 10:41:03 UTC] PHP Notice:  Undefined variable: cs_jobs_thumb_url in /home/u312518386/domains/chimpgroup.com/public_html/jobcareer/frontdesk/wp-content/plugins/wp-jobhunt/widgets/featured-jobs.php on line 338
[05-Jun-2023 10:41:03 UTC] PHP Notice:  Undefined variable: cs_jobs_thumb_url in /home/u312518386/domains/chimpgroup.com/public_html/jobcareer/frontdesk/wp-content/plugins/wp-jobhunt/widgets/featured-jobs.php on line 338
[05-Jun-2023 10:41:03 UTC] PHP Warning:  Cannot modify header information - headers already sent in /home/u312518386/domains/chimpgroup.com/public_html/jobcareer/frontdesk/wp-content/plugins/wp-jobhunt/api/jobs_api.php on line 2
[05-Jun-2023 10:41:03 UTC] PHP Warning:  Cannot modify header information - headers already sent in /home/u312518386/domains/chimpgroup.com/public_html/jobcareer/frontdesk/wp-content/plugins/wp-jobhunt/api/home.php on line 2
[05-Jun-2023 10:41:14 UTC] PHP Notice:  Undefined variable: cs_jobs_thumb_url in /home/u312518386/domains/chimpgroup.com/public_html/jobcareer/frontdesk/wp-content/plugins/wp-jobhunt/widgets/featured-jobs.php on line 338
[05-Jun-2023 10:41:14 UTC] PHP Notice:  Undefined variable: cs_jobs_thumb_url in /home/u312518386/domains/chimpgroup.com/public_html/jobcareer/frontdesk/wp-content/plugins/wp-jobhunt/widgets/featured-jobs.php on line 338
[05-Jun-2023 12:22:11 UTC] PHP Warning:  Cannot modify header information - headers already sent in /home/u312518386/domains/chimpgroup.com/public_html/jobcareer/frontdesk/wp-content/plugins/wp-jobhunt/api/jobs_api.php on line 2
[05-Jun-2023 12:22:11 UTC] PHP Warning:  Cannot modify header information - headers already sent in /home/u312518386/domains/chimpgroup.com/public_html/jobcareer/frontdesk/wp-content/plugins/wp-jobhunt/api/home.php on line 2
[05-Jun-2023 12:22:12 UTC] PHP Notice:  Undefined variable: cs_jobs_thumb_url in /home/u312518386/domains/chimpgroup.com/public_html/jobcareer/frontdesk/wp-content/plugins/wp-jobhunt/widgets/featured-jobs.php on line 338
[05-Jun-2023 12:22:12 UTC] PHP Notice:  Undefined variable: cs_jobs_thumb_url in /home/u312518386/domains/chimpgroup.com/public_html/jobcareer/frontdesk/wp-content/plugins/wp-jobhunt/widgets/featured-jobs.php on line 338
[05-Jun-2023 12:22:15 UTC] PHP Notice:  Undefined variable: cs_jobs_thumb_url in /home/u312518386/domains/chimpgroup.com/public_html/jobcareer/frontdesk/wp-content/plugins/wp-jobhunt/widgets/featured-jobs.php on line 338
[05-Jun-2023 12:22:15 UTC] PHP Notice:  Undefined variable: cs_jobs_thumb_url in /home/u312518386/domains/chimpgroup.com/public_html/jobcareer/frontdesk/wp-content/plugins/wp-jobhunt/widgets/featured-jobs.php on line 338
[05-Jun-2023 12:26:25 UTC] PHP Warning:  Cannot modify header information - headers already sent in /home/u312518386/domains/chimpgroup.com/public_html/jobcareer/frontdesk/wp-content/plugins/wp-jobhunt/api/jobs_api.php on line 2
[05-Jun-2023 12:26:25 UTC] PHP Warning:  Cannot modify header information - headers already sent in /home/u312518386/domains/chimpgroup.com/public_html/jobcareer/frontdesk/wp-content/plugins/wp-jobhunt/api/home.php on line 2
[05-Jun-2023 12:33:23 UTC] PHP Notice:  Undefined variable: cs_jobs_thumb_url in /home/u312518386/domains/chimpgroup.com/public_html/jobcareer/frontdesk/wp-content/plugins/wp-jobhunt/widgets/featured-jobs.php on line 338
[05-Jun-2023 12:33:23 UTC] PHP Notice:  Undefined variable: cs_jobs_thumb_url in /home/u312518386/domains/chimpgroup.com/public_html/jobcareer/frontdesk/wp-content/plugins/wp-jobhunt/widgets/featured-jobs.php on line 338
[05-Jun-2023 12:33:23 UTC] PHP Warning:  Cannot modify header information - headers already sent in /home/u312518386/domains/chimpgroup.com/public_html/jobcareer/frontdesk/wp-content/plugins/wp-jobhunt/api/jobs_api.php on line 2
[05-Jun-2023 12:33:23 UTC] PHP Warning:  Cannot modify header information - headers already sent in /home/u312518386/domains/chimpgroup.com/public_html/jobcareer/frontdesk/wp-content/plugins/wp-jobhunt/api/home.php on line 2
[05-Jun-2023 15:11:12 UTC] PHP Warning:  Cannot modify header information - headers already sent in /home/u312518386/domains/chimpgroup.com/public_html/jobcareer/frontdesk/wp-content/plugins/wp-jobhunt/api/jobs_api.php on line 2
[05-Jun-2023 15:11:12 UTC] PHP Warning:  Cannot modify header information - headers already sent in /home/u312518386/domains/chimpgroup.com/public_html/jobcareer/frontdesk/wp-content/plugins/wp-jobhunt/api/home.php on line 2
[05-Jun-2023 16:15:59 UTC] PHP Warning:  Cannot modify header information - headers already sent in /home/u312518386/domains/chimpgroup.com/public_html/jobcareer/frontdesk/wp-content/plugins/wp-jobhunt/api/jobs_api.php on line 2
[05-Jun-2023 16:15:59 UTC] PHP Warning:  Cannot modify header information - headers already sent in /home/u312518386/domains/chimpgroup.com/public_html/jobcareer/frontdesk/wp-content/plugins/wp-jobhunt/api/home.php on line 2
[05-Jun-2023 16:15:59 UTC] PHP Notice:  Undefined variable: cs_jobs_thumb_url in /home/u312518386/domains/chimpgroup.com/public_html/jobcareer/frontdesk/wp-content/plugins/wp-jobhunt/widgets/featured-jobs.php on line 338
[05-Jun-2023 16:15:59 UTC] PHP Notice:  Undefined variable: cs_jobs_thumb_url in /home/u312518386/domains/chimpgroup.com/public_html/jobcareer/frontdesk/wp-content/plugins/wp-jobhunt/widgets/featured-jobs.php on line 338
[05-Jun-2023 17:01:00 UTC] PHP Warning:  Cannot modify header information - headers already sent in /home/u312518386/domains/chimpgroup.com/public_html/jobcareer/frontdesk/wp-content/plugins/wp-jobhunt/api/jobs_api.php on line 2
[05-Jun-2023 17:01:00 UTC] PHP Warning:  Cannot modify header information - headers already sent in /home/u312518386/domains/chimpgroup.com/public_html/jobcareer/frontdesk/wp-content/plugins/wp-jobhunt/api/home.php on line 2
[05-Jun-2023 17:16:09 UTC] PHP Notice:  Undefined variable: cs_jobs_thumb_url in /home/u312518386/domains/chimpgroup.com/public_html/jobcareer/frontdesk/wp-content/plugins/wp-jobhunt/widgets/featured-jobs.php on line 338
[05-Jun-2023 17:16:09 UTC] PHP Notice:  Undefined variable: cs_jobs_thumb_url in /home/u312518386/domains/chimpgroup.com/public_html/jobcareer/frontdesk/wp-content/plugins/wp-jobhunt/widgets/featured-jobs.php on line 338
[05-Jun-2023 17:44:19 UTC] PHP Warning:  Cannot modify header information - headers already sent in /home/u312518386/domains/chimpgroup.com/public_html/jobcareer/frontdesk/wp-content/plugins/wp-jobhunt/api/jobs_api.php on line 2
[05-Jun-2023 17:44:19 UTC] PHP Warning:  Cannot modify header information - headers already sent in /home/u312518386/domains/chimpgroup.com/public_html/jobcareer/frontdesk/wp-content/plugins/wp-jobhunt/api/home.php on line 2
[05-Jun-2023 17:44:34 UTC] PHP Notice:  Undefined variable: cs_jobs_thumb_url in /home/u312518386/domains/chimpgroup.com/public_html/jobcareer/frontdesk/wp-content/plugins/wp-jobhunt/widgets/featured-jobs.php on line 338
[05-Jun-2023 17:44:34 UTC] PHP Notice:  Undefined variable: cs_jobs_thumb_url in /home/u312518386/domains/chimpgroup.com/public_html/jobcareer/frontdesk/wp-content/plugins/wp-jobhunt/widgets/featured-jobs.php on line 338
[05-Jun-2023 18:27:00 UTC] PHP Warning:  Cannot modify header information - headers already sent in /home/u312518386/domains/chimpgroup.com/public_html/jobcareer/frontdesk/wp-content/plugins/wp-jobhunt/api/jobs_api.php on line 2
[05-Jun-2023 18:27:00 UTC] PHP Warning:  Cannot modify header information - headers already sent in /home/u312518386/domains/chimpgroup.com/public_html/jobcareer/frontdesk/wp-content/plugins/wp-jobhunt/api/home.php on line 2
[05-Jun-2023 19:15:29 UTC] PHP Warning:  Cannot modify header information - headers already sent in /home/u312518386/domains/chimpgroup.com/public_html/jobcareer/frontdesk/wp-content/plugins/wp-jobhunt/api/jobs_api.php on line 2
[05-Jun-2023 19:15:29 UTC] PHP Warning:  Cannot modify header information - headers already sent in /home/u312518386/domains/chimpgroup.com/public_html/jobcareer/frontdesk/wp-content/plugins/wp-jobhunt/api/home.php on line 2
[05-Jun-2023 19:32:31 UTC] PHP Warning:  Cannot modify header information - headers already sent in /home/u312518386/domains/chimpgroup.com/public_html/jobcareer/frontdesk/wp-content/plugins/wp-jobhunt/api/jobs_api.php on line 2
[05-Jun-2023 19:32:31 UTC] PHP Warning:  Cannot modify header information - headers already sent in /home/u312518386/domains/chimpgroup.com/public_html/jobcareer/frontdesk/wp-content/plugins/wp-jobhunt/api/home.php on line 2
[05-Jun-2023 20:06:15 UTC] PHP Notice:  Undefined variable: cs_jobs_thumb_url in /home/u312518386/domains/chimpgroup.com/public_html/jobcareer/frontdesk/wp-content/plugins/wp-jobhunt/widgets/featured-jobs.php on line 338
[05-Jun-2023 20:06:15 UTC] PHP Notice:  Undefined variable: cs_jobs_thumb_url in /home/u312518386/domains/chimpgroup.com/public_html/jobcareer/frontdesk/wp-content/plugins/wp-jobhunt/widgets/featured-jobs.php on line 338
[05-Jun-2023 20:32:42 UTC] PHP Warning:  Cannot modify header information - headers already sent in /home/u312518386/domains/chimpgroup.com/public_html/jobcareer/frontdesk/wp-content/plugins/wp-jobhunt/api/jobs_api.php on line 2
[05-Jun-2023 20:32:42 UTC] PHP Warning:  Cannot modify header information - headers already sent in /home/u312518386/domains/chimpgroup.com/public_html/jobcareer/frontdesk/wp-content/plugins/wp-jobhunt/api/home.php on line 2
[05-Jun-2023 21:09:00 UTC] PHP Notice:  Undefined variable: cs_jobs_thumb_url in /home/u312518386/domains/chimpgroup.com/public_html/jobcareer/frontdesk/wp-content/plugins/wp-jobhunt/widgets/featured-jobs.php on line 338
[05-Jun-2023 21:09:00 UTC] PHP Notice:  Undefined variable: cs_jobs_thumb_url in /home/u312518386/domains/chimpgroup.com/public_html/jobcareer/frontdesk/wp-content/plugins/wp-jobhunt/widgets/featured-jobs.php on line 338
[05-Jun-2023 21:09:02 UTC] PHP Notice:  Undefined variable: cs_jobs_thumb_url in /home/u312518386/domains/chimpgroup.com/public_html/jobcareer/frontdesk/wp-content/plugins/wp-jobhunt/widgets/featured-jobs.php on line 338
[05-Jun-2023 21:09:02 UTC] PHP Notice:  Undefined variable: cs_jobs_thumb_url in /home/u312518386/domains/chimpgroup.com/public_html/jobcareer/frontdesk/wp-content/plugins/wp-jobhunt/widgets/featured-jobs.php on line 338
[05-Jun-2023 21:09:12 UTC] PHP Notice:  Undefined variable: cs_jobs_thumb_url in /home/u312518386/domains/chimpgroup.com/public_html/jobcareer/frontdesk/wp-content/plugins/wp-jobhunt/widgets/featured-jobs.php on line 338
[05-Jun-2023 21:09:12 UTC] PHP Notice:  Undefined variable: cs_jobs_thumb_url in /home/u312518386/domains/chimpgroup.com/public_html/jobcareer/frontdesk/wp-content/plugins/wp-jobhunt/widgets/featured-jobs.php on line 338
[05-Jun-2023 21:09:13 UTC] PHP Notice:  Undefined variable: cs_jobs_thumb_url in /home/u312518386/domains/chimpgroup.com/public_html/jobcareer/frontdesk/wp-content/plugins/wp-jobhunt/widgets/featured-jobs.php on line 338
[05-Jun-2023 21:09:13 UTC] PHP Notice:  Undefined variable: cs_jobs_thumb_url in /home/u312518386/domains/chimpgroup.com/public_html/jobcareer/frontdesk/wp-content/plugins/wp-jobhunt/widgets/featured-jobs.php on line 338
[05-Jun-2023 21:33:07 UTC] PHP Warning:  Cannot modify header information - headers already sent in /home/u312518386/domains/chimpgroup.com/public_html/jobcareer/frontdesk/wp-content/plugins/wp-jobhunt/api/jobs_api.php on line 2
[05-Jun-2023 21:33:07 UTC] PHP Warning:  Cannot modify header information - headers already sent in /home/u312518386/domains/chimpgroup.com/public_html/jobcareer/frontdesk/wp-content/plugins/wp-jobhunt/api/home.php on line 2
[05-Jun-2023 21:33:07 UTC] PHP Notice:  Undefined variable: cs_jobs_thumb_url in /home/u312518386/domains/chimpgroup.com/public_html/jobcareer/frontdesk/wp-content/plugins/wp-jobhunt/widgets/featured-jobs.php on line 338
[05-Jun-2023 21:33:07 UTC] PHP Notice:  Undefined variable: cs_jobs_thumb_url in /home/u312518386/domains/chimpgroup.com/public_html/jobcareer/frontdesk/wp-content/plugins/wp-jobhunt/widgets/featured-jobs.php on line 338
[05-Jun-2023 21:33:07 UTC] PHP Notice:  Undefined variable: cs_jobs_thumb_url in /home/u312518386/domains/chimpgroup.com/public_html/jobcareer/frontdesk/wp-content/plugins/wp-jobhunt/widgets/featured-jobs.php on line 338
[05-Jun-2023 21:33:07 UTC] PHP Notice:  Undefined variable: cs_jobs_thumb_url in /home/u312518386/domains/chimpgroup.com/public_html/jobcareer/frontdesk/wp-content/plugins/wp-jobhunt/widgets/featured-jobs.php on line 338
[05-Jun-2023 23:52:26 UTC] PHP Warning:  Cannot modify header information - headers already sent in /home/u312518386/domains/chimpgroup.com/public_html/jobcareer/frontdesk/wp-content/plugins/wp-jobhunt/api/jobs_api.php on line 2
[05-Jun-2023 23:52:26 UTC] PHP Warning:  Cannot modify header information - headers already sent in /home/u312518386/domains/chimpgroup.com/public_html/jobcareer/frontdesk/wp-content/plugins/wp-jobhunt/api/home.php on line 2
[06-Jun-2023 00:31:03 UTC] PHP Warning:  Cannot modify header information - headers already sent in /home/u312518386/domains/chimpgroup.com/public_html/jobcareer/frontdesk/wp-content/plugins/wp-jobhunt/api/jobs_api.php on line 2
[06-Jun-2023 00:31:03 UTC] PHP Warning:  Cannot modify header information - headers already sent in /home/u312518386/domains/chimpgroup.com/public_html/jobcareer/frontdesk/wp-content/plugins/wp-jobhunt/api/home.php on line 2
[06-Jun-2023 00:31:49 UTC] PHP Notice:  Undefined variable: cs_jobs_thumb_url in /home/u312518386/domains/chimpgroup.com/public_html/jobcareer/frontdesk/wp-content/plugins/wp-jobhunt/widgets/featured-jobs.php on line 338
[06-Jun-2023 00:31:49 UTC] PHP Notice:  Undefined variable: cs_jobs_thumb_url in /home/u312518386/domains/chimpgroup.com/public_html/jobcareer/frontdesk/wp-content/plugins/wp-jobhunt/widgets/featured-jobs.php on line 338
[06-Jun-2023 01:29:50 UTC] PHP Warning:  Cannot modify header information - headers already sent in /home/u312518386/domains/chimpgroup.com/public_html/jobcareer/frontdesk/wp-content/plugins/wp-jobhunt/api/jobs_api.php on line 2
[06-Jun-2023 01:29:50 UTC] PHP Warning:  Cannot modify header information - headers already sent in /home/u312518386/domains/chimpgroup.com/public_html/jobcareer/frontdesk/wp-content/plugins/wp-jobhunt/api/home.php on line 2
[06-Jun-2023 02:27:52 UTC] PHP Warning:  Cannot modify header information - headers already sent in /home/u312518386/domains/chimpgroup.com/public_html/jobcareer/frontdesk/wp-content/plugins/wp-jobhunt/api/jobs_api.php on line 2
[06-Jun-2023 02:27:52 UTC] PHP Warning:  Cannot modify header information - headers already sent in /home/u312518386/domains/chimpgroup.com/public_html/jobcareer/frontdesk/wp-content/plugins/wp-jobhunt/api/home.php on line 2
[06-Jun-2023 03:02:07 UTC] PHP Notice:  Undefined variable: cs_jobs_thumb_url in /home/u312518386/domains/chimpgroup.com/public_html/jobcareer/frontdesk/wp-content/plugins/wp-jobhunt/widgets/featured-jobs.php on line 338
[06-Jun-2023 03:02:07 UTC] PHP Notice:  Undefined variable: cs_jobs_thumb_url in /home/u312518386/domains/chimpgroup.com/public_html/jobcareer/frontdesk/wp-content/plugins/wp-jobhunt/widgets/featured-jobs.php on line 338
[06-Jun-2023 03:28:48 UTC] PHP Warning:  Cannot modify header information - headers already sent in /home/u312518386/domains/chimpgroup.com/public_html/jobcareer/frontdesk/wp-content/plugins/wp-jobhunt/api/jobs_api.php on line 2
[06-Jun-2023 03:28:48 UTC] PHP Warning:  Cannot modify header information - headers already sent in /home/u312518386/domains/chimpgroup.com/public_html/jobcareer/frontdesk/wp-content/plugins/wp-jobhunt/api/home.php on line 2
[06-Jun-2023 04:34:15 UTC] PHP Warning:  Cannot modify header information - headers already sent in /home/u312518386/domains/chimpgroup.com/public_html/jobcareer/frontdesk/wp-content/plugins/wp-jobhunt/api/jobs_api.php on line 2
[06-Jun-2023 04:34:15 UTC] PHP Warning:  Cannot modify header information - headers already sent in /home/u312518386/domains/chimpgroup.com/public_html/jobcareer/frontdesk/wp-content/plugins/wp-jobhunt/api/home.php on line 2
[06-Jun-2023 05:11:51 UTC] PHP Notice:  Undefined variable: cs_jobs_thumb_url in /home/u312518386/domains/chimpgroup.com/public_html/jobcareer/frontdesk/wp-content/plugins/wp-jobhunt/widgets/featured-jobs.php on line 338
[06-Jun-2023 05:11:51 UTC] PHP Notice:  Undefined variable: cs_jobs_thumb_url in /home/u312518386/domains/chimpgroup.com/public_html/jobcareer/frontdesk/wp-content/plugins/wp-jobhunt/widgets/featured-jobs.php on line 338
[06-Jun-2023 05:26:15 UTC] PHP Warning:  Cannot modify header information - headers already sent in /home/u312518386/domains/chimpgroup.com/public_html/jobcareer/frontdesk/wp-content/plugins/wp-jobhunt/api/jobs_api.php on line 2
[06-Jun-2023 05:26:15 UTC] PHP Warning:  Cannot modify header information - headers already sent in /home/u312518386/domains/chimpgroup.com/public_html/jobcareer/frontdesk/wp-content/plugins/wp-jobhunt/api/home.php on line 2
[06-Jun-2023 05:30:41 UTC] PHP Warning:  Cannot modify header information - headers already sent in /home/u312518386/domains/chimpgroup.com/public_html/jobcareer/frontdesk/wp-content/plugins/wp-jobhunt/api/jobs_api.php on line 2
[06-Jun-2023 05:30:41 UTC] PHP Warning:  Cannot modify header information - headers already sent in /home/u312518386/domains/chimpgroup.com/public_html/jobcareer/frontdesk/wp-content/plugins/wp-jobhunt/api/home.php on line 2
[06-Jun-2023 05:30:42 UTC] PHP Notice:  Undefined offset: 0 in /home/u312518386/domains/chimpgroup.com/public_html/jobcareer/frontdesk/wp-includes/plugin.php on line 1011
[06-Jun-2023 05:30:42 UTC] PHP Notice:  Undefined offset: 0 in /home/u312518386/domains/chimpgroup.com/public_html/jobcareer/frontdesk/wp-includes/plugin.php on line 1014
[06-Jun-2023 06:31:23 UTC] PHP Warning:  Cannot modify header information - headers already sent in /home/u312518386/domains/chimpgroup.com/public_html/jobcareer/frontdesk/wp-content/plugins/wp-jobhunt/api/jobs_api.php on line 2
[06-Jun-2023 06:31:23 UTC] PHP Warning:  Cannot modify header information - headers already sent in /home/u312518386/domains/chimpgroup.com/public_html/jobcareer/frontdesk/wp-content/plugins/wp-jobhunt/api/home.php on line 2
[06-Jun-2023 06:31:23 UTC] PHP Notice:  Undefined variable: cs_jobs_thumb_url in /home/u312518386/domains/chimpgroup.com/public_html/jobcareer/frontdesk/wp-content/plugins/wp-jobhunt/widgets/featured-jobs.php on line 338
[06-Jun-2023 06:31:23 UTC] PHP Notice:  Undefined variable: cs_jobs_thumb_url in /home/u312518386/domains/chimpgroup.com/public_html/jobcareer/frontdesk/wp-content/plugins/wp-jobhunt/widgets/featured-jobs.php on line 338
[06-Jun-2023 07:09:46 UTC] PHP Notice:  Undefined variable: cs_jobs_thumb_url in /home/u312518386/domains/chimpgroup.com/public_html/jobcareer/frontdesk/wp-content/plugins/wp-jobhunt/widgets/featured-jobs.php on line 338
[06-Jun-2023 07:09:46 UTC] PHP Notice:  Undefined variable: cs_jobs_thumb_url in /home/u312518386/domains/chimpgroup.com/public_html/jobcareer/frontdesk/wp-content/plugins/wp-jobhunt/widgets/featured-jobs.php on line 338
[06-Jun-2023 07:09:49 UTC] PHP Notice:  Undefined variable: cs_jobs_thumb_url in /home/u312518386/domains/chimpgroup.com/public_html/jobcareer/frontdesk/wp-content/plugins/wp-jobhunt/widgets/featured-jobs.php on line 338
[06-Jun-2023 07:09:49 UTC] PHP Notice:  Undefined variable: cs_jobs_thumb_url in /home/u312518386/domains/chimpgroup.com/public_html/jobcareer/frontdesk/wp-content/plugins/wp-jobhunt/widgets/featured-jobs.php on line 338
[06-Jun-2023 07:10:26 UTC] PHP Notice:  Undefined variable: cs_jobs_thumb_url in /home/u312518386/domains/chimpgroup.com/public_html/jobcareer/frontdesk/wp-content/plugins/wp-jobhunt/widgets/featured-jobs.php on line 338
[06-Jun-2023 07:10:26 UTC] PHP Notice:  Undefined variable: cs_jobs_thumb_url in /home/u312518386/domains/chimpgroup.com/public_html/jobcareer/frontdesk/wp-content/plugins/wp-jobhunt/widgets/featured-jobs.php on line 338
[06-Jun-2023 07:10:28 UTC] PHP Notice:  Undefined variable: cs_jobs_thumb_url in /home/u312518386/domains/chimpgroup.com/public_html/jobcareer/frontdesk/wp-content/plugins/wp-jobhunt/widgets/featured-jobs.php on line 338
[06-Jun-2023 07:10:28 UTC] PHP Notice:  Undefined variable: cs_jobs_thumb_url in /home/u312518386/domains/chimpgroup.com/public_html/jobcareer/frontdesk/wp-content/plugins/wp-jobhunt/widgets/featured-jobs.php on line 338
[06-Jun-2023 07:35:55 UTC] PHP Warning:  Cannot modify header information - headers already sent in /home/u312518386/domains/chimpgroup.com/public_html/jobcareer/frontdesk/wp-content/plugins/wp-jobhunt/api/jobs_api.php on line 2
[06-Jun-2023 07:35:55 UTC] PHP Warning:  Cannot modify header information - headers already sent in /home/u312518386/domains/chimpgroup.com/public_html/jobcareer/frontdesk/wp-content/plugins/wp-jobhunt/api/home.php on line 2
[06-Jun-2023 08:56:57 UTC] PHP Warning:  Cannot modify header information - headers already sent in /home/u312518386/domains/chimpgroup.com/public_html/jobcareer/frontdesk/wp-content/plugins/wp-jobhunt/api/jobs_api.php on line 2
[06-Jun-2023 08:56:57 UTC] PHP Warning:  Cannot modify header information - headers already sent in /home/u312518386/domains/chimpgroup.com/public_html/jobcareer/frontdesk/wp-content/plugins/wp-jobhunt/api/home.php on line 2
[06-Jun-2023 09:33:47 UTC] PHP Warning:  Cannot modify header information - headers already sent in /home/u312518386/domains/chimpgroup.com/public_html/jobcareer/frontdesk/wp-content/plugins/wp-jobhunt/api/jobs_api.php on line 2
[06-Jun-2023 09:33:47 UTC] PHP Warning:  Cannot modify header information - headers already sent in /home/u312518386/domains/chimpgroup.com/public_html/jobcareer/frontdesk/wp-content/plugins/wp-jobhunt/api/home.php on line 2
[06-Jun-2023 09:33:48 UTC] PHP Notice:  Undefined variable: cs_jobs_thumb_url in /home/u312518386/domains/chimpgroup.com/public_html/jobcareer/frontdesk/wp-content/plugins/wp-jobhunt/widgets/featured-jobs.php on line 338
[06-Jun-2023 09:33:48 UTC] PHP Notice:  Undefined variable: cs_jobs_thumb_url in /home/u312518386/domains/chimpgroup.com/public_html/jobcareer/frontdesk/wp-content/plugins/wp-jobhunt/widgets/featured-jobs.php on line 338
[06-Jun-2023 10:58:21 UTC] PHP Warning:  Cannot modify header information - headers already sent in /home/u312518386/domains/chimpgroup.com/public_html/jobcareer/frontdesk/wp-content/plugins/wp-jobhunt/api/jobs_api.php on line 2
[06-Jun-2023 10:58:21 UTC] PHP Warning:  Cannot modify header information - headers already sent in /home/u312518386/domains/chimpgroup.com/public_html/jobcareer/frontdesk/wp-content/plugins/wp-jobhunt/api/home.php on line 2
[06-Jun-2023 13:05:43 UTC] PHP Warning:  Cannot modify header information - headers already sent in /home/u312518386/domains/chimpgroup.com/public_html/jobcareer/frontdesk/wp-content/plugins/wp-jobhunt/api/jobs_api.php on line 2
[06-Jun-2023 13:05:43 UTC] PHP Warning:  Cannot modify header information - headers already sent in /home/u312518386/domains/chimpgroup.com/public_html/jobcareer/frontdesk/wp-content/plugins/wp-jobhunt/api/home.php on line 2
[06-Jun-2023 13:55:06 UTC] PHP Warning:  Cannot modify header information - headers already sent in /home/u312518386/domains/chimpgroup.com/public_html/jobcareer/frontdesk/wp-content/plugins/wp-jobhunt/api/jobs_api.php on line 2
[06-Jun-2023 13:55:06 UTC] PHP Warning:  Cannot modify header information - headers already sent in /home/u312518386/domains/chimpgroup.com/public_html/jobcareer/frontdesk/wp-content/plugins/wp-jobhunt/api/home.php on line 2
[06-Jun-2023 13:55:06 UTC] PHP Notice:  Undefined variable: cs_jobs_thumb_url in /home/u312518386/domains/chimpgroup.com/public_html/jobcareer/frontdesk/wp-content/plugins/wp-jobhunt/widgets/featured-jobs.php on line 338
[06-Jun-2023 13:55:06 UTC] PHP Notice:  Undefined variable: cs_jobs_thumb_url in /home/u312518386/domains/chimpgroup.com/public_html/jobcareer/frontdesk/wp-content/plugins/wp-jobhunt/widgets/featured-jobs.php on line 338
[06-Jun-2023 14:07:30 UTC] PHP Notice:  Undefined variable: cs_jobs_thumb_url in /home/u312518386/domains/chimpgroup.com/public_html/jobcareer/frontdesk/wp-content/plugins/wp-jobhunt/widgets/featured-jobs.php on line 338
[06-Jun-2023 14:07:30 UTC] PHP Notice:  Undefined variable: cs_jobs_thumb_url in /home/u312518386/domains/chimpgroup.com/public_html/jobcareer/frontdesk/wp-content/plugins/wp-jobhunt/widgets/featured-jobs.php on line 338
[06-Jun-2023 14:26:43 UTC] PHP Warning:  Cannot modify header information - headers already sent in /home/u312518386/domains/chimpgroup.com/public_html/jobcareer/frontdesk/wp-content/plugins/wp-jobhunt/api/jobs_api.php on line 2
[06-Jun-2023 14:26:43 UTC] PHP Warning:  Cannot modify header information - headers already sent in /home/u312518386/domains/chimpgroup.com/public_html/jobcareer/frontdesk/wp-content/plugins/wp-jobhunt/api/home.php on line 2
[06-Jun-2023 15:04:43 UTC] PHP Warning:  Cannot modify header information - headers already sent in /home/u312518386/domains/chimpgroup.com/public_html/jobcareer/frontdesk/wp-content/plugins/wp-jobhunt/api/jobs_api.php on line 2
[06-Jun-2023 15:04:43 UTC] PHP Warning:  Cannot modify header information - headers already sent in /home/u312518386/domains/chimpgroup.com/public_html/jobcareer/frontdesk/wp-content/plugins/wp-jobhunt/api/home.php on line 2
[06-Jun-2023 15:04:43 UTC] PHP Notice:  Undefined variable: cs_jobs_thumb_url in /home/u312518386/domains/chimpgroup.com/public_html/jobcareer/frontdesk/wp-content/plugins/wp-jobhunt/widgets/featured-jobs.php on line 338
[06-Jun-2023 15:04:43 UTC] PHP Notice:  Undefined variable: cs_jobs_thumb_url in /home/u312518386/domains/chimpgroup.com/public_html/jobcareer/frontdesk/wp-content/plugins/wp-jobhunt/widgets/featured-jobs.php on line 338
[06-Jun-2023 15:04:48 UTC] PHP Notice:  Undefined variable: cs_jobs_thumb_url in /home/u312518386/domains/chimpgroup.com/public_html/jobcareer/frontdesk/wp-content/plugins/wp-jobhunt/widgets/featured-jobs.php on line 338
[06-Jun-2023 15:04:48 UTC] PHP Notice:  Undefined variable: cs_jobs_thumb_url in /home/u312518386/domains/chimpgroup.com/public_html/jobcareer/frontdesk/wp-content/plugins/wp-jobhunt/widgets/featured-jobs.php on line 338
[06-Jun-2023 15:41:03 UTC] PHP Notice:  Undefined variable: cs_jobs_thumb_url in /home/u312518386/domains/chimpgroup.com/public_html/jobcareer/frontdesk/wp-content/plugins/wp-jobhunt/widgets/featured-jobs.php on line 338
[06-Jun-2023 15:41:03 UTC] PHP Notice:  Undefined variable: cs_jobs_thumb_url in /home/u312518386/domains/chimpgroup.com/public_html/jobcareer/frontdesk/wp-content/plugins/wp-jobhunt/widgets/featured-jobs.php on line 338
[06-Jun-2023 15:41:03 UTC] PHP Warning:  Cannot modify header information - headers already sent in /home/u312518386/domains/chimpgroup.com/public_html/jobcareer/frontdesk/wp-content/plugins/wp-jobhunt/api/jobs_api.php on line 2
[06-Jun-2023 15:41:03 UTC] PHP Warning:  Cannot modify header information - headers already sent in /home/u312518386/domains/chimpgroup.com/public_html/jobcareer/frontdesk/wp-content/plugins/wp-jobhunt/api/home.php on line 2
[06-Jun-2023 15:41:27 UTC] PHP Notice:  Undefined variable: cs_jobs_thumb_url in /home/u312518386/domains/chimpgroup.com/public_html/jobcareer/frontdesk/wp-content/plugins/wp-jobhunt/widgets/featured-jobs.php on line 338
[06-Jun-2023 15:41:27 UTC] PHP Notice:  Undefined variable: cs_jobs_thumb_url in /home/u312518386/domains/chimpgroup.com/public_html/jobcareer/frontdesk/wp-content/plugins/wp-jobhunt/widgets/featured-jobs.php on line 338
[06-Jun-2023 17:17:35 UTC] PHP Warning:  Cannot modify header information - headers already sent in /home/u312518386/domains/chimpgroup.com/public_html/jobcareer/frontdesk/wp-content/plugins/wp-jobhunt/api/jobs_api.php on line 2
[06-Jun-2023 17:17:35 UTC] PHP Warning:  Cannot modify header information - headers already sent in /home/u312518386/domains/chimpgroup.com/public_html/jobcareer/frontdesk/wp-content/plugins/wp-jobhunt/api/home.php on line 2
[06-Jun-2023 18:18:47 UTC] PHP Warning:  Cannot modify header information - headers already sent in /home/u312518386/domains/chimpgroup.com/public_html/jobcareer/frontdesk/wp-content/plugins/wp-jobhunt/api/jobs_api.php on line 2
[06-Jun-2023 18:18:47 UTC] PHP Warning:  Cannot modify header information - headers already sent in /home/u312518386/domains/chimpgroup.com/public_html/jobcareer/frontdesk/wp-content/plugins/wp-jobhunt/api/home.php on line 2
[06-Jun-2023 19:36:25 UTC] PHP Warning:  Cannot modify header information - headers already sent in /home/u312518386/domains/chimpgroup.com/public_html/jobcareer/frontdesk/wp-content/plugins/wp-jobhunt/api/jobs_api.php on line 2
[06-Jun-2023 19:36:25 UTC] PHP Warning:  Cannot modify header information - headers already sent in /home/u312518386/domains/chimpgroup.com/public_html/jobcareer/frontdesk/wp-content/plugins/wp-jobhunt/api/home.php on line 2
[06-Jun-2023 20:28:10 UTC] PHP Warning:  Cannot modify header information - headers already sent in /home/u312518386/domains/chimpgroup.com/public_html/jobcareer/frontdesk/wp-content/plugins/wp-jobhunt/api/jobs_api.php on line 2
[06-Jun-2023 20:28:10 UTC] PHP Warning:  Cannot modify header information - headers already sent in /home/u312518386/domains/chimpgroup.com/public_html/jobcareer/frontdesk/wp-content/plugins/wp-jobhunt/api/home.php on line 2
[06-Jun-2023 22:01:38 UTC] PHP Warning:  Cannot modify header information - headers already sent in /home/u312518386/domains/chimpgroup.com/public_html/jobcareer/frontdesk/wp-content/plugins/wp-jobhunt/api/jobs_api.php on line 2
[06-Jun-2023 22:01:38 UTC] PHP Warning:  Cannot modify header information - headers already sent in /home/u312518386/domains/chimpgroup.com/public_html/jobcareer/frontdesk/wp-content/plugins/wp-jobhunt/api/home.php on line 2
[06-Jun-2023 22:01:38 UTC] PHP Notice:  Undefined variable: cs_jobs_thumb_url in /home/u312518386/domains/chimpgroup.com/public_html/jobcareer/frontdesk/wp-content/plugins/wp-jobhunt/widgets/featured-jobs.php on line 338
[06-Jun-2023 22:01:38 UTC] PHP Notice:  Undefined variable: cs_jobs_thumb_url in /home/u312518386/domains/chimpgroup.com/public_html/jobcareer/frontdesk/wp-content/plugins/wp-jobhunt/widgets/featured-jobs.php on line 338
[06-Jun-2023 22:27:05 UTC] PHP Warning:  Cannot modify header information - headers already sent in /home/u312518386/domains/chimpgroup.com/public_html/jobcareer/frontdesk/wp-content/plugins/wp-jobhunt/api/jobs_api.php on line 2
[06-Jun-2023 22:27:05 UTC] PHP Warning:  Cannot modify header information - headers already sent in /home/u312518386/domains/chimpgroup.com/public_html/jobcareer/frontdesk/wp-content/plugins/wp-jobhunt/api/home.php on line 2
[06-Jun-2023 23:22:14 UTC] PHP Warning:  Cannot modify header information - headers already sent in /home/u312518386/domains/chimpgroup.com/public_html/jobcareer/frontdesk/wp-content/plugins/wp-jobhunt/api/jobs_api.php on line 2
[06-Jun-2023 23:22:14 UTC] PHP Warning:  Cannot modify header information - headers already sent in /home/u312518386/domains/chimpgroup.com/public_html/jobcareer/frontdesk/wp-content/plugins/wp-jobhunt/api/home.php on line 2
[06-Jun-2023 23:39:49 UTC] PHP Warning:  Cannot modify header information - headers already sent in /home/u312518386/domains/chimpgroup.com/public_html/jobcareer/frontdesk/wp-content/plugins/wp-jobhunt/api/jobs_api.php on line 2
[06-Jun-2023 23:39:49 UTC] PHP Warning:  Cannot modify header information - headers already sent in /home/u312518386/domains/chimpgroup.com/public_html/jobcareer/frontdesk/wp-content/plugins/wp-jobhunt/api/home.php on line 2
[07-Jun-2023 01:33:06 UTC] PHP Warning:  Cannot modify header information - headers already sent in /home/u312518386/domains/chimpgroup.com/public_html/jobcareer/frontdesk/wp-content/plugins/wp-jobhunt/api/jobs_api.php on line 2
[07-Jun-2023 01:33:06 UTC] PHP Warning:  Cannot modify header information - headers already sent in /home/u312518386/domains/chimpgroup.com/public_html/jobcareer/frontdesk/wp-content/plugins/wp-jobhunt/api/home.php on line 2
[07-Jun-2023 03:44:00 UTC] PHP Warning:  Cannot modify header information - headers already sent in /home/u312518386/domains/chimpgroup.com/public_html/jobcareer/frontdesk/wp-content/plugins/wp-jobhunt/api/jobs_api.php on line 2
[07-Jun-2023 03:44:00 UTC] PHP Warning:  Cannot modify header information - headers already sent in /home/u312518386/domains/chimpgroup.com/public_html/jobcareer/frontdesk/wp-content/plugins/wp-jobhunt/api/home.php on line 2
[07-Jun-2023 06:33:23 UTC] PHP Warning:  Cannot modify header information - headers already sent in /home/u312518386/domains/chimpgroup.com/public_html/jobcareer/frontdesk/wp-content/plugins/wp-jobhunt/api/jobs_api.php on line 2
[07-Jun-2023 06:33:23 UTC] PHP Warning:  Cannot modify header information - headers already sent in /home/u312518386/domains/chimpgroup.com/public_html/jobcareer/frontdesk/wp-content/plugins/wp-jobhunt/api/home.php on line 2
[07-Jun-2023 06:33:23 UTC] PHP Notice:  Undefined variable: cs_jobs_thumb_url in /home/u312518386/domains/chimpgroup.com/public_html/jobcareer/frontdesk/wp-content/plugins/wp-jobhunt/widgets/featured-jobs.php on line 338
[07-Jun-2023 06:33:23 UTC] PHP Notice:  Undefined variable: cs_jobs_thumb_url in /home/u312518386/domains/chimpgroup.com/public_html/jobcareer/frontdesk/wp-content/plugins/wp-jobhunt/widgets/featured-jobs.php on line 338
[07-Jun-2023 06:33:25 UTC] PHP Notice:  Undefined variable: cs_jobs_thumb_url in /home/u312518386/domains/chimpgroup.com/public_html/jobcareer/frontdesk/wp-content/plugins/wp-jobhunt/widgets/featured-jobs.php on line 338
[07-Jun-2023 06:33:25 UTC] PHP Notice:  Undefined variable: cs_jobs_thumb_url in /home/u312518386/domains/chimpgroup.com/public_html/jobcareer/frontdesk/wp-content/plugins/wp-jobhunt/widgets/featured-jobs.php on line 338
[07-Jun-2023 10:52:53 UTC] PHP Warning:  Cannot modify header information - headers already sent in /home/u312518386/domains/chimpgroup.com/public_html/jobcareer/frontdesk/wp-content/plugins/wp-jobhunt/api/jobs_api.php on line 2
[07-Jun-2023 10:52:53 UTC] PHP Warning:  Cannot modify header information - headers already sent in /home/u312518386/domains/chimpgroup.com/public_html/jobcareer/frontdesk/wp-content/plugins/wp-jobhunt/api/home.php on line 2
[07-Jun-2023 10:52:54 UTC] PHP Notice:  Undefined variable: cs_jobs_thumb_url in /home/u312518386/domains/chimpgroup.com/public_html/jobcareer/frontdesk/wp-content/plugins/wp-jobhunt/widgets/featured-jobs.php on line 338
[07-Jun-2023 10:52:54 UTC] PHP Notice:  Undefined variable: cs_jobs_thumb_url in /home/u312518386/domains/chimpgroup.com/public_html/jobcareer/frontdesk/wp-content/plugins/wp-jobhunt/widgets/featured-jobs.php on line 338
[07-Jun-2023 10:55:54 UTC] PHP Notice:  Undefined variable: cs_jobs_thumb_url in /home/u312518386/domains/chimpgroup.com/public_html/jobcareer/frontdesk/wp-content/plugins/wp-jobhunt/widgets/featured-jobs.php on line 338
[07-Jun-2023 10:55:54 UTC] PHP Notice:  Undefined variable: cs_jobs_thumb_url in /home/u312518386/domains/chimpgroup.com/public_html/jobcareer/frontdesk/wp-content/plugins/wp-jobhunt/widgets/featured-jobs.php on line 338
[07-Jun-2023 11:57:56 UTC] PHP Warning:  Cannot modify header information - headers already sent in /home/u312518386/domains/chimpgroup.com/public_html/jobcareer/frontdesk/wp-content/plugins/wp-jobhunt/api/jobs_api.php on line 2
[07-Jun-2023 11:57:56 UTC] PHP Warning:  Cannot modify header information - headers already sent in /home/u312518386/domains/chimpgroup.com/public_html/jobcareer/frontdesk/wp-content/plugins/wp-jobhunt/api/home.php on line 2
[07-Jun-2023 12:38:35 UTC] PHP Warning:  Cannot modify header information - headers already sent in /home/u312518386/domains/chimpgroup.com/public_html/jobcareer/frontdesk/wp-content/plugins/wp-jobhunt/api/jobs_api.php on line 2
[07-Jun-2023 12:38:35 UTC] PHP Warning:  Cannot modify header information - headers already sent in /home/u312518386/domains/chimpgroup.com/public_html/jobcareer/frontdesk/wp-content/plugins/wp-jobhunt/api/home.php on line 2
[07-Jun-2023 13:33:59 UTC] PHP Warning:  Cannot modify header information - headers already sent in /home/u312518386/domains/chimpgroup.com/public_html/jobcareer/frontdesk/wp-content/plugins/wp-jobhunt/api/jobs_api.php on line 2
[07-Jun-2023 13:33:59 UTC] PHP Warning:  Cannot modify header information - headers already sent in /home/u312518386/domains/chimpgroup.com/public_html/jobcareer/frontdesk/wp-content/plugins/wp-jobhunt/api/home.php on line 2
[07-Jun-2023 13:33:59 UTC] PHP Notice:  Undefined variable: cs_jobs_thumb_url in /home/u312518386/domains/chimpgroup.com/public_html/jobcareer/frontdesk/wp-content/plugins/wp-jobhunt/widgets/featured-jobs.php on line 338
[07-Jun-2023 13:33:59 UTC] PHP Notice:  Undefined variable: cs_jobs_thumb_url in /home/u312518386/domains/chimpgroup.com/public_html/jobcareer/frontdesk/wp-content/plugins/wp-jobhunt/widgets/featured-jobs.php on line 338
[07-Jun-2023 15:56:16 UTC] PHP Warning:  Cannot modify header information - headers already sent in /home/u312518386/domains/chimpgroup.com/public_html/jobcareer/frontdesk/wp-content/plugins/wp-jobhunt/api/jobs_api.php on line 2
[07-Jun-2023 15:56:16 UTC] PHP Warning:  Cannot modify header information - headers already sent in /home/u312518386/domains/chimpgroup.com/public_html/jobcareer/frontdesk/wp-content/plugins/wp-jobhunt/api/home.php on line 2
[07-Jun-2023 18:40:27 UTC] PHP Warning:  Cannot modify header information - headers already sent in /home/u312518386/domains/chimpgroup.com/public_html/jobcareer/frontdesk/wp-content/plugins/wp-jobhunt/api/jobs_api.php on line 2
[07-Jun-2023 18:40:27 UTC] PHP Warning:  Cannot modify header information - headers already sent in /home/u312518386/domains/chimpgroup.com/public_html/jobcareer/frontdesk/wp-content/plugins/wp-jobhunt/api/home.php on line 2
[07-Jun-2023 18:40:27 UTC] PHP Notice:  Undefined variable: cs_jobs_thumb_url in /home/u312518386/domains/chimpgroup.com/public_html/jobcareer/frontdesk/wp-content/plugins/wp-jobhunt/widgets/featured-jobs.php on line 338
[07-Jun-2023 18:40:27 UTC] PHP Notice:  Undefined variable: cs_jobs_thumb_url in /home/u312518386/domains/chimpgroup.com/public_html/jobcareer/frontdesk/wp-content/plugins/wp-jobhunt/widgets/featured-jobs.php on line 338
[07-Jun-2023 19:55:41 UTC] PHP Warning:  Cannot modify header information - headers already sent in /home/u312518386/domains/chimpgroup.com/public_html/jobcareer/frontdesk/wp-content/plugins/wp-jobhunt/api/jobs_api.php on line 2
[07-Jun-2023 19:55:41 UTC] PHP Warning:  Cannot modify header information - headers already sent in /home/u312518386/domains/chimpgroup.com/public_html/jobcareer/frontdesk/wp-content/plugins/wp-jobhunt/api/home.php on line 2
[07-Jun-2023 20:51:14 UTC] PHP Notice:  Undefined variable: cs_jobs_thumb_url in /home/u312518386/domains/chimpgroup.com/public_html/jobcareer/frontdesk/wp-content/plugins/wp-jobhunt/widgets/featured-jobs.php on line 338
[07-Jun-2023 20:51:14 UTC] PHP Notice:  Undefined variable: cs_jobs_thumb_url in /home/u312518386/domains/chimpgroup.com/public_html/jobcareer/frontdesk/wp-content/plugins/wp-jobhunt/widgets/featured-jobs.php on line 338
[07-Jun-2023 20:51:14 UTC] PHP Warning:  Cannot modify header information - headers already sent in /home/u312518386/domains/chimpgroup.com/public_html/jobcareer/frontdesk/wp-content/plugins/wp-jobhunt/api/jobs_api.php on line 2
[07-Jun-2023 20:51:14 UTC] PHP Warning:  Cannot modify header information - headers already sent in /home/u312518386/domains/chimpgroup.com/public_html/jobcareer/frontdesk/wp-content/plugins/wp-jobhunt/api/home.php on line 2
[07-Jun-2023 21:53:20 UTC] PHP Warning:  Cannot modify header information - headers already sent in /home/u312518386/domains/chimpgroup.com/public_html/jobcareer/frontdesk/wp-content/plugins/wp-jobhunt/api/jobs_api.php on line 2
[07-Jun-2023 21:53:20 UTC] PHP Warning:  Cannot modify header information - headers already sent in /home/u312518386/domains/chimpgroup.com/public_html/jobcareer/frontdesk/wp-content/plugins/wp-jobhunt/api/home.php on line 2
[07-Jun-2023 21:53:20 UTC] PHP Notice:  Undefined variable: cs_jobs_thumb_url in /home/u312518386/domains/chimpgroup.com/public_html/jobcareer/frontdesk/wp-content/plugins/wp-jobhunt/widgets/featured-jobs.php on line 338
[07-Jun-2023 21:53:20 UTC] PHP Notice:  Undefined variable: cs_jobs_thumb_url in /home/u312518386/domains/chimpgroup.com/public_html/jobcareer/frontdesk/wp-content/plugins/wp-jobhunt/widgets/featured-jobs.php on line 338
[07-Jun-2023 23:17:52 UTC] PHP Warning:  Cannot modify header information - headers already sent in /home/u312518386/domains/chimpgroup.com/public_html/jobcareer/frontdesk/wp-content/plugins/wp-jobhunt/api/jobs_api.php on line 2
[07-Jun-2023 23:17:52 UTC] PHP Warning:  Cannot modify header information - headers already sent in /home/u312518386/domains/chimpgroup.com/public_html/jobcareer/frontdesk/wp-content/plugins/wp-jobhunt/api/home.php on line 2
[07-Jun-2023 23:17:52 UTC] PHP Notice:  Undefined variable: cs_jobs_thumb_url in /home/u312518386/domains/chimpgroup.com/public_html/jobcareer/frontdesk/wp-content/plugins/wp-jobhunt/widgets/featured-jobs.php on line 338
[07-Jun-2023 23:17:52 UTC] PHP Notice:  Undefined variable: cs_jobs_thumb_url in /home/u312518386/domains/chimpgroup.com/public_html/jobcareer/frontdesk/wp-content/plugins/wp-jobhunt/widgets/featured-jobs.php on line 338
[07-Jun-2023 23:17:53 UTC] PHP Notice:  Undefined variable: cs_jobs_thumb_url in /home/u312518386/domains/chimpgroup.com/public_html/jobcareer/frontdesk/wp-content/plugins/wp-jobhunt/widgets/featured-jobs.php on line 338
[07-Jun-2023 23:17:53 UTC] PHP Notice:  Undefined variable: cs_jobs_thumb_url in /home/u312518386/domains/chimpgroup.com/public_html/jobcareer/frontdesk/wp-content/plugins/wp-jobhunt/widgets/featured-jobs.php on line 338
[08-Jun-2023 00:00:37 UTC] PHP Warning:  Cannot modify header information - headers already sent in /home/u312518386/domains/chimpgroup.com/public_html/jobcareer/frontdesk/wp-content/plugins/wp-jobhunt/api/jobs_api.php on line 2
[08-Jun-2023 00:00:37 UTC] PHP Warning:  Cannot modify header information - headers already sent in /home/u312518386/domains/chimpgroup.com/public_html/jobcareer/frontdesk/wp-content/plugins/wp-jobhunt/api/home.php on line 2
[08-Jun-2023 01:21:11 UTC] PHP Warning:  Cannot modify header information - headers already sent in /home/u312518386/domains/chimpgroup.com/public_html/jobcareer/frontdesk/wp-content/plugins/wp-jobhunt/api/jobs_api.php on line 2
[08-Jun-2023 01:21:11 UTC] PHP Warning:  Cannot modify header information - headers already sent in /home/u312518386/domains/chimpgroup.com/public_html/jobcareer/frontdesk/wp-content/plugins/wp-jobhunt/api/home.php on line 2
[08-Jun-2023 01:21:11 UTC] PHP Notice:  Undefined variable: cs_jobs_thumb_url in /home/u312518386/domains/chimpgroup.com/public_html/jobcareer/frontdesk/wp-content/plugins/wp-jobhunt/widgets/featured-jobs.php on line 338
[08-Jun-2023 01:21:11 UTC] PHP Notice:  Undefined variable: cs_jobs_thumb_url in /home/u312518386/domains/chimpgroup.com/public_html/jobcareer/frontdesk/wp-content/plugins/wp-jobhunt/widgets/featured-jobs.php on line 338
[08-Jun-2023 02:34:16 UTC] PHP Warning:  Cannot modify header information - headers already sent in /home/u312518386/domains/chimpgroup.com/public_html/jobcareer/frontdesk/wp-content/plugins/wp-jobhunt/api/jobs_api.php on line 2
[08-Jun-2023 02:34:16 UTC] PHP Warning:  Cannot modify header information - headers already sent in /home/u312518386/domains/chimpgroup.com/public_html/jobcareer/frontdesk/wp-content/plugins/wp-jobhunt/api/home.php on line 2
[08-Jun-2023 02:34:17 UTC] PHP Notice:  Undefined variable: cs_jobs_thumb_url in /home/u312518386/domains/chimpgroup.com/public_html/jobcareer/frontdesk/wp-content/plugins/wp-jobhunt/widgets/featured-jobs.php on line 338
[08-Jun-2023 02:34:17 UTC] PHP Notice:  Undefined variable: cs_jobs_thumb_url in /home/u312518386/domains/chimpgroup.com/public_html/jobcareer/frontdesk/wp-content/plugins/wp-jobhunt/widgets/featured-jobs.php on line 338
[08-Jun-2023 03:49:20 UTC] PHP Warning:  Cannot modify header information - headers already sent in /home/u312518386/domains/chimpgroup.com/public_html/jobcareer/frontdesk/wp-content/plugins/wp-jobhunt/api/jobs_api.php on line 2
[08-Jun-2023 03:49:20 UTC] PHP Warning:  Cannot modify header information - headers already sent in /home/u312518386/domains/chimpgroup.com/public_html/jobcareer/frontdesk/wp-content/plugins/wp-jobhunt/api/home.php on line 2
[08-Jun-2023 04:59:46 UTC] PHP Notice:  Undefined variable: cs_jobs_thumb_url in /home/u312518386/domains/chimpgroup.com/public_html/jobcareer/frontdesk/wp-content/plugins/wp-jobhunt/widgets/featured-jobs.php on line 338
[08-Jun-2023 04:59:46 UTC] PHP Notice:  Undefined variable: cs_jobs_thumb_url in /home/u312518386/domains/chimpgroup.com/public_html/jobcareer/frontdesk/wp-content/plugins/wp-jobhunt/widgets/featured-jobs.php on line 338
[08-Jun-2023 04:59:46 UTC] PHP Warning:  Cannot modify header information - headers already sent in /home/u312518386/domains/chimpgroup.com/public_html/jobcareer/frontdesk/wp-content/plugins/wp-jobhunt/api/jobs_api.php on line 2
[08-Jun-2023 04:59:46 UTC] PHP Warning:  Cannot modify header information - headers already sent in /home/u312518386/domains/chimpgroup.com/public_html/jobcareer/frontdesk/wp-content/plugins/wp-jobhunt/api/home.php on line 2
[08-Jun-2023 04:59:54 UTC] PHP Notice:  Undefined variable: cs_jobs_thumb_url in /home/u312518386/domains/chimpgroup.com/public_html/jobcareer/frontdesk/wp-content/plugins/wp-jobhunt/widgets/featured-jobs.php on line 338
[08-Jun-2023 04:59:54 UTC] PHP Notice:  Undefined variable: cs_jobs_thumb_url in /home/u312518386/domains/chimpgroup.com/public_html/jobcareer/frontdesk/wp-content/plugins/wp-jobhunt/widgets/featured-jobs.php on line 338
