[02-Jun-2023 07:12:09 UTC] PHP Warning:  mysqli_real_connect(): (HY000/1045): Access denied for user 'u312518386_jc_careerbuilder'@'localhost' (using password: YES) in /home/u312518386/domains/chimpgroup.com/public_html/jobcareer/careerbuilder/wp-includes/class-wpdb.php on line 2019
[02-Jun-2023 07:25:02 UTC] PHP Warning:  mysqli_real_connect(): (HY000/1045): Access denied for user 'u312518386_jc_careerbuilder'@'localhost' (using password: YES) in /home/u312518386/domains/chimpgroup.com/public_html/jobcareer/careerbuilder/wp-includes/class-wpdb.php on line 2019
[02-Jun-2023 07:26:01 UTC] PHP Warning:  mysqli_real_connect(): (HY000/1045): Access denied for user 'u312518386_jc_careerbuilder'@'localhost' (using password: YES) in /home/u312518386/domains/chimpgroup.com/public_html/jobcareer/careerbuilder/wp-includes/class-wpdb.php on line 2019
[02-Jun-2023 07:26:55 UTC] PHP Warning:  mysqli_real_connect(): (HY000/1045): Access denied for user 'u312518386_jc_careerbuilder'@'localhost' (using password: YES) in /home/u312518386/domains/chimpgroup.com/public_html/jobcareer/careerbuilder/wp-includes/class-wpdb.php on line 2019
[02-Jun-2023 07:27:15 UTC] PHP Warning:  mysqli_real_connect(): (HY000/1045): Access denied for user 'u312518386_jc_careerbuilder'@'localhost' (using password: YES) in /home/u312518386/domains/chimpgroup.com/public_html/jobcareer/careerbuilder/wp-includes/class-wpdb.php on line 2019
[02-Jun-2023 07:27:46 UTC] PHP Warning:  mysqli_real_connect(): (HY000/1045): Access denied for user 'u312518386_jc_careerbuilder'@'localhost' (using password: YES) in /home/u312518386/domains/chimpgroup.com/public_html/jobcareer/careerbuilder/wp-includes/class-wpdb.php on line 2019
[02-Jun-2023 07:31:39 UTC] PHP Warning:  mysqli_real_connect(): (HY000/1045): Access denied for user 'u312518386_jc_careerbuilder'@'localhost' (using password: YES) in /home/u312518386/domains/chimpgroup.com/public_html/jobcareer/careerbuilder/wp-includes/class-wpdb.php on line 2019
[02-Jun-2023 07:31:41 UTC] PHP Warning:  mysqli_real_connect(): (HY000/1045): Access denied for user 'u312518386_jc_careerbuilder'@'localhost' (using password: YES) in /home/u312518386/domains/chimpgroup.com/public_html/jobcareer/careerbuilder/wp-includes/class-wpdb.php on line 2019
[02-Jun-2023 07:33:29 UTC] PHP Warning:  mysqli_real_connect(): (HY000/1045): Access denied for user 'u312518386_jc_careerbuilder'@'localhost' (using password: YES) in /home/u312518386/domains/chimpgroup.com/public_html/jobcareer/careerbuilder/wp-includes/class-wpdb.php on line 2019
[02-Jun-2023 07:36:06 UTC] PHP Warning:  mysqli_real_connect(): (HY000/1045): Access denied for user 'u312518386_jc_careerbuilder'@'localhost' (using password: YES) in /home/u312518386/domains/chimpgroup.com/public_html/jobcareer/careerbuilder/wp-includes/class-wpdb.php on line 2019
[02-Jun-2023 07:37:29 UTC] PHP Warning:  mysqli_real_connect(): (HY000/1045): Access denied for user 'u312518386_jc_careerbuilder'@'localhost' (using password: YES) in /home/u312518386/domains/chimpgroup.com/public_html/jobcareer/careerbuilder/wp-includes/class-wpdb.php on line 2019
[02-Jun-2023 07:43:27 UTC] PHP Warning:  mysqli_real_connect(): (HY000/1045): Access denied for user 'u312518386_jc_careerbuilder'@'localhost' (using password: YES) in /home/u312518386/domains/chimpgroup.com/public_html/jobcareer/careerbuilder/wp-includes/class-wpdb.php on line 2019
[02-Jun-2023 07:43:27 UTC] PHP Warning:  mysqli_real_connect(): (HY000/1045): Access denied for user 'u312518386_jc_careerbuilder'@'localhost' (using password: YES) in /home/u312518386/domains/chimpgroup.com/public_html/jobcareer/careerbuilder/wp-includes/class-wpdb.php on line 2019
[02-Jun-2023 07:44:05 UTC] PHP Warning:  mysqli_real_connect(): (HY000/1045): Access denied for user 'u312518386_jc_careerbuilder'@'localhost' (using password: YES) in /home/u312518386/domains/chimpgroup.com/public_html/jobcareer/careerbuilder/wp-includes/class-wpdb.php on line 2019
[02-Jun-2023 07:47:29 UTC] PHP Warning:  mysqli_real_connect(): (HY000/1045): Access denied for user 'u312518386_jc_careerbuilder'@'localhost' (using password: YES) in /home/u312518386/domains/chimpgroup.com/public_html/jobcareer/careerbuilder/wp-includes/class-wpdb.php on line 2019
[02-Jun-2023 07:47:40 UTC] PHP Warning:  mysqli_real_connect(): (HY000/1045): Access denied for user 'u312518386_jc_careerbuilder'@'localhost' (using password: YES) in /home/u312518386/domains/chimpgroup.com/public_html/jobcareer/careerbuilder/wp-includes/class-wpdb.php on line 2019
[02-Jun-2023 07:47:55 UTC] PHP Warning:  mysqli_real_connect(): (HY000/1045): Access denied for user 'u312518386_jc_careerbuilder'@'localhost' (using password: YES) in /home/u312518386/domains/chimpgroup.com/public_html/jobcareer/careerbuilder/wp-includes/class-wpdb.php on line 2019
[02-Jun-2023 07:48:15 UTC] PHP Warning:  mysqli_real_connect(): (HY000/1045): Access denied for user 'u312518386_jc_careerbuilder'@'localhost' (using password: YES) in /home/u312518386/domains/chimpgroup.com/public_html/jobcareer/careerbuilder/wp-includes/class-wpdb.php on line 2019
[02-Jun-2023 07:48:19 UTC] PHP Warning:  mysqli_real_connect(): (HY000/1045): Access denied for user 'u312518386_jc_careerbuilder'@'localhost' (using password: YES) in /home/u312518386/domains/chimpgroup.com/public_html/jobcareer/careerbuilder/wp-includes/class-wpdb.php on line 2019
[02-Jun-2023 07:48:27 UTC] PHP Warning:  mysqli_real_connect(): (HY000/1045): Access denied for user 'u312518386_jc_careerbuilder'@'localhost' (using password: YES) in /home/u312518386/domains/chimpgroup.com/public_html/jobcareer/careerbuilder/wp-includes/class-wpdb.php on line 2019
[02-Jun-2023 07:48:47 UTC] PHP Warning:  mysqli_real_connect(): (HY000/1045): Access denied for user 'u312518386_jc_careerbuilder'@'localhost' (using password: YES) in /home/u312518386/domains/chimpgroup.com/public_html/jobcareer/careerbuilder/wp-includes/class-wpdb.php on line 2019
[02-Jun-2023 07:48:59 UTC] PHP Warning:  mysqli_real_connect(): (HY000/1045): Access denied for user 'u312518386_jc_careerbuilder'@'localhost' (using password: YES) in /home/u312518386/domains/chimpgroup.com/public_html/jobcareer/careerbuilder/wp-includes/class-wpdb.php on line 2019
[02-Jun-2023 07:49:10 UTC] PHP Warning:  mysqli_real_connect(): (HY000/1045): Access denied for user 'u312518386_jc_careerbuilder'@'localhost' (using password: YES) in /home/u312518386/domains/chimpgroup.com/public_html/jobcareer/careerbuilder/wp-includes/class-wpdb.php on line 2019
[02-Jun-2023 07:49:40 UTC] PHP Warning:  mysqli_real_connect(): (HY000/1045): Access denied for user 'u312518386_jc_careerbuilder'@'localhost' (using password: YES) in /home/u312518386/domains/chimpgroup.com/public_html/jobcareer/careerbuilder/wp-includes/class-wpdb.php on line 2019
[02-Jun-2023 07:49:42 UTC] PHP Warning:  mysqli_real_connect(): (HY000/1045): Access denied for user 'u312518386_jc_careerbuilder'@'localhost' (using password: YES) in /home/u312518386/domains/chimpgroup.com/public_html/jobcareer/careerbuilder/wp-includes/class-wpdb.php on line 2019
[02-Jun-2023 07:51:18 UTC] PHP Warning:  mysqli_real_connect(): (HY000/1045): Access denied for user 'u312518386_jc_careerbuilder'@'localhost' (using password: YES) in /home/u312518386/domains/chimpgroup.com/public_html/jobcareer/careerbuilder/wp-includes/class-wpdb.php on line 2019
[02-Jun-2023 07:55:14 UTC] PHP Warning:  mysqli_real_connect(): (HY000/1045): Access denied for user 'u312518386_jc_careerbuilder'@'localhost' (using password: YES) in /home/u312518386/domains/chimpgroup.com/public_html/jobcareer/careerbuilder/wp-includes/class-wpdb.php on line 2019
[02-Jun-2023 07:57:40 UTC] PHP Warning:  mysqli_real_connect(): (HY000/1045): Access denied for user 'u312518386_jc_careerbuilder'@'localhost' (using password: YES) in /home/u312518386/domains/chimpgroup.com/public_html/jobcareer/careerbuilder/wp-includes/class-wpdb.php on line 2019
[02-Jun-2023 07:58:28 UTC] PHP Warning:  mysqli_real_connect(): (HY000/1045): Access denied for user 'u312518386_jc_careerbuilder'@'localhost' (using password: YES) in /home/u312518386/domains/chimpgroup.com/public_html/jobcareer/careerbuilder/wp-includes/class-wpdb.php on line 2019
[02-Jun-2023 08:02:27 UTC] PHP Warning:  mysqli_real_connect(): (HY000/1045): Access denied for user 'u312518386_jc_careerbuilder'@'localhost' (using password: YES) in /home/u312518386/domains/chimpgroup.com/public_html/jobcareer/careerbuilder/wp-includes/class-wpdb.php on line 2019
[02-Jun-2023 08:04:12 UTC] PHP Warning:  mysqli_real_connect(): (HY000/1045): Access denied for user 'u312518386_jc_careerbuilder'@'localhost' (using password: YES) in /home/u312518386/domains/chimpgroup.com/public_html/jobcareer/careerbuilder/wp-includes/class-wpdb.php on line 2019
[02-Jun-2023 08:56:19 UTC] PHP Warning:  mysqli_real_connect(): (HY000/1045): Access denied for user 'u312518386_jc_careerbuilder'@'localhost' (using password: YES) in /home/u312518386/domains/chimpgroup.com/public_html/jobcareer/careerbuilder/wp-includes/class-wpdb.php on line 2019
[02-Jun-2023 08:56:53 UTC] PHP Warning:  mysqli_real_connect(): (HY000/1045): Access denied for user 'u312518386_jc_careerbuilder'@'localhost' (using password: YES) in /home/u312518386/domains/chimpgroup.com/public_html/jobcareer/careerbuilder/wp-includes/class-wpdb.php on line 2019
[02-Jun-2023 08:58:30 UTC] PHP Warning:  Cannot modify header information - headers already sent by (output started at /home/u312518386/domains/chimpgroup.com/public_html/jobcareer/careerbuilder/wp-includes/script-loader.php:2309) in /home/u312518386/domains/chimpgroup.com/public_html/jobcareer/careerbuilder/wp-content/plugins/wp-jobhunt/api/jobs_api.php on line 2
[02-Jun-2023 08:58:30 UTC] PHP Warning:  Cannot modify header information - headers already sent by (output started at /home/u312518386/domains/chimpgroup.com/public_html/jobcareer/careerbuilder/wp-includes/script-loader.php:2309) in /home/u312518386/domains/chimpgroup.com/public_html/jobcareer/careerbuilder/wp-content/plugins/wp-jobhunt/api/home.php on line 2
[02-Jun-2023 08:59:11 UTC] PHP Notice:  Function WP_Scripts::localize was called <strong>incorrectly</strong>. The <code>$l10n</code> parameter must be an array. To pass arbitrary data to scripts, use the <code>wp_add_inline_script()</code> function instead. Please see <a href="https://wordpress.org/documentation/article/debugging-in-wordpress/">Debugging in WordPress</a> for more information. (This message was added in version 5.7.0.) in /home/u312518386/domains/chimpgroup.com/public_html/jobcareer/careerbuilder/wp-includes/functions.php on line 5865
[02-Jun-2023 08:59:16 UTC] PHP Notice:  Function WP_Scripts::localize was called <strong>incorrectly</strong>. The <code>$l10n</code> parameter must be an array. To pass arbitrary data to scripts, use the <code>wp_add_inline_script()</code> function instead. Please see <a href="https://wordpress.org/documentation/article/debugging-in-wordpress/">Debugging in WordPress</a> for more information. (This message was added in version 5.7.0.) in /home/u312518386/domains/chimpgroup.com/public_html/jobcareer/careerbuilder/wp-includes/functions.php on line 5865
[02-Jun-2023 08:59:35 UTC] PHP Notice:  Function WP_Scripts::localize was called <strong>incorrectly</strong>. The <code>$l10n</code> parameter must be an array. To pass arbitrary data to scripts, use the <code>wp_add_inline_script()</code> function instead. Please see <a href="https://wordpress.org/documentation/article/debugging-in-wordpress/">Debugging in WordPress</a> for more information. (This message was added in version 5.7.0.) in /home/u312518386/domains/chimpgroup.com/public_html/jobcareer/careerbuilder/wp-includes/functions.php on line 5865
[02-Jun-2023 08:59:36 UTC] PHP Notice:  Function WP_Scripts::localize was called <strong>incorrectly</strong>. The <code>$l10n</code> parameter must be an array. To pass arbitrary data to scripts, use the <code>wp_add_inline_script()</code> function instead. Please see <a href="https://wordpress.org/documentation/article/debugging-in-wordpress/">Debugging in WordPress</a> for more information. (This message was added in version 5.7.0.) in /home/u312518386/domains/chimpgroup.com/public_html/jobcareer/careerbuilder/wp-includes/functions.php on line 5865
[02-Jun-2023 09:00:14 UTC] PHP Notice:  Function WP_Scripts::localize was called <strong>incorrectly</strong>. The <code>$l10n</code> parameter must be an array. To pass arbitrary data to scripts, use the <code>wp_add_inline_script()</code> function instead. Please see <a href="https://wordpress.org/documentation/article/debugging-in-wordpress/">Debugging in WordPress</a> for more information. (This message was added in version 5.7.0.) in /home/u312518386/domains/chimpgroup.com/public_html/jobcareer/careerbuilder/wp-includes/functions.php on line 5865
[02-Jun-2023 09:00:39 UTC] PHP Notice:  Function WP_Scripts::localize was called <strong>incorrectly</strong>. The <code>$l10n</code> parameter must be an array. To pass arbitrary data to scripts, use the <code>wp_add_inline_script()</code> function instead. Please see <a href="https://wordpress.org/documentation/article/debugging-in-wordpress/">Debugging in WordPress</a> for more information. (This message was added in version 5.7.0.) in /home/u312518386/domains/chimpgroup.com/public_html/jobcareer/careerbuilder/wp-includes/functions.php on line 5865
[02-Jun-2023 09:00:45 UTC] PHP Notice:  Function WP_Scripts::localize was called <strong>incorrectly</strong>. The <code>$l10n</code> parameter must be an array. To pass arbitrary data to scripts, use the <code>wp_add_inline_script()</code> function instead. Please see <a href="https://wordpress.org/documentation/article/debugging-in-wordpress/">Debugging in WordPress</a> for more information. (This message was added in version 5.7.0.) in /home/u312518386/domains/chimpgroup.com/public_html/jobcareer/careerbuilder/wp-includes/functions.php on line 5865
[02-Jun-2023 09:01:01 UTC] PHP Warning:  Undefined array key "careerbuilder" in /home/u312518386/domains/chimpgroup.com/public_html/jobcareer/careerbuilder/wp-content/plugins/cs-framework/include/cs-importer/theme_importer.php on line 960
[02-Jun-2023 09:01:01 UTC] PHP Warning:  foreach() argument must be of type array|object, null given in /home/u312518386/domains/chimpgroup.com/public_html/jobcareer/careerbuilder/wp-content/plugins/cs-framework/include/cs-importer/theme_importer.php on line 961
[02-Jun-2023 09:01:04 UTC] PHP Deprecated:  Function libxml_disable_entity_loader() is deprecated in /home/u312518386/domains/chimpgroup.com/public_html/jobcareer/careerbuilder/wp-content/plugins/cs-framework/include/cs-importer/parsers.php on line 64
[02-Jun-2023 09:01:05 UTC] PHP Deprecated:  Function libxml_disable_entity_loader() is deprecated in /home/u312518386/domains/chimpgroup.com/public_html/jobcareer/careerbuilder/wp-content/plugins/cs-framework/include/cs-importer/parsers.php on line 68
[02-Jun-2023 09:01:05 UTC] PHP Warning:  Trying to access array offset on value of type int in /home/u312518386/domains/chimpgroup.com/public_html/jobcareer/careerbuilder/wp-content/plugins/cs-framework/include/cs-importer/wordpress-importer.php on line 431
[02-Jun-2023 09:01:05 UTC] PHP Warning:  Trying to access array offset on value of type int in /home/u312518386/domains/chimpgroup.com/public_html/jobcareer/careerbuilder/wp-content/plugins/cs-framework/include/cs-importer/wordpress-importer.php on line 431
[02-Jun-2023 09:01:05 UTC] PHP Warning:  Trying to access array offset on value of type int in /home/u312518386/domains/chimpgroup.com/public_html/jobcareer/careerbuilder/wp-content/plugins/cs-framework/include/cs-importer/wordpress-importer.php on line 431
[02-Jun-2023 09:01:05 UTC] PHP Warning:  Trying to access array offset on value of type int in /home/u312518386/domains/chimpgroup.com/public_html/jobcareer/careerbuilder/wp-content/plugins/cs-framework/include/cs-importer/wordpress-importer.php on line 431
[02-Jun-2023 09:01:05 UTC] PHP Warning:  Trying to access array offset on value of type int in /home/u312518386/domains/chimpgroup.com/public_html/jobcareer/careerbuilder/wp-content/plugins/cs-framework/include/cs-importer/wordpress-importer.php on line 431
[02-Jun-2023 09:01:09 UTC] PHP Deprecated:  Function get_page_by_title is <strong>deprecated</strong> since version 6.2.0! Use WP_Query instead. in /home/u312518386/domains/chimpgroup.com/public_html/jobcareer/careerbuilder/wp-includes/functions.php on line 5413
[02-Jun-2023 09:01:09 UTC] PHP Fatal error:  Uncaught Error: Using $this when not in object context in /home/u312518386/domains/chimpgroup.com/public_html/jobcareer/careerbuilder/wp-content/themes/jobcareer/backend/importer-hooks.php:128
Stack trace:
#0 /home/u312518386/domains/chimpgroup.com/public_html/jobcareer/careerbuilder/wp-includes/class-wp-hook.php(308): cs_import_setup_pages_handle()
#1 /home/u312518386/domains/chimpgroup.com/public_html/jobcareer/careerbuilder/wp-includes/class-wp-hook.php(332): WP_Hook->apply_filters()
#2 /home/u312518386/domains/chimpgroup.com/public_html/jobcareer/careerbuilder/wp-includes/plugin.php(517): WP_Hook->do_action()
#3 /home/u312518386/domains/chimpgroup.com/public_html/jobcareer/careerbuilder/wp-content/plugins/cs-framework/include/cs-importer/cs-data-importer.php(558): do_action()
#4 /home/u312518386/domains/chimpgroup.com/public_html/jobcareer/careerbuilder/wp-content/plugins/cs-framework/include/cs-importer/cs-data-importer.php(214): CS_Data_Importer->set_up_pages()
#5 /home/u312518386/domains/chimpgroup.com/public_html/jobcareer/careerbuilder/wp-content/plugins/cs-framework/include/cs-importer/theme_importer.php(852): CS_Data_Importer->import()
#6 /home/u312518386/domains/chimpgroup.com/public_html/jobcareer/careerbuilder/wp-includes/class-wp-hook.php(308): cs_import_demo_data_callback()
#7 /home/u312518386/domains/chimpgroup.com/public_html/jobcareer/careerbuilder/wp-includes/class-wp-hook.php(332): WP_Hook->apply_filters()
#8 /home/u312518386/domains/chimpgroup.com/public_html/jobcareer/careerbuilder/wp-includes/plugin.php(517): WP_Hook->do_action()
#9 /home/u312518386/domains/chimpgroup.com/public_html/jobcareer/careerbuilder/wp-admin/admin-ajax.php(188): do_action()
#10 {main}
  thrown in /home/u312518386/domains/chimpgroup.com/public_html/jobcareer/careerbuilder/wp-content/themes/jobcareer/backend/importer-hooks.php on line 128
[02-Jun-2023 09:01:10 UTC] PHP Deprecated:  Function libxml_disable_entity_loader() is deprecated in /home/u312518386/domains/chimpgroup.com/public_html/jobcareer/careerbuilder/wp-content/plugins/cs-framework/include/cs-importer/parsers.php on line 64
[02-Jun-2023 09:01:10 UTC] PHP Deprecated:  Function libxml_disable_entity_loader() is deprecated in /home/u312518386/domains/chimpgroup.com/public_html/jobcareer/careerbuilder/wp-content/plugins/cs-framework/include/cs-importer/parsers.php on line 68
[02-Jun-2023 09:01:14 UTC] PHP Deprecated:  Function libxml_disable_entity_loader() is deprecated in /home/u312518386/domains/chimpgroup.com/public_html/jobcareer/careerbuilder/wp-content/plugins/cs-framework/include/cs-importer/parsers.php on line 64
[02-Jun-2023 09:01:14 UTC] PHP Deprecated:  Function libxml_disable_entity_loader() is deprecated in /home/u312518386/domains/chimpgroup.com/public_html/jobcareer/careerbuilder/wp-content/plugins/cs-framework/include/cs-importer/parsers.php on line 68
[02-Jun-2023 09:04:02 UTC] PHP Warning:  Cannot modify header information - headers already sent in /home/u312518386/domains/chimpgroup.com/public_html/jobcareer/careerbuilder/wp-content/plugins/wp-jobhunt/api/jobs_api.php on line 2
[02-Jun-2023 09:04:02 UTC] PHP Warning:  Cannot modify header information - headers already sent in /home/u312518386/domains/chimpgroup.com/public_html/jobcareer/careerbuilder/wp-content/plugins/wp-jobhunt/api/home.php on line 2
[02-Jun-2023 09:04:03 UTC] PHP Warning:  Undefined variable $cs_jobs_thumb_url in /home/u312518386/domains/chimpgroup.com/public_html/jobcareer/careerbuilder/wp-content/plugins/wp-jobhunt/widgets/featured-jobs.php on line 518
[02-Jun-2023 09:04:03 UTC] PHP Warning:  Undefined variable $cs_jobs_thumb_url in /home/u312518386/domains/chimpgroup.com/public_html/jobcareer/careerbuilder/wp-content/plugins/wp-jobhunt/widgets/featured-jobs.php on line 518
[02-Jun-2023 09:04:03 UTC] PHP Warning:  Undefined variable $cs_jobs_thumb_url in /home/u312518386/domains/chimpgroup.com/public_html/jobcareer/careerbuilder/wp-content/plugins/wp-jobhunt/widgets/featured-jobs.php on line 518
[02-Jun-2023 09:04:04 UTC] PHP Warning:  Undefined variable $cs_jobs_thumb_url in /home/u312518386/domains/chimpgroup.com/public_html/jobcareer/careerbuilder/wp-content/plugins/wp-jobhunt/widgets/featured-jobs.php on line 518
[02-Jun-2023 09:04:04 UTC] PHP Warning:  Undefined variable $cs_jobs_thumb_url in /home/u312518386/domains/chimpgroup.com/public_html/jobcareer/careerbuilder/wp-content/plugins/wp-jobhunt/widgets/featured-jobs.php on line 518
[02-Jun-2023 09:04:04 UTC] PHP Warning:  Undefined variable $cs_jobs_thumb_url in /home/u312518386/domains/chimpgroup.com/public_html/jobcareer/careerbuilder/wp-content/plugins/wp-jobhunt/widgets/featured-jobs.php on line 518
[02-Jun-2023 09:06:02 UTC] PHP Warning:  Cannot modify header information - headers already sent in /home/u312518386/domains/chimpgroup.com/public_html/jobcareer/careerbuilder/wp-content/plugins/wp-jobhunt/api/jobs_api.php on line 2
[02-Jun-2023 09:06:02 UTC] PHP Warning:  Cannot modify header information - headers already sent in /home/u312518386/domains/chimpgroup.com/public_html/jobcareer/careerbuilder/wp-content/plugins/wp-jobhunt/api/home.php on line 2
[02-Jun-2023 09:06:04 UTC] PHP Warning:  Undefined variable $cs_jobs_thumb_url in /home/u312518386/domains/chimpgroup.com/public_html/jobcareer/careerbuilder/wp-content/plugins/wp-jobhunt/widgets/featured-jobs.php on line 518
[02-Jun-2023 09:06:04 UTC] PHP Warning:  Undefined variable $cs_jobs_thumb_url in /home/u312518386/domains/chimpgroup.com/public_html/jobcareer/careerbuilder/wp-content/plugins/wp-jobhunt/widgets/featured-jobs.php on line 518
[02-Jun-2023 09:06:04 UTC] PHP Warning:  Undefined variable $cs_jobs_thumb_url in /home/u312518386/domains/chimpgroup.com/public_html/jobcareer/careerbuilder/wp-content/plugins/wp-jobhunt/widgets/featured-jobs.php on line 518
[02-Jun-2023 09:06:28 UTC] PHP Warning:  Undefined variable $cs_jobs_thumb_url in /home/u312518386/domains/chimpgroup.com/public_html/jobcareer/careerbuilder/wp-content/plugins/wp-jobhunt/widgets/featured-jobs.php on line 518
[02-Jun-2023 09:06:29 UTC] PHP Warning:  Undefined variable $cs_jobs_thumb_url in /home/u312518386/domains/chimpgroup.com/public_html/jobcareer/careerbuilder/wp-content/plugins/wp-jobhunt/widgets/featured-jobs.php on line 518
[02-Jun-2023 09:06:29 UTC] PHP Warning:  Undefined variable $cs_jobs_thumb_url in /home/u312518386/domains/chimpgroup.com/public_html/jobcareer/careerbuilder/wp-content/plugins/wp-jobhunt/widgets/featured-jobs.php on line 518
[03-Jun-2023 18:15:04 UTC] PHP Warning:  Cannot modify header information - headers already sent in /home/u312518386/domains/chimpgroup.com/public_html/jobcareer/careerbuilder/wp-content/plugins/wp-jobhunt/api/jobs_api.php on line 2
[03-Jun-2023 18:15:04 UTC] PHP Warning:  Cannot modify header information - headers already sent in /home/u312518386/domains/chimpgroup.com/public_html/jobcareer/careerbuilder/wp-content/plugins/wp-jobhunt/api/home.php on line 2
[03-Jun-2023 18:15:05 UTC] PHP Notice:  Undefined variable: cs_jobs_thumb_url in /home/u312518386/domains/chimpgroup.com/public_html/jobcareer/careerbuilder/wp-content/plugins/wp-jobhunt/widgets/featured-jobs.php on line 518
[03-Jun-2023 18:15:05 UTC] PHP Notice:  Undefined variable: cs_jobs_thumb_url in /home/u312518386/domains/chimpgroup.com/public_html/jobcareer/careerbuilder/wp-content/plugins/wp-jobhunt/widgets/featured-jobs.php on line 518
[03-Jun-2023 18:15:05 UTC] PHP Notice:  Undefined variable: cs_jobs_thumb_url in /home/u312518386/domains/chimpgroup.com/public_html/jobcareer/careerbuilder/wp-content/plugins/wp-jobhunt/widgets/featured-jobs.php on line 518
[03-Jun-2023 18:15:07 UTC] PHP Notice:  Undefined variable: cs_jobs_thumb_url in /home/u312518386/domains/chimpgroup.com/public_html/jobcareer/careerbuilder/wp-content/plugins/wp-jobhunt/widgets/featured-jobs.php on line 518
[03-Jun-2023 18:15:07 UTC] PHP Notice:  Undefined variable: cs_jobs_thumb_url in /home/u312518386/domains/chimpgroup.com/public_html/jobcareer/careerbuilder/wp-content/plugins/wp-jobhunt/widgets/featured-jobs.php on line 518
[03-Jun-2023 18:15:07 UTC] PHP Notice:  Undefined variable: cs_jobs_thumb_url in /home/u312518386/domains/chimpgroup.com/public_html/jobcareer/careerbuilder/wp-content/plugins/wp-jobhunt/widgets/featured-jobs.php on line 518
[03-Jun-2023 18:15:13 UTC] PHP Notice:  Undefined variable: cs_jobs_thumb_url in /home/u312518386/domains/chimpgroup.com/public_html/jobcareer/careerbuilder/wp-content/plugins/wp-jobhunt/widgets/featured-jobs.php on line 518
[03-Jun-2023 18:15:13 UTC] PHP Notice:  Undefined variable: cs_jobs_thumb_url in /home/u312518386/domains/chimpgroup.com/public_html/jobcareer/careerbuilder/wp-content/plugins/wp-jobhunt/widgets/featured-jobs.php on line 518
[03-Jun-2023 18:15:13 UTC] PHP Notice:  Undefined variable: cs_jobs_thumb_url in /home/u312518386/domains/chimpgroup.com/public_html/jobcareer/careerbuilder/wp-content/plugins/wp-jobhunt/widgets/featured-jobs.php on line 518
[03-Jun-2023 18:15:14 UTC] PHP Notice:  Undefined variable: cs_jobs_thumb_url in /home/u312518386/domains/chimpgroup.com/public_html/jobcareer/careerbuilder/wp-content/plugins/wp-jobhunt/widgets/featured-jobs.php on line 518
[03-Jun-2023 18:15:14 UTC] PHP Notice:  Undefined variable: cs_jobs_thumb_url in /home/u312518386/domains/chimpgroup.com/public_html/jobcareer/careerbuilder/wp-content/plugins/wp-jobhunt/widgets/featured-jobs.php on line 518
[03-Jun-2023 18:15:14 UTC] PHP Notice:  Undefined variable: cs_jobs_thumb_url in /home/u312518386/domains/chimpgroup.com/public_html/jobcareer/careerbuilder/wp-content/plugins/wp-jobhunt/widgets/featured-jobs.php on line 518
[03-Jun-2023 18:15:16 UTC] PHP Notice:  Undefined variable: cs_jobs_thumb_url in /home/u312518386/domains/chimpgroup.com/public_html/jobcareer/careerbuilder/wp-content/plugins/wp-jobhunt/widgets/featured-jobs.php on line 518
[03-Jun-2023 18:15:16 UTC] PHP Notice:  Undefined variable: cs_jobs_thumb_url in /home/u312518386/domains/chimpgroup.com/public_html/jobcareer/careerbuilder/wp-content/plugins/wp-jobhunt/widgets/featured-jobs.php on line 518
[03-Jun-2023 18:15:16 UTC] PHP Notice:  Undefined variable: cs_jobs_thumb_url in /home/u312518386/domains/chimpgroup.com/public_html/jobcareer/careerbuilder/wp-content/plugins/wp-jobhunt/widgets/featured-jobs.php on line 518
[03-Jun-2023 18:15:19 UTC] PHP Notice:  Undefined variable: cs_jobs_thumb_url in /home/u312518386/domains/chimpgroup.com/public_html/jobcareer/careerbuilder/wp-content/plugins/wp-jobhunt/widgets/featured-jobs.php on line 518
[03-Jun-2023 18:15:19 UTC] PHP Notice:  Undefined variable: cs_jobs_thumb_url in /home/u312518386/domains/chimpgroup.com/public_html/jobcareer/careerbuilder/wp-content/plugins/wp-jobhunt/widgets/featured-jobs.php on line 518
[03-Jun-2023 18:15:19 UTC] PHP Notice:  Undefined variable: cs_jobs_thumb_url in /home/u312518386/domains/chimpgroup.com/public_html/jobcareer/careerbuilder/wp-content/plugins/wp-jobhunt/widgets/featured-jobs.php on line 518
[04-Jun-2023 23:27:39 UTC] PHP Warning:  Cannot modify header information - headers already sent in /home/u312518386/domains/chimpgroup.com/public_html/jobcareer/careerbuilder/wp-content/plugins/wp-jobhunt/api/jobs_api.php on line 2
[04-Jun-2023 23:27:39 UTC] PHP Warning:  Cannot modify header information - headers already sent in /home/u312518386/domains/chimpgroup.com/public_html/jobcareer/careerbuilder/wp-content/plugins/wp-jobhunt/api/home.php on line 2
[04-Jun-2023 23:27:39 UTC] PHP Notice:  Undefined variable: cs_jobs_thumb_url in /home/u312518386/domains/chimpgroup.com/public_html/jobcareer/careerbuilder/wp-content/plugins/wp-jobhunt/widgets/featured-jobs.php on line 518
[04-Jun-2023 23:27:39 UTC] PHP Notice:  Undefined variable: cs_jobs_thumb_url in /home/u312518386/domains/chimpgroup.com/public_html/jobcareer/careerbuilder/wp-content/plugins/wp-jobhunt/widgets/featured-jobs.php on line 518
[04-Jun-2023 23:27:39 UTC] PHP Notice:  Undefined variable: cs_jobs_thumb_url in /home/u312518386/domains/chimpgroup.com/public_html/jobcareer/careerbuilder/wp-content/plugins/wp-jobhunt/widgets/featured-jobs.php on line 518
[04-Jun-2023 23:27:39 UTC] PHP Notice:  Undefined variable: cs_jobs_thumb_url in /home/u312518386/domains/chimpgroup.com/public_html/jobcareer/careerbuilder/wp-content/plugins/wp-jobhunt/widgets/featured-jobs.php on line 518
[04-Jun-2023 23:27:39 UTC] PHP Notice:  Undefined variable: cs_jobs_thumb_url in /home/u312518386/domains/chimpgroup.com/public_html/jobcareer/careerbuilder/wp-content/plugins/wp-jobhunt/widgets/featured-jobs.php on line 518
[04-Jun-2023 23:27:39 UTC] PHP Notice:  Undefined variable: cs_jobs_thumb_url in /home/u312518386/domains/chimpgroup.com/public_html/jobcareer/careerbuilder/wp-content/plugins/wp-jobhunt/widgets/featured-jobs.php on line 518
[05-Jun-2023 01:33:39 UTC] PHP Warning:  Cannot modify header information - headers already sent in /home/u312518386/domains/chimpgroup.com/public_html/jobcareer/careerbuilder/wp-content/plugins/wp-jobhunt/api/jobs_api.php on line 2
[05-Jun-2023 01:33:39 UTC] PHP Warning:  Cannot modify header information - headers already sent in /home/u312518386/domains/chimpgroup.com/public_html/jobcareer/careerbuilder/wp-content/plugins/wp-jobhunt/api/home.php on line 2
[05-Jun-2023 01:33:39 UTC] PHP Notice:  Undefined variable: cs_jobs_thumb_url in /home/u312518386/domains/chimpgroup.com/public_html/jobcareer/careerbuilder/wp-content/plugins/wp-jobhunt/widgets/featured-jobs.php on line 518
[05-Jun-2023 01:33:39 UTC] PHP Notice:  Undefined variable: cs_jobs_thumb_url in /home/u312518386/domains/chimpgroup.com/public_html/jobcareer/careerbuilder/wp-content/plugins/wp-jobhunt/widgets/featured-jobs.php on line 518
[05-Jun-2023 01:33:39 UTC] PHP Notice:  Undefined variable: cs_jobs_thumb_url in /home/u312518386/domains/chimpgroup.com/public_html/jobcareer/careerbuilder/wp-content/plugins/wp-jobhunt/widgets/featured-jobs.php on line 518
[05-Jun-2023 07:37:10 UTC] PHP Warning:  Cannot modify header information - headers already sent in /home/u312518386/domains/chimpgroup.com/public_html/jobcareer/careerbuilder/wp-content/plugins/wp-jobhunt/api/jobs_api.php on line 2
[05-Jun-2023 07:37:10 UTC] PHP Warning:  Cannot modify header information - headers already sent in /home/u312518386/domains/chimpgroup.com/public_html/jobcareer/careerbuilder/wp-content/plugins/wp-jobhunt/api/home.php on line 2
[05-Jun-2023 07:37:10 UTC] PHP Warning:  getimagesize(http://jobcareer.chimpgroup.com/careerbuilder/wp-content/uploads/subheader-image-jobline.jpg): failed to open stream: HTTP request failed! HTTP/1.0 404 Not Found
 in /home/u312518386/domains/chimpgroup.com/public_html/jobcareer/careerbuilder/wp-content/themes/jobcareer/backend/theme-components/cs-header/cs_functions.php on line 753
[05-Jun-2023 07:37:10 UTC] PHP Fatal error:  Uncaught ArgumentCountError: Too few arguments to function tmhOAuth::request(), 1 passed in /home/u312518386/domains/chimpgroup.com/public_html/jobcareer/careerbuilder/wp-content/plugins/cs-framework/include/cs-twitter/display-tweets.php on line 43 and at least 2 expected in /home/u312518386/domains/chimpgroup.com/public_html/jobcareer/careerbuilder/wp-content/plugins/cs-framework/include/cs-twitter/includes/tmhOAuth.php:457
Stack trace:
#0 /home/u312518386/domains/chimpgroup.com/public_html/jobcareer/careerbuilder/wp-content/plugins/cs-framework/include/cs-twitter/display-tweets.php(43): tmhOAuth->request('https://api.twi...')
#1 /home/u312518386/domains/chimpgroup.com/public_html/jobcareer/careerbuilder/wp-content/plugins/cs-framework/include/cs-twitter/display-tweets.php(83): get_auth('envato', '50')
#2 /home/u312518386/domains/chimpgroup.com/public_html/jobcareer/careerbuilder/wp-content/plugins/cs-framework/include/cs-twitter/display-tweets.php(143): cache_json('envato', '50', '0.02')
#3 /home/u312518386 in /home/u312518386/domains/chimpgroup.com/public_html/jobcareer/careerbuilder/wp-content/plugins/cs-framework/include/cs-twitter/includes/tmhOAuth.php on line 457
[06-Jun-2023 10:26:27 UTC] PHP Warning:  Cannot modify header information - headers already sent in /home/u312518386/domains/chimpgroup.com/public_html/jobcareer/careerbuilder/wp-content/plugins/wp-jobhunt/api/jobs_api.php on line 2
[06-Jun-2023 10:26:27 UTC] PHP Warning:  Cannot modify header information - headers already sent in /home/u312518386/domains/chimpgroup.com/public_html/jobcareer/careerbuilder/wp-content/plugins/wp-jobhunt/api/home.php on line 2
[06-Jun-2023 10:26:27 UTC] PHP Notice:  Undefined variable: cs_jobs_thumb_url in /home/u312518386/domains/chimpgroup.com/public_html/jobcareer/careerbuilder/wp-content/plugins/wp-jobhunt/widgets/featured-jobs.php on line 518
[06-Jun-2023 10:26:27 UTC] PHP Notice:  Undefined variable: cs_jobs_thumb_url in /home/u312518386/domains/chimpgroup.com/public_html/jobcareer/careerbuilder/wp-content/plugins/wp-jobhunt/widgets/featured-jobs.php on line 518
[06-Jun-2023 10:26:27 UTC] PHP Notice:  Undefined variable: cs_jobs_thumb_url in /home/u312518386/domains/chimpgroup.com/public_html/jobcareer/careerbuilder/wp-content/plugins/wp-jobhunt/widgets/featured-jobs.php on line 518
[06-Jun-2023 10:26:27 UTC] PHP Notice:  Undefined variable: cs_jobs_thumb_url in /home/u312518386/domains/chimpgroup.com/public_html/jobcareer/careerbuilder/wp-content/plugins/wp-jobhunt/widgets/featured-jobs.php on line 518
[06-Jun-2023 10:26:27 UTC] PHP Notice:  Undefined variable: cs_jobs_thumb_url in /home/u312518386/domains/chimpgroup.com/public_html/jobcareer/careerbuilder/wp-content/plugins/wp-jobhunt/widgets/featured-jobs.php on line 518
[06-Jun-2023 10:26:27 UTC] PHP Notice:  Undefined variable: cs_jobs_thumb_url in /home/u312518386/domains/chimpgroup.com/public_html/jobcareer/careerbuilder/wp-content/plugins/wp-jobhunt/widgets/featured-jobs.php on line 518
[06-Jun-2023 10:43:01 UTC] PHP Notice:  Undefined variable: cs_jobs_thumb_url in /home/u312518386/domains/chimpgroup.com/public_html/jobcareer/careerbuilder/wp-content/plugins/wp-jobhunt/widgets/featured-jobs.php on line 518
[06-Jun-2023 10:43:01 UTC] PHP Notice:  Undefined variable: cs_jobs_thumb_url in /home/u312518386/domains/chimpgroup.com/public_html/jobcareer/careerbuilder/wp-content/plugins/wp-jobhunt/widgets/featured-jobs.php on line 518
[06-Jun-2023 10:43:01 UTC] PHP Notice:  Undefined variable: cs_jobs_thumb_url in /home/u312518386/domains/chimpgroup.com/public_html/jobcareer/careerbuilder/wp-content/plugins/wp-jobhunt/widgets/featured-jobs.php on line 518
[06-Jun-2023 10:43:33 UTC] PHP Warning:  getimagesize(http://jobcareer.chimpgroup.com/careerbuilder/wp-content/uploads/subheader-image-jobline.jpg): failed to open stream: HTTP request failed! HTTP/1.0 404 Not Found
 in /home/u312518386/domains/chimpgroup.com/public_html/jobcareer/careerbuilder/wp-content/themes/jobcareer/backend/theme-components/cs-header/cs_functions.php on line 753
[06-Jun-2023 10:43:33 UTC] PHP Fatal error:  Uncaught ArgumentCountError: Too few arguments to function tmhOAuth::request(), 1 passed in /home/u312518386/domains/chimpgroup.com/public_html/jobcareer/careerbuilder/wp-content/plugins/cs-framework/include/cs-twitter/display-tweets.php on line 43 and at least 2 expected in /home/u312518386/domains/chimpgroup.com/public_html/jobcareer/careerbuilder/wp-content/plugins/cs-framework/include/cs-twitter/includes/tmhOAuth.php:457
Stack trace:
#0 /home/u312518386/domains/chimpgroup.com/public_html/jobcareer/careerbuilder/wp-content/plugins/cs-framework/include/cs-twitter/display-tweets.php(43): tmhOAuth->request('https://api.twi...')
#1 /home/u312518386/domains/chimpgroup.com/public_html/jobcareer/careerbuilder/wp-content/plugins/cs-framework/include/cs-twitter/display-tweets.php(83): get_auth('envato', '50')
#2 /home/u312518386/domains/chimpgroup.com/public_html/jobcareer/careerbuilder/wp-content/plugins/cs-framework/include/cs-twitter/display-tweets.php(143): cache_json('envato', '50', '0.02')
#3 /home/u312518386 in /home/u312518386/domains/chimpgroup.com/public_html/jobcareer/careerbuilder/wp-content/plugins/cs-framework/include/cs-twitter/includes/tmhOAuth.php on line 457
[06-Jun-2023 11:29:40 UTC] PHP Notice:  Undefined variable: cs_jobs_thumb_url in /home/u312518386/domains/chimpgroup.com/public_html/jobcareer/careerbuilder/wp-content/plugins/wp-jobhunt/widgets/featured-jobs.php on line 518
[06-Jun-2023 11:29:40 UTC] PHP Notice:  Undefined variable: cs_jobs_thumb_url in /home/u312518386/domains/chimpgroup.com/public_html/jobcareer/careerbuilder/wp-content/plugins/wp-jobhunt/widgets/featured-jobs.php on line 518
[06-Jun-2023 11:29:40 UTC] PHP Notice:  Undefined variable: cs_jobs_thumb_url in /home/u312518386/domains/chimpgroup.com/public_html/jobcareer/careerbuilder/wp-content/plugins/wp-jobhunt/widgets/featured-jobs.php on line 518
[06-Jun-2023 11:29:41 UTC] PHP Warning:  Cannot modify header information - headers already sent in /home/u312518386/domains/chimpgroup.com/public_html/jobcareer/careerbuilder/wp-content/plugins/wp-jobhunt/api/jobs_api.php on line 2
[06-Jun-2023 11:29:41 UTC] PHP Warning:  Cannot modify header information - headers already sent in /home/u312518386/domains/chimpgroup.com/public_html/jobcareer/careerbuilder/wp-content/plugins/wp-jobhunt/api/home.php on line 2
[06-Jun-2023 12:43:08 UTC] PHP Notice:  Undefined variable: cs_jobs_thumb_url in /home/u312518386/domains/chimpgroup.com/public_html/jobcareer/careerbuilder/wp-content/plugins/wp-jobhunt/widgets/featured-jobs.php on line 518
[06-Jun-2023 12:43:08 UTC] PHP Notice:  Undefined variable: cs_jobs_thumb_url in /home/u312518386/domains/chimpgroup.com/public_html/jobcareer/careerbuilder/wp-content/plugins/wp-jobhunt/widgets/featured-jobs.php on line 518
[06-Jun-2023 12:43:08 UTC] PHP Notice:  Undefined variable: cs_jobs_thumb_url in /home/u312518386/domains/chimpgroup.com/public_html/jobcareer/careerbuilder/wp-content/plugins/wp-jobhunt/widgets/featured-jobs.php on line 518
[06-Jun-2023 12:43:08 UTC] PHP Warning:  Cannot modify header information - headers already sent in /home/u312518386/domains/chimpgroup.com/public_html/jobcareer/careerbuilder/wp-content/plugins/wp-jobhunt/api/jobs_api.php on line 2
[06-Jun-2023 12:43:08 UTC] PHP Warning:  Cannot modify header information - headers already sent in /home/u312518386/domains/chimpgroup.com/public_html/jobcareer/careerbuilder/wp-content/plugins/wp-jobhunt/api/home.php on line 2
[06-Jun-2023 13:15:51 UTC] PHP Notice:  Undefined variable: cs_jobs_thumb_url in /home/u312518386/domains/chimpgroup.com/public_html/jobcareer/careerbuilder/wp-content/plugins/wp-jobhunt/widgets/featured-jobs.php on line 518
[06-Jun-2023 13:15:51 UTC] PHP Notice:  Undefined variable: cs_jobs_thumb_url in /home/u312518386/domains/chimpgroup.com/public_html/jobcareer/careerbuilder/wp-content/plugins/wp-jobhunt/widgets/featured-jobs.php on line 518
[06-Jun-2023 13:15:51 UTC] PHP Notice:  Undefined variable: cs_jobs_thumb_url in /home/u312518386/domains/chimpgroup.com/public_html/jobcareer/careerbuilder/wp-content/plugins/wp-jobhunt/widgets/featured-jobs.php on line 518
[06-Jun-2023 13:15:51 UTC] PHP Warning:  Cannot modify header information - headers already sent in /home/u312518386/domains/chimpgroup.com/public_html/jobcareer/careerbuilder/wp-content/plugins/wp-jobhunt/api/jobs_api.php on line 2
[06-Jun-2023 13:15:51 UTC] PHP Warning:  Cannot modify header information - headers already sent in /home/u312518386/domains/chimpgroup.com/public_html/jobcareer/careerbuilder/wp-content/plugins/wp-jobhunt/api/home.php on line 2
[06-Jun-2023 15:41:10 UTC] PHP Warning:  Cannot modify header information - headers already sent in /home/u312518386/domains/chimpgroup.com/public_html/jobcareer/careerbuilder/wp-content/plugins/wp-jobhunt/api/jobs_api.php on line 2
[06-Jun-2023 15:41:10 UTC] PHP Warning:  Cannot modify header information - headers already sent in /home/u312518386/domains/chimpgroup.com/public_html/jobcareer/careerbuilder/wp-content/plugins/wp-jobhunt/api/home.php on line 2
[06-Jun-2023 15:41:10 UTC] PHP Notice:  Undefined variable: cs_jobs_thumb_url in /home/u312518386/domains/chimpgroup.com/public_html/jobcareer/careerbuilder/wp-content/plugins/wp-jobhunt/widgets/featured-jobs.php on line 518
[06-Jun-2023 15:41:10 UTC] PHP Notice:  Undefined variable: cs_jobs_thumb_url in /home/u312518386/domains/chimpgroup.com/public_html/jobcareer/careerbuilder/wp-content/plugins/wp-jobhunt/widgets/featured-jobs.php on line 518
[06-Jun-2023 15:41:10 UTC] PHP Notice:  Undefined variable: cs_jobs_thumb_url in /home/u312518386/domains/chimpgroup.com/public_html/jobcareer/careerbuilder/wp-content/plugins/wp-jobhunt/widgets/featured-jobs.php on line 518
[07-Jun-2023 04:32:42 UTC] PHP Warning:  Cannot modify header information - headers already sent in /home/u312518386/domains/chimpgroup.com/public_html/jobcareer/careerbuilder/wp-content/plugins/wp-jobhunt/api/jobs_api.php on line 2
[07-Jun-2023 04:32:42 UTC] PHP Warning:  Cannot modify header information - headers already sent in /home/u312518386/domains/chimpgroup.com/public_html/jobcareer/careerbuilder/wp-content/plugins/wp-jobhunt/api/home.php on line 2
[07-Jun-2023 04:32:42 UTC] PHP Notice:  Undefined variable: cs_jobs_thumb_url in /home/u312518386/domains/chimpgroup.com/public_html/jobcareer/careerbuilder/wp-content/plugins/wp-jobhunt/widgets/featured-jobs.php on line 518
[07-Jun-2023 04:32:42 UTC] PHP Notice:  Undefined variable: cs_jobs_thumb_url in /home/u312518386/domains/chimpgroup.com/public_html/jobcareer/careerbuilder/wp-content/plugins/wp-jobhunt/widgets/featured-jobs.php on line 518
[07-Jun-2023 04:32:42 UTC] PHP Notice:  Undefined variable: cs_jobs_thumb_url in /home/u312518386/domains/chimpgroup.com/public_html/jobcareer/careerbuilder/wp-content/plugins/wp-jobhunt/widgets/featured-jobs.php on line 518
[07-Jun-2023 04:32:43 UTC] PHP Notice:  Undefined variable: cs_jobs_thumb_url in /home/u312518386/domains/chimpgroup.com/public_html/jobcareer/careerbuilder/wp-content/plugins/wp-jobhunt/widgets/featured-jobs.php on line 518
[07-Jun-2023 04:32:43 UTC] PHP Notice:  Undefined variable: cs_jobs_thumb_url in /home/u312518386/domains/chimpgroup.com/public_html/jobcareer/careerbuilder/wp-content/plugins/wp-jobhunt/widgets/featured-jobs.php on line 518
[07-Jun-2023 04:32:43 UTC] PHP Notice:  Undefined variable: cs_jobs_thumb_url in /home/u312518386/domains/chimpgroup.com/public_html/jobcareer/careerbuilder/wp-content/plugins/wp-jobhunt/widgets/featured-jobs.php on line 518
[07-Jun-2023 04:36:43 UTC] PHP Warning:  getimagesize(http://jobcareer.chimpgroup.com/careerbuilder/wp-content/uploads/subheader-image-jobline.jpg): failed to open stream: HTTP request failed! HTTP/1.0 404 Not Found
 in /home/u312518386/domains/chimpgroup.com/public_html/jobcareer/careerbuilder/wp-content/themes/jobcareer/backend/theme-components/cs-header/cs_functions.php on line 753
[07-Jun-2023 14:42:56 UTC] PHP Warning:  Cannot modify header information - headers already sent in /home/u312518386/domains/chimpgroup.com/public_html/jobcareer/careerbuilder/wp-content/plugins/wp-jobhunt/api/jobs_api.php on line 2
[07-Jun-2023 14:42:56 UTC] PHP Warning:  Cannot modify header information - headers already sent in /home/u312518386/domains/chimpgroup.com/public_html/jobcareer/careerbuilder/wp-content/plugins/wp-jobhunt/api/home.php on line 2
[07-Jun-2023 14:42:56 UTC] PHP Notice:  Undefined variable: cs_jobs_thumb_url in /home/u312518386/domains/chimpgroup.com/public_html/jobcareer/careerbuilder/wp-content/plugins/wp-jobhunt/widgets/featured-jobs.php on line 518
[07-Jun-2023 14:42:56 UTC] PHP Notice:  Undefined variable: cs_jobs_thumb_url in /home/u312518386/domains/chimpgroup.com/public_html/jobcareer/careerbuilder/wp-content/plugins/wp-jobhunt/widgets/featured-jobs.php on line 518
[07-Jun-2023 14:42:56 UTC] PHP Notice:  Undefined variable: cs_jobs_thumb_url in /home/u312518386/domains/chimpgroup.com/public_html/jobcareer/careerbuilder/wp-content/plugins/wp-jobhunt/widgets/featured-jobs.php on line 518
[07-Jun-2023 14:42:56 UTC] PHP Notice:  Undefined variable: cs_jobs_thumb_url in /home/u312518386/domains/chimpgroup.com/public_html/jobcareer/careerbuilder/wp-content/plugins/wp-jobhunt/widgets/featured-jobs.php on line 518
[07-Jun-2023 14:42:56 UTC] PHP Notice:  Undefined variable: cs_jobs_thumb_url in /home/u312518386/domains/chimpgroup.com/public_html/jobcareer/careerbuilder/wp-content/plugins/wp-jobhunt/widgets/featured-jobs.php on line 518
[07-Jun-2023 14:42:56 UTC] PHP Notice:  Undefined variable: cs_jobs_thumb_url in /home/u312518386/domains/chimpgroup.com/public_html/jobcareer/careerbuilder/wp-content/plugins/wp-jobhunt/widgets/featured-jobs.php on line 518
[07-Jun-2023 19:15:33 UTC] PHP Warning:  Cannot modify header information - headers already sent in /home/u312518386/domains/chimpgroup.com/public_html/jobcareer/careerbuilder/wp-content/plugins/wp-jobhunt/api/jobs_api.php on line 2
[07-Jun-2023 19:15:33 UTC] PHP Warning:  Cannot modify header information - headers already sent in /home/u312518386/domains/chimpgroup.com/public_html/jobcareer/careerbuilder/wp-content/plugins/wp-jobhunt/api/home.php on line 2
[07-Jun-2023 19:15:33 UTC] PHP Notice:  Undefined variable: cs_jobs_thumb_url in /home/u312518386/domains/chimpgroup.com/public_html/jobcareer/careerbuilder/wp-content/plugins/wp-jobhunt/widgets/featured-jobs.php on line 518
[07-Jun-2023 19:15:33 UTC] PHP Notice:  Undefined variable: cs_jobs_thumb_url in /home/u312518386/domains/chimpgroup.com/public_html/jobcareer/careerbuilder/wp-content/plugins/wp-jobhunt/widgets/featured-jobs.php on line 518
[07-Jun-2023 19:15:33 UTC] PHP Notice:  Undefined variable: cs_jobs_thumb_url in /home/u312518386/domains/chimpgroup.com/public_html/jobcareer/careerbuilder/wp-content/plugins/wp-jobhunt/widgets/featured-jobs.php on line 518
[08-Jun-2023 04:27:07 UTC] PHP Warning:  Cannot modify header information - headers already sent in /home/u312518386/domains/chimpgroup.com/public_html/jobcareer/careerbuilder/wp-content/plugins/wp-jobhunt/api/jobs_api.php on line 2
[08-Jun-2023 04:27:07 UTC] PHP Warning:  Cannot modify header information - headers already sent in /home/u312518386/domains/chimpgroup.com/public_html/jobcareer/careerbuilder/wp-content/plugins/wp-jobhunt/api/home.php on line 2
[08-Jun-2023 04:27:07 UTC] PHP Notice:  Undefined variable: cs_jobs_thumb_url in /home/u312518386/domains/chimpgroup.com/public_html/jobcareer/careerbuilder/wp-content/plugins/wp-jobhunt/widgets/featured-jobs.php on line 518
[08-Jun-2023 04:27:07 UTC] PHP Notice:  Undefined variable: cs_jobs_thumb_url in /home/u312518386/domains/chimpgroup.com/public_html/jobcareer/careerbuilder/wp-content/plugins/wp-jobhunt/widgets/featured-jobs.php on line 518
[08-Jun-2023 04:27:07 UTC] PHP Notice:  Undefined variable: cs_jobs_thumb_url in /home/u312518386/domains/chimpgroup.com/public_html/jobcareer/careerbuilder/wp-content/plugins/wp-jobhunt/widgets/featured-jobs.php on line 518
[08-Jun-2023 04:27:08 UTC] PHP Notice:  Undefined variable: cs_jobs_thumb_url in /home/u312518386/domains/chimpgroup.com/public_html/jobcareer/careerbuilder/wp-content/plugins/wp-jobhunt/widgets/featured-jobs.php on line 518
[08-Jun-2023 04:27:08 UTC] PHP Notice:  Undefined variable: cs_jobs_thumb_url in /home/u312518386/domains/chimpgroup.com/public_html/jobcareer/careerbuilder/wp-content/plugins/wp-jobhunt/widgets/featured-jobs.php on line 518
[08-Jun-2023 04:27:08 UTC] PHP Notice:  Undefined variable: cs_jobs_thumb_url in /home/u312518386/domains/chimpgroup.com/public_html/jobcareer/careerbuilder/wp-content/plugins/wp-jobhunt/widgets/featured-jobs.php on line 518
[08-Jun-2023 05:00:05 UTC] PHP Notice:  Undefined variable: cs_jobs_thumb_url in /home/u312518386/domains/chimpgroup.com/public_html/jobcareer/careerbuilder/wp-content/plugins/wp-jobhunt/widgets/featured-jobs.php on line 518
[08-Jun-2023 05:00:05 UTC] PHP Notice:  Undefined variable: cs_jobs_thumb_url in /home/u312518386/domains/chimpgroup.com/public_html/jobcareer/careerbuilder/wp-content/plugins/wp-jobhunt/widgets/featured-jobs.php on line 518
[08-Jun-2023 05:00:05 UTC] PHP Notice:  Undefined variable: cs_jobs_thumb_url in /home/u312518386/domains/chimpgroup.com/public_html/jobcareer/careerbuilder/wp-content/plugins/wp-jobhunt/widgets/featured-jobs.php on line 518
[08-Jun-2023 05:00:05 UTC] PHP Warning:  Cannot modify header information - headers already sent in /home/u312518386/domains/chimpgroup.com/public_html/jobcareer/careerbuilder/wp-content/plugins/wp-jobhunt/api/jobs_api.php on line 2
[08-Jun-2023 05:00:05 UTC] PHP Warning:  Cannot modify header information - headers already sent in /home/u312518386/domains/chimpgroup.com/public_html/jobcareer/careerbuilder/wp-content/plugins/wp-jobhunt/api/home.php on line 2
[08-Jun-2023 05:36:31 UTC] PHP Notice:  Undefined variable: cs_jobs_thumb_url in /home/u312518386/domains/chimpgroup.com/public_html/jobcareer/careerbuilder/wp-content/plugins/wp-jobhunt/widgets/featured-jobs.php on line 518
[08-Jun-2023 05:36:31 UTC] PHP Notice:  Undefined variable: cs_jobs_thumb_url in /home/u312518386/domains/chimpgroup.com/public_html/jobcareer/careerbuilder/wp-content/plugins/wp-jobhunt/widgets/featured-jobs.php on line 518
[08-Jun-2023 05:36:31 UTC] PHP Notice:  Undefined variable: cs_jobs_thumb_url in /home/u312518386/domains/chimpgroup.com/public_html/jobcareer/careerbuilder/wp-content/plugins/wp-jobhunt/widgets/featured-jobs.php on line 518
