[08-Jun-2023 04:57:15 UTC] PHP Notice:  Function WP_Scripts::localize was called <strong>incorrectly</strong>. The <code>$l10n</code> parameter must be an array. To pass arbitrary data to scripts, use the <code>wp_add_inline_script()</code> function instead. Please see <a href="https://wordpress.org/documentation/article/debugging-in-wordpress/">Debugging in WordPress</a> for more information. (This message was added in version 5.7.0.) in /home/u312518386/domains/chimpgroup.com/public_html/jobcareer/elementor/wp-includes/functions.php on line 5865
[08-Jun-2023 04:57:15 UTC] PHP Warning:  Cannot modify header information - headers already sent in /home/u312518386/domains/chimpgroup.com/public_html/jobcareer/elementor/wp-content/plugins/wp-jobhunt/api/jobs_api.php on line 2
[08-Jun-2023 04:57:15 UTC] PHP Warning:  Cannot modify header information - headers already sent in /home/u312518386/domains/chimpgroup.com/public_html/jobcareer/elementor/wp-content/plugins/wp-jobhunt/api/home.php on line 2
[08-Jun-2023 04:57:25 UTC] PHP Notice:  Function WP_Scripts::localize was called <strong>incorrectly</strong>. The <code>$l10n</code> parameter must be an array. To pass arbitrary data to scripts, use the <code>wp_add_inline_script()</code> function instead. Please see <a href="https://wordpress.org/documentation/article/debugging-in-wordpress/">Debugging in WordPress</a> for more information. (This message was added in version 5.7.0.) in /home/u312518386/domains/chimpgroup.com/public_html/jobcareer/elementor/wp-includes/functions.php on line 5865
[08-Jun-2023 04:57:26 UTC] PHP Warning:  Cannot modify header information - headers already sent by (output started at /home/u312518386/domains/chimpgroup.com/public_html/jobcareer/elementor/wp-includes/script-loader.php:2309) in /home/u312518386/domains/chimpgroup.com/public_html/jobcareer/elementor/wp-includes/pluggable.php on line 1427
[08-Jun-2023 04:57:26 UTC] PHP Warning:  Cannot modify header information - headers already sent by (output started at /home/u312518386/domains/chimpgroup.com/public_html/jobcareer/elementor/wp-includes/script-loader.php:2309) in /home/u312518386/domains/chimpgroup.com/public_html/jobcareer/elementor/wp-includes/pluggable.php on line 1430
[08-Jun-2023 04:57:26 UTC] PHP Notice:  Function WP_Scripts::localize was called <strong>incorrectly</strong>. The <code>$l10n</code> parameter must be an array. To pass arbitrary data to scripts, use the <code>wp_add_inline_script()</code> function instead. Please see <a href="https://wordpress.org/documentation/article/debugging-in-wordpress/">Debugging in WordPress</a> for more information. (This message was added in version 5.7.0.) in /home/u312518386/domains/chimpgroup.com/public_html/jobcareer/elementor/wp-includes/functions.php on line 5865
[08-Jun-2023 04:57:43 UTC] PHP Notice:  Function WP_Scripts::localize was called <strong>incorrectly</strong>. The <code>$l10n</code> parameter must be an array. To pass arbitrary data to scripts, use the <code>wp_add_inline_script()</code> function instead. Please see <a href="https://wordpress.org/documentation/article/debugging-in-wordpress/">Debugging in WordPress</a> for more information. (This message was added in version 5.7.0.) in /home/u312518386/domains/chimpgroup.com/public_html/jobcareer/elementor/wp-includes/functions.php on line 5865
[08-Jun-2023 04:57:49 UTC] PHP Notice:  Function WP_Scripts::localize was called <strong>incorrectly</strong>. The <code>$l10n</code> parameter must be an array. To pass arbitrary data to scripts, use the <code>wp_add_inline_script()</code> function instead. Please see <a href="https://wordpress.org/documentation/article/debugging-in-wordpress/">Debugging in WordPress</a> for more information. (This message was added in version 5.7.0.) in /home/u312518386/domains/chimpgroup.com/public_html/jobcareer/elementor/wp-includes/functions.php on line 5865
[08-Jun-2023 04:57:49 UTC] PHP Warning:  Cannot modify header information - headers already sent in /home/u312518386/domains/chimpgroup.com/public_html/jobcareer/elementor/wp-content/plugins/wp-jobhunt/api/jobs_api.php on line 2
[08-Jun-2023 04:57:49 UTC] PHP Warning:  Cannot modify header information - headers already sent in /home/u312518386/domains/chimpgroup.com/public_html/jobcareer/elementor/wp-content/plugins/wp-jobhunt/api/home.php on line 2
[08-Jun-2023 04:57:55 UTC] PHP Notice:  Function WP_Scripts::localize was called <strong>incorrectly</strong>. The <code>$l10n</code> parameter must be an array. To pass arbitrary data to scripts, use the <code>wp_add_inline_script()</code> function instead. Please see <a href="https://wordpress.org/documentation/article/debugging-in-wordpress/">Debugging in WordPress</a> for more information. (This message was added in version 5.7.0.) in /home/u312518386/domains/chimpgroup.com/public_html/jobcareer/elementor/wp-includes/functions.php on line 5865
[08-Jun-2023 04:58:03 UTC] PHP Notice:  Undefined index: elementor in /home/u312518386/domains/chimpgroup.com/public_html/jobcareer/elementor/wp-content/plugins/cs-framework/include/cs-importer/theme_importer.php on line 960
[08-Jun-2023 04:58:03 UTC] PHP Warning:  Invalid argument supplied for foreach() in /home/u312518386/domains/chimpgroup.com/public_html/jobcareer/elementor/wp-content/plugins/cs-framework/include/cs-importer/theme_importer.php on line 961
[08-Jun-2023 04:58:13 UTC] PHP Notice:  Trying to access array offset on value of type int in /home/u312518386/domains/chimpgroup.com/public_html/jobcareer/elementor/wp-content/plugins/cs-framework/include/cs-importer/wordpress-importer.php on line 431
[08-Jun-2023 04:58:13 UTC] PHP Notice:  Trying to access array offset on value of type int in /home/u312518386/domains/chimpgroup.com/public_html/jobcareer/elementor/wp-content/plugins/cs-framework/include/cs-importer/wordpress-importer.php on line 431
[08-Jun-2023 04:58:13 UTC] PHP Notice:  Trying to access array offset on value of type int in /home/u312518386/domains/chimpgroup.com/public_html/jobcareer/elementor/wp-content/plugins/cs-framework/include/cs-importer/wordpress-importer.php on line 431
[08-Jun-2023 04:58:13 UTC] PHP Notice:  Trying to access array offset on value of type int in /home/u312518386/domains/chimpgroup.com/public_html/jobcareer/elementor/wp-content/plugins/cs-framework/include/cs-importer/wordpress-importer.php on line 431
[08-Jun-2023 04:58:13 UTC] PHP Notice:  Trying to access array offset on value of type int in /home/u312518386/domains/chimpgroup.com/public_html/jobcareer/elementor/wp-content/plugins/cs-framework/include/cs-importer/wordpress-importer.php on line 431
[08-Jun-2023 04:58:13 UTC] PHP Notice:  Trying to access array offset on value of type int in /home/u312518386/domains/chimpgroup.com/public_html/jobcareer/elementor/wp-content/plugins/cs-framework/include/cs-importer/wordpress-importer.php on line 431
[08-Jun-2023 04:58:16 UTC] PHP Deprecated:  Function get_page_by_title is <strong>deprecated</strong> since version 6.2.0! Use WP_Query instead. in /home/u312518386/domains/chimpgroup.com/public_html/jobcareer/elementor/wp-includes/functions.php on line 5413
[08-Jun-2023 04:58:16 UTC] PHP Notice:  Trying to get property 'ID' of non-object in /home/u312518386/domains/chimpgroup.com/public_html/jobcareer/elementor/wp-content/plugins/jobhunt-elementor/jobhunt-elementor.php on line 118
[08-Jun-2023 04:58:49 UTC] PHP Warning:  Cannot modify header information - headers already sent in /home/u312518386/domains/chimpgroup.com/public_html/jobcareer/elementor/wp-content/plugins/wp-jobhunt/api/jobs_api.php on line 2
[08-Jun-2023 04:58:49 UTC] PHP Warning:  Cannot modify header information - headers already sent in /home/u312518386/domains/chimpgroup.com/public_html/jobcareer/elementor/wp-content/plugins/wp-jobhunt/api/home.php on line 2
[08-Jun-2023 04:59:38 UTC] PHP Warning:  Cannot modify header information - headers already sent in /home/u312518386/domains/chimpgroup.com/public_html/jobcareer/elementor/wp-content/plugins/wp-jobhunt/api/jobs_api.php on line 2
[08-Jun-2023 04:59:38 UTC] PHP Warning:  Cannot modify header information - headers already sent in /home/u312518386/domains/chimpgroup.com/public_html/jobcareer/elementor/wp-content/plugins/wp-jobhunt/api/home.php on line 2
[08-Jun-2023 04:59:38 UTC] PHP Warning:  getimagesize(http://jobcareer.chimpgroup.com/wp-content/uploads/subheader-image-jobline.jpg): failed to open stream: HTTP request failed! HTTP/1.0 404 Not Found
 in /home/u312518386/domains/chimpgroup.com/public_html/jobcareer/elementor/wp-content/themes/jobcareer/backend/theme-components/cs-header/cs_functions.php on line 753
[08-Jun-2023 04:59:45 UTC] PHP Notice:  Function WP_Scripts::localize was called <strong>incorrectly</strong>. The <code>$l10n</code> parameter must be an array. To pass arbitrary data to scripts, use the <code>wp_add_inline_script()</code> function instead. Please see <a href="https://wordpress.org/documentation/article/debugging-in-wordpress/">Debugging in WordPress</a> for more information. (This message was added in version 5.7.0.) in /home/u312518386/domains/chimpgroup.com/public_html/jobcareer/elementor/wp-includes/functions.php on line 5865
[08-Jun-2023 04:59:54 UTC] PHP Notice:  Function WP_Scripts::localize was called <strong>incorrectly</strong>. The <code>$l10n</code> parameter must be an array. To pass arbitrary data to scripts, use the <code>wp_add_inline_script()</code> function instead. Please see <a href="https://wordpress.org/documentation/article/debugging-in-wordpress/">Debugging in WordPress</a> for more information. (This message was added in version 5.7.0.) in /home/u312518386/domains/chimpgroup.com/public_html/jobcareer/elementor/wp-includes/functions.php on line 5865
[08-Jun-2023 05:01:30 UTC] PHP Notice:  Function WP_Scripts::localize was called <strong>incorrectly</strong>. The <code>$l10n</code> parameter must be an array. To pass arbitrary data to scripts, use the <code>wp_add_inline_script()</code> function instead. Please see <a href="https://wordpress.org/documentation/article/debugging-in-wordpress/">Debugging in WordPress</a> for more information. (This message was added in version 5.7.0.) in /home/u312518386/domains/chimpgroup.com/public_html/jobcareer/elementor/wp-includes/functions.php on line 5865
[08-Jun-2023 05:02:16 UTC] PHP Notice:  Function WP_Scripts::localize was called <strong>incorrectly</strong>. The <code>$l10n</code> parameter must be an array. To pass arbitrary data to scripts, use the <code>wp_add_inline_script()</code> function instead. Please see <a href="https://wordpress.org/documentation/article/debugging-in-wordpress/">Debugging in WordPress</a> for more information. (This message was added in version 5.7.0.) in /home/u312518386/domains/chimpgroup.com/public_html/jobcareer/elementor/wp-includes/functions.php on line 5865
[08-Jun-2023 05:02:46 UTC] PHP Warning:  getimagesize(http://jobcareer.chimpgroup.com/wp-content/uploads/subheader-image-jobline.jpg): failed to open stream: HTTP request failed! HTTP/1.0 404 Not Found
 in /home/u312518386/domains/chimpgroup.com/public_html/jobcareer/elementor/wp-content/themes/jobcareer/backend/theme-components/cs-header/cs_functions.php on line 753
[08-Jun-2023 05:02:46 UTC] PHP Notice:  Trying to get property 'ID' of non-object in /home/u312518386/domains/chimpgroup.com/public_html/jobcareer/elementor/wp-includes/link-template.php on line 390
[08-Jun-2023 05:02:46 UTC] PHP Notice:  Trying to get property 'ID' of non-object in /home/u312518386/domains/chimpgroup.com/public_html/jobcareer/elementor/wp-includes/link-template.php on line 441
[08-Jun-2023 05:02:46 UTC] PHP Notice:  Trying to get property 'ID' of non-object in /home/u312518386/domains/chimpgroup.com/public_html/jobcareer/elementor/wp-includes/link-template.php on line 452
[08-Jun-2023 05:02:46 UTC] PHP Notice:  Trying to get property 'ID' of non-object in /home/u312518386/domains/chimpgroup.com/public_html/jobcareer/elementor/wp-includes/link-template.php on line 405
[08-Jun-2023 05:04:07 UTC] PHP Notice:  Function WP_Scripts::localize was called <strong>incorrectly</strong>. The <code>$l10n</code> parameter must be an array. To pass arbitrary data to scripts, use the <code>wp_add_inline_script()</code> function instead. Please see <a href="https://wordpress.org/documentation/article/debugging-in-wordpress/">Debugging in WordPress</a> for more information. (This message was added in version 5.7.0.) in /home/u312518386/domains/chimpgroup.com/public_html/jobcareer/elementor/wp-includes/functions.php on line 5865
[08-Jun-2023 05:04:09 UTC] PHP Warning:  getimagesize(http://jobcareer.chimpgroup.com/wp-content/uploads/subheader-image-jobline.jpg): failed to open stream: HTTP request failed! HTTP/1.0 404 Not Found
 in /home/u312518386/domains/chimpgroup.com/public_html/jobcareer/elementor/wp-content/themes/jobcareer/backend/theme-components/cs-header/cs_functions.php on line 753
[08-Jun-2023 05:04:09 UTC] PHP Notice:  Trying to get property 'ID' of non-object in /home/u312518386/domains/chimpgroup.com/public_html/jobcareer/elementor/wp-includes/link-template.php on line 390
[08-Jun-2023 05:04:09 UTC] PHP Notice:  Trying to get property 'ID' of non-object in /home/u312518386/domains/chimpgroup.com/public_html/jobcareer/elementor/wp-includes/link-template.php on line 441
[08-Jun-2023 05:04:09 UTC] PHP Notice:  Trying to get property 'ID' of non-object in /home/u312518386/domains/chimpgroup.com/public_html/jobcareer/elementor/wp-includes/link-template.php on line 452
[08-Jun-2023 05:04:09 UTC] PHP Notice:  Trying to get property 'ID' of non-object in /home/u312518386/domains/chimpgroup.com/public_html/jobcareer/elementor/wp-includes/link-template.php on line 405
[08-Jun-2023 05:09:29 UTC] PHP Notice:  Function WP_Scripts::localize was called <strong>incorrectly</strong>. The <code>$l10n</code> parameter must be an array. To pass arbitrary data to scripts, use the <code>wp_add_inline_script()</code> function instead. Please see <a href="https://wordpress.org/documentation/article/debugging-in-wordpress/">Debugging in WordPress</a> for more information. (This message was added in version 5.7.0.) in /home/u312518386/domains/chimpgroup.com/public_html/jobcareer/elementor/wp-includes/functions.php on line 5865
[08-Jun-2023 05:09:54 UTC] PHP Warning:  getimagesize(http://jobcareer.chimpgroup.com/wp-content/uploads/subheader-image-jobline.jpg): failed to open stream: HTTP request failed! HTTP/1.0 404 Not Found
 in /home/u312518386/domains/chimpgroup.com/public_html/jobcareer/elementor/wp-content/themes/jobcareer/backend/theme-components/cs-header/cs_functions.php on line 753
[08-Jun-2023 05:09:54 UTC] PHP Notice:  Trying to get property 'ID' of non-object in /home/u312518386/domains/chimpgroup.com/public_html/jobcareer/elementor/wp-includes/link-template.php on line 390
[08-Jun-2023 05:09:54 UTC] PHP Notice:  Trying to get property 'ID' of non-object in /home/u312518386/domains/chimpgroup.com/public_html/jobcareer/elementor/wp-includes/link-template.php on line 441
[08-Jun-2023 05:09:54 UTC] PHP Notice:  Trying to get property 'ID' of non-object in /home/u312518386/domains/chimpgroup.com/public_html/jobcareer/elementor/wp-includes/link-template.php on line 452
[08-Jun-2023 05:09:54 UTC] PHP Notice:  Trying to get property 'ID' of non-object in /home/u312518386/domains/chimpgroup.com/public_html/jobcareer/elementor/wp-includes/link-template.php on line 405
[08-Jun-2023 05:10:15 UTC] PHP Notice:  Function WP_Scripts::localize was called <strong>incorrectly</strong>. The <code>$l10n</code> parameter must be an array. To pass arbitrary data to scripts, use the <code>wp_add_inline_script()</code> function instead. Please see <a href="https://wordpress.org/documentation/article/debugging-in-wordpress/">Debugging in WordPress</a> for more information. (This message was added in version 5.7.0.) in /home/u312518386/domains/chimpgroup.com/public_html/jobcareer/elementor/wp-includes/functions.php on line 5865
[08-Jun-2023 05:10:41 UTC] PHP Warning:  getimagesize(http://jobcareer.chimpgroup.com/wp-content/uploads/subheader-image-jobline.jpg): failed to open stream: HTTP request failed! HTTP/1.0 404 Not Found
 in /home/u312518386/domains/chimpgroup.com/public_html/jobcareer/elementor/wp-content/themes/jobcareer/backend/theme-components/cs-header/cs_functions.php on line 753
[08-Jun-2023 05:10:41 UTC] PHP Notice:  Trying to get property 'ID' of non-object in /home/u312518386/domains/chimpgroup.com/public_html/jobcareer/elementor/wp-includes/link-template.php on line 390
[08-Jun-2023 05:10:41 UTC] PHP Notice:  Trying to get property 'ID' of non-object in /home/u312518386/domains/chimpgroup.com/public_html/jobcareer/elementor/wp-includes/link-template.php on line 441
[08-Jun-2023 05:10:41 UTC] PHP Notice:  Trying to get property 'ID' of non-object in /home/u312518386/domains/chimpgroup.com/public_html/jobcareer/elementor/wp-includes/link-template.php on line 452
[08-Jun-2023 05:10:41 UTC] PHP Notice:  Trying to get property 'ID' of non-object in /home/u312518386/domains/chimpgroup.com/public_html/jobcareer/elementor/wp-includes/link-template.php on line 405
[08-Jun-2023 05:11:02 UTC] PHP Notice:  Function WP_Scripts::localize was called <strong>incorrectly</strong>. The <code>$l10n</code> parameter must be an array. To pass arbitrary data to scripts, use the <code>wp_add_inline_script()</code> function instead. Please see <a href="https://wordpress.org/documentation/article/debugging-in-wordpress/">Debugging in WordPress</a> for more information. (This message was added in version 5.7.0.) in /home/u312518386/domains/chimpgroup.com/public_html/jobcareer/elementor/wp-includes/functions.php on line 5865
[08-Jun-2023 05:11:28 UTC] PHP Notice:  Function WP_Scripts::localize was called <strong>incorrectly</strong>. The <code>$l10n</code> parameter must be an array. To pass arbitrary data to scripts, use the <code>wp_add_inline_script()</code> function instead. Please see <a href="https://wordpress.org/documentation/article/debugging-in-wordpress/">Debugging in WordPress</a> for more information. (This message was added in version 5.7.0.) in /home/u312518386/domains/chimpgroup.com/public_html/jobcareer/elementor/wp-includes/functions.php on line 5865
[08-Jun-2023 05:11:32 UTC] PHP Warning:  getimagesize(http://jobcareer.chimpgroup.com/wp-content/uploads/subheader-image-jobline.jpg): failed to open stream: HTTP request failed! HTTP/1.0 404 Not Found
 in /home/u312518386/domains/chimpgroup.com/public_html/jobcareer/elementor/wp-content/themes/jobcareer/backend/theme-components/cs-header/cs_functions.php on line 753
[08-Jun-2023 05:11:32 UTC] PHP Notice:  Trying to get property 'ID' of non-object in /home/u312518386/domains/chimpgroup.com/public_html/jobcareer/elementor/wp-includes/link-template.php on line 390
[08-Jun-2023 05:11:32 UTC] PHP Notice:  Trying to get property 'ID' of non-object in /home/u312518386/domains/chimpgroup.com/public_html/jobcareer/elementor/wp-includes/link-template.php on line 441
[08-Jun-2023 05:11:32 UTC] PHP Notice:  Trying to get property 'ID' of non-object in /home/u312518386/domains/chimpgroup.com/public_html/jobcareer/elementor/wp-includes/link-template.php on line 452
[08-Jun-2023 05:11:32 UTC] PHP Notice:  Trying to get property 'ID' of non-object in /home/u312518386/domains/chimpgroup.com/public_html/jobcareer/elementor/wp-includes/link-template.php on line 405
[08-Jun-2023 05:13:48 UTC] PHP Warning:  getimagesize(http://jobcareer.chimpgroup.com/wp-content/uploads/subheader-image-jobline.jpg): failed to open stream: HTTP request failed! HTTP/1.0 404 Not Found
 in /home/u312518386/domains/chimpgroup.com/public_html/jobcareer/elementor/wp-content/themes/jobcareer/backend/theme-components/cs-header/cs_functions.php on line 753
[08-Jun-2023 05:14:17 UTC] PHP Notice:  Function WP_Scripts::localize was called <strong>incorrectly</strong>. The <code>$l10n</code> parameter must be an array. To pass arbitrary data to scripts, use the <code>wp_add_inline_script()</code> function instead. Please see <a href="https://wordpress.org/documentation/article/debugging-in-wordpress/">Debugging in WordPress</a> for more information. (This message was added in version 5.7.0.) in /home/u312518386/domains/chimpgroup.com/public_html/jobcareer/elementor/wp-includes/functions.php on line 5865
[08-Jun-2023 05:14:26 UTC] PHP Notice:  Function WP_Scripts::localize was called <strong>incorrectly</strong>. The <code>$l10n</code> parameter must be an array. To pass arbitrary data to scripts, use the <code>wp_add_inline_script()</code> function instead. Please see <a href="https://wordpress.org/documentation/article/debugging-in-wordpress/">Debugging in WordPress</a> for more information. (This message was added in version 5.7.0.) in /home/u312518386/domains/chimpgroup.com/public_html/jobcareer/elementor/wp-includes/functions.php on line 5865
[08-Jun-2023 05:14:37 UTC] PHP Warning:  getimagesize(http://jobcareer.chimpgroup.com/wp-content/uploads/subheader-image-jobline.jpg): failed to open stream: HTTP request failed! HTTP/1.0 404 Not Found
 in /home/u312518386/domains/chimpgroup.com/public_html/jobcareer/elementor/wp-content/themes/jobcareer/backend/theme-components/cs-header/cs_functions.php on line 753
[08-Jun-2023 05:15:10 UTC] PHP Notice:  Function WP_Scripts::localize was called <strong>incorrectly</strong>. The <code>$l10n</code> parameter must be an array. To pass arbitrary data to scripts, use the <code>wp_add_inline_script()</code> function instead. Please see <a href="https://wordpress.org/documentation/article/debugging-in-wordpress/">Debugging in WordPress</a> for more information. (This message was added in version 5.7.0.) in /home/u312518386/domains/chimpgroup.com/public_html/jobcareer/elementor/wp-includes/functions.php on line 5865
[08-Jun-2023 05:15:24 UTC] PHP Notice:  Function WP_Scripts::localize was called <strong>incorrectly</strong>. The <code>$l10n</code> parameter must be an array. To pass arbitrary data to scripts, use the <code>wp_add_inline_script()</code> function instead. Please see <a href="https://wordpress.org/documentation/article/debugging-in-wordpress/">Debugging in WordPress</a> for more information. (This message was added in version 5.7.0.) in /home/u312518386/domains/chimpgroup.com/public_html/jobcareer/elementor/wp-includes/functions.php on line 5865
[08-Jun-2023 05:15:32 UTC] PHP Notice:  Function WP_Scripts::localize was called <strong>incorrectly</strong>. The <code>$l10n</code> parameter must be an array. To pass arbitrary data to scripts, use the <code>wp_add_inline_script()</code> function instead. Please see <a href="https://wordpress.org/documentation/article/debugging-in-wordpress/">Debugging in WordPress</a> for more information. (This message was added in version 5.7.0.) in /home/u312518386/domains/chimpgroup.com/public_html/jobcareer/elementor/wp-includes/functions.php on line 5865
[08-Jun-2023 05:17:50 UTC] PHP Notice:  Function WP_Scripts::localize was called <strong>incorrectly</strong>. The <code>$l10n</code> parameter must be an array. To pass arbitrary data to scripts, use the <code>wp_add_inline_script()</code> function instead. Please see <a href="https://wordpress.org/documentation/article/debugging-in-wordpress/">Debugging in WordPress</a> for more information. (This message was added in version 5.7.0.) in /home/u312518386/domains/chimpgroup.com/public_html/jobcareer/elementor/wp-includes/functions.php on line 5865
[08-Jun-2023 05:19:32 UTC] PHP Warning:  getimagesize(http://jobcareer.chimpgroup.com/wp-content/uploads/subheader-image-jobline.jpg): failed to open stream: HTTP request failed! HTTP/1.0 404 Not Found
 in /home/u312518386/domains/chimpgroup.com/public_html/jobcareer/elementor/wp-content/themes/jobcareer/backend/theme-components/cs-header/cs_functions.php on line 753
[08-Jun-2023 05:19:32 UTC] PHP Notice:  Trying to get property 'ID' of non-object in /home/u312518386/domains/chimpgroup.com/public_html/jobcareer/elementor/wp-includes/link-template.php on line 390
[08-Jun-2023 05:19:32 UTC] PHP Notice:  Trying to get property 'ID' of non-object in /home/u312518386/domains/chimpgroup.com/public_html/jobcareer/elementor/wp-includes/link-template.php on line 441
[08-Jun-2023 05:19:32 UTC] PHP Notice:  Trying to get property 'ID' of non-object in /home/u312518386/domains/chimpgroup.com/public_html/jobcareer/elementor/wp-includes/link-template.php on line 452
[08-Jun-2023 05:19:32 UTC] PHP Notice:  Trying to get property 'ID' of non-object in /home/u312518386/domains/chimpgroup.com/public_html/jobcareer/elementor/wp-includes/link-template.php on line 405
[08-Jun-2023 05:21:20 UTC] PHP Warning:  getimagesize(http://jobcareer.chimpgroup.com/wp-content/uploads/subheader-image-jobline.jpg): failed to open stream: HTTP request failed! HTTP/1.0 404 Not Found
 in /home/u312518386/domains/chimpgroup.com/public_html/jobcareer/elementor/wp-content/themes/jobcareer/backend/theme-components/cs-header/cs_functions.php on line 753
[08-Jun-2023 05:21:20 UTC] PHP Notice:  Trying to get property 'ID' of non-object in /home/u312518386/domains/chimpgroup.com/public_html/jobcareer/elementor/wp-includes/link-template.php on line 390
[08-Jun-2023 05:21:20 UTC] PHP Notice:  Trying to get property 'ID' of non-object in /home/u312518386/domains/chimpgroup.com/public_html/jobcareer/elementor/wp-includes/link-template.php on line 441
[08-Jun-2023 05:21:20 UTC] PHP Notice:  Trying to get property 'ID' of non-object in /home/u312518386/domains/chimpgroup.com/public_html/jobcareer/elementor/wp-includes/link-template.php on line 452
[08-Jun-2023 05:21:20 UTC] PHP Notice:  Trying to get property 'ID' of non-object in /home/u312518386/domains/chimpgroup.com/public_html/jobcareer/elementor/wp-includes/link-template.php on line 405
[08-Jun-2023 05:25:23 UTC] PHP Notice:  Function WP_Scripts::localize was called <strong>incorrectly</strong>. The <code>$l10n</code> parameter must be an array. To pass arbitrary data to scripts, use the <code>wp_add_inline_script()</code> function instead. Please see <a href="https://wordpress.org/documentation/article/debugging-in-wordpress/">Debugging in WordPress</a> for more information. (This message was added in version 5.7.0.) in /home/u312518386/domains/chimpgroup.com/public_html/jobcareer/elementor/wp-includes/functions.php on line 5865
[08-Jun-2023 05:26:03 UTC] PHP Notice:  Function WP_Scripts::localize was called <strong>incorrectly</strong>. The <code>$l10n</code> parameter must be an array. To pass arbitrary data to scripts, use the <code>wp_add_inline_script()</code> function instead. Please see <a href="https://wordpress.org/documentation/article/debugging-in-wordpress/">Debugging in WordPress</a> for more information. (This message was added in version 5.7.0.) in /home/u312518386/domains/chimpgroup.com/public_html/jobcareer/elementor/wp-includes/functions.php on line 5865
[08-Jun-2023 05:26:53 UTC] PHP Warning:  getimagesize(http://jobcareer.chimpgroup.com/wp-content/uploads/subheader-image-jobline.jpg): failed to open stream: HTTP request failed! HTTP/1.0 404 Not Found
 in /home/u312518386/domains/chimpgroup.com/public_html/jobcareer/elementor/wp-content/themes/jobcareer/backend/theme-components/cs-header/cs_functions.php on line 753
[08-Jun-2023 05:26:54 UTC] PHP Warning:  getimagesize(http://jobcareer.chimpgroup.com/wp-content/uploads/subheader-image-jobline.jpg): failed to open stream: HTTP request failed! HTTP/1.0 404 Not Found
 in /home/u312518386/domains/chimpgroup.com/public_html/jobcareer/elementor/wp-content/themes/jobcareer/backend/theme-components/cs-header/cs_functions.php on line 753
[08-Jun-2023 05:26:55 UTC] PHP Warning:  getimagesize(http://jobcareer.chimpgroup.com/wp-content/uploads/subheader-image-jobline.jpg): failed to open stream: HTTP request failed! HTTP/1.0 404 Not Found
 in /home/u312518386/domains/chimpgroup.com/public_html/jobcareer/elementor/wp-content/themes/jobcareer/backend/theme-components/cs-header/cs_functions.php on line 753
[08-Jun-2023 05:27:29 UTC] PHP Notice:  Function WP_Scripts::localize was called <strong>incorrectly</strong>. The <code>$l10n</code> parameter must be an array. To pass arbitrary data to scripts, use the <code>wp_add_inline_script()</code> function instead. Please see <a href="https://wordpress.org/documentation/article/debugging-in-wordpress/">Debugging in WordPress</a> for more information. (This message was added in version 5.7.0.) in /home/u312518386/domains/chimpgroup.com/public_html/jobcareer/elementor/wp-includes/functions.php on line 5865
[08-Jun-2023 05:27:47 UTC] PHP Warning:  getimagesize(http://jobcareer.chimpgroup.com/wp-content/uploads/subheader-image-jobline.jpg): failed to open stream: HTTP request failed! HTTP/1.0 404 Not Found
 in /home/u312518386/domains/chimpgroup.com/public_html/jobcareer/elementor/wp-content/themes/jobcareer/backend/theme-components/cs-header/cs_functions.php on line 753
[08-Jun-2023 05:28:10 UTC] PHP Notice:  Function WP_Scripts::localize was called <strong>incorrectly</strong>. The <code>$l10n</code> parameter must be an array. To pass arbitrary data to scripts, use the <code>wp_add_inline_script()</code> function instead. Please see <a href="https://wordpress.org/documentation/article/debugging-in-wordpress/">Debugging in WordPress</a> for more information. (This message was added in version 5.7.0.) in /home/u312518386/domains/chimpgroup.com/public_html/jobcareer/elementor/wp-includes/functions.php on line 5865
[08-Jun-2023 05:28:14 UTC] PHP Warning:  getimagesize(http://jobcareer.chimpgroup.com/wp-content/uploads/subheader-image-jobline.jpg): failed to open stream: HTTP request failed! HTTP/1.0 404 Not Found
 in /home/u312518386/domains/chimpgroup.com/public_html/jobcareer/elementor/wp-content/themes/jobcareer/backend/theme-components/cs-header/cs_functions.php on line 753
[08-Jun-2023 05:28:14 UTC] PHP Notice:  Trying to get property 'ID' of non-object in /home/u312518386/domains/chimpgroup.com/public_html/jobcareer/elementor/wp-includes/link-template.php on line 390
[08-Jun-2023 05:28:14 UTC] PHP Notice:  Trying to get property 'ID' of non-object in /home/u312518386/domains/chimpgroup.com/public_html/jobcareer/elementor/wp-includes/link-template.php on line 441
[08-Jun-2023 05:28:14 UTC] PHP Notice:  Trying to get property 'ID' of non-object in /home/u312518386/domains/chimpgroup.com/public_html/jobcareer/elementor/wp-includes/link-template.php on line 452
[08-Jun-2023 05:28:14 UTC] PHP Notice:  Trying to get property 'ID' of non-object in /home/u312518386/domains/chimpgroup.com/public_html/jobcareer/elementor/wp-includes/link-template.php on line 405
[08-Jun-2023 05:28:46 UTC] PHP Notice:  Function WP_Scripts::localize was called <strong>incorrectly</strong>. The <code>$l10n</code> parameter must be an array. To pass arbitrary data to scripts, use the <code>wp_add_inline_script()</code> function instead. Please see <a href="https://wordpress.org/documentation/article/debugging-in-wordpress/">Debugging in WordPress</a> for more information. (This message was added in version 5.7.0.) in /home/u312518386/domains/chimpgroup.com/public_html/jobcareer/elementor/wp-includes/functions.php on line 5865
[08-Jun-2023 05:28:50 UTC] PHP Warning:  getimagesize(http://jobcareer.chimpgroup.com/wp-content/uploads/subheader-image-jobline.jpg): failed to open stream: HTTP request failed! HTTP/1.0 404 Not Found
 in /home/u312518386/domains/chimpgroup.com/public_html/jobcareer/elementor/wp-content/themes/jobcareer/backend/theme-components/cs-header/cs_functions.php on line 753
[08-Jun-2023 05:28:50 UTC] PHP Notice:  Trying to get property 'ID' of non-object in /home/u312518386/domains/chimpgroup.com/public_html/jobcareer/elementor/wp-includes/link-template.php on line 390
[08-Jun-2023 05:28:50 UTC] PHP Notice:  Trying to get property 'ID' of non-object in /home/u312518386/domains/chimpgroup.com/public_html/jobcareer/elementor/wp-includes/link-template.php on line 441
[08-Jun-2023 05:28:50 UTC] PHP Notice:  Trying to get property 'ID' of non-object in /home/u312518386/domains/chimpgroup.com/public_html/jobcareer/elementor/wp-includes/link-template.php on line 452
[08-Jun-2023 05:28:50 UTC] PHP Notice:  Trying to get property 'ID' of non-object in /home/u312518386/domains/chimpgroup.com/public_html/jobcareer/elementor/wp-includes/link-template.php on line 405
[08-Jun-2023 05:29:45 UTC] PHP Notice:  Function WP_Scripts::localize was called <strong>incorrectly</strong>. The <code>$l10n</code> parameter must be an array. To pass arbitrary data to scripts, use the <code>wp_add_inline_script()</code> function instead. Please see <a href="https://wordpress.org/documentation/article/debugging-in-wordpress/">Debugging in WordPress</a> for more information. (This message was added in version 5.7.0.) in /home/u312518386/domains/chimpgroup.com/public_html/jobcareer/elementor/wp-includes/functions.php on line 5865
[08-Jun-2023 05:30:02 UTC] PHP Notice:  Function WP_Scripts::localize was called <strong>incorrectly</strong>. The <code>$l10n</code> parameter must be an array. To pass arbitrary data to scripts, use the <code>wp_add_inline_script()</code> function instead. Please see <a href="https://wordpress.org/documentation/article/debugging-in-wordpress/">Debugging in WordPress</a> for more information. (This message was added in version 5.7.0.) in /home/u312518386/domains/chimpgroup.com/public_html/jobcareer/elementor/wp-includes/functions.php on line 5865
[08-Jun-2023 05:30:04 UTC] PHP Warning:  getimagesize(http://jobcareer.chimpgroup.com/wp-content/uploads/subheader-image-jobline.jpg): failed to open stream: HTTP request failed! HTTP/1.0 404 Not Found
 in /home/u312518386/domains/chimpgroup.com/public_html/jobcareer/elementor/wp-content/themes/jobcareer/backend/theme-components/cs-header/cs_functions.php on line 753
[08-Jun-2023 05:30:04 UTC] PHP Notice:  Trying to get property 'ID' of non-object in /home/u312518386/domains/chimpgroup.com/public_html/jobcareer/elementor/wp-includes/link-template.php on line 390
[08-Jun-2023 05:30:04 UTC] PHP Notice:  Trying to get property 'ID' of non-object in /home/u312518386/domains/chimpgroup.com/public_html/jobcareer/elementor/wp-includes/link-template.php on line 441
[08-Jun-2023 05:30:04 UTC] PHP Notice:  Trying to get property 'ID' of non-object in /home/u312518386/domains/chimpgroup.com/public_html/jobcareer/elementor/wp-includes/link-template.php on line 452
[08-Jun-2023 05:30:04 UTC] PHP Notice:  Trying to get property 'ID' of non-object in /home/u312518386/domains/chimpgroup.com/public_html/jobcareer/elementor/wp-includes/link-template.php on line 405
[08-Jun-2023 05:30:28 UTC] PHP Notice:  Function WP_Scripts::localize was called <strong>incorrectly</strong>. The <code>$l10n</code> parameter must be an array. To pass arbitrary data to scripts, use the <code>wp_add_inline_script()</code> function instead. Please see <a href="https://wordpress.org/documentation/article/debugging-in-wordpress/">Debugging in WordPress</a> for more information. (This message was added in version 5.7.0.) in /home/u312518386/domains/chimpgroup.com/public_html/jobcareer/elementor/wp-includes/functions.php on line 5865
[08-Jun-2023 05:30:31 UTC] PHP Warning:  getimagesize(http://jobcareer.chimpgroup.com/wp-content/uploads/subheader-image-jobline.jpg): failed to open stream: HTTP request failed! HTTP/1.0 404 Not Found
 in /home/u312518386/domains/chimpgroup.com/public_html/jobcareer/elementor/wp-content/themes/jobcareer/backend/theme-components/cs-header/cs_functions.php on line 753
[08-Jun-2023 05:30:31 UTC] PHP Notice:  Trying to get property 'ID' of non-object in /home/u312518386/domains/chimpgroup.com/public_html/jobcareer/elementor/wp-includes/link-template.php on line 390
[08-Jun-2023 05:30:31 UTC] PHP Notice:  Trying to get property 'ID' of non-object in /home/u312518386/domains/chimpgroup.com/public_html/jobcareer/elementor/wp-includes/link-template.php on line 441
[08-Jun-2023 05:30:31 UTC] PHP Notice:  Trying to get property 'ID' of non-object in /home/u312518386/domains/chimpgroup.com/public_html/jobcareer/elementor/wp-includes/link-template.php on line 452
[08-Jun-2023 05:30:31 UTC] PHP Notice:  Trying to get property 'ID' of non-object in /home/u312518386/domains/chimpgroup.com/public_html/jobcareer/elementor/wp-includes/link-template.php on line 405
[08-Jun-2023 05:31:21 UTC] PHP Notice:  Function WP_Scripts::localize was called <strong>incorrectly</strong>. The <code>$l10n</code> parameter must be an array. To pass arbitrary data to scripts, use the <code>wp_add_inline_script()</code> function instead. Please see <a href="https://wordpress.org/documentation/article/debugging-in-wordpress/">Debugging in WordPress</a> for more information. (This message was added in version 5.7.0.) in /home/u312518386/domains/chimpgroup.com/public_html/jobcareer/elementor/wp-includes/functions.php on line 5865
[08-Jun-2023 05:31:23 UTC] PHP Warning:  getimagesize(http://jobcareer.chimpgroup.com/wp-content/uploads/subheader-image-jobline.jpg): failed to open stream: HTTP request failed! HTTP/1.0 404 Not Found
 in /home/u312518386/domains/chimpgroup.com/public_html/jobcareer/elementor/wp-content/themes/jobcareer/backend/theme-components/cs-header/cs_functions.php on line 753
[08-Jun-2023 05:31:23 UTC] PHP Notice:  Trying to get property 'ID' of non-object in /home/u312518386/domains/chimpgroup.com/public_html/jobcareer/elementor/wp-includes/link-template.php on line 390
[08-Jun-2023 05:31:23 UTC] PHP Notice:  Trying to get property 'ID' of non-object in /home/u312518386/domains/chimpgroup.com/public_html/jobcareer/elementor/wp-includes/link-template.php on line 441
[08-Jun-2023 05:31:23 UTC] PHP Notice:  Trying to get property 'ID' of non-object in /home/u312518386/domains/chimpgroup.com/public_html/jobcareer/elementor/wp-includes/link-template.php on line 452
[08-Jun-2023 05:31:23 UTC] PHP Notice:  Trying to get property 'ID' of non-object in /home/u312518386/domains/chimpgroup.com/public_html/jobcareer/elementor/wp-includes/link-template.php on line 405
[08-Jun-2023 05:32:10 UTC] PHP Notice:  Function WP_Scripts::localize was called <strong>incorrectly</strong>. The <code>$l10n</code> parameter must be an array. To pass arbitrary data to scripts, use the <code>wp_add_inline_script()</code> function instead. Please see <a href="https://wordpress.org/documentation/article/debugging-in-wordpress/">Debugging in WordPress</a> for more information. (This message was added in version 5.7.0.) in /home/u312518386/domains/chimpgroup.com/public_html/jobcareer/elementor/wp-includes/functions.php on line 5865
[08-Jun-2023 05:32:18 UTC] PHP Warning:  getimagesize(http://jobcareer.chimpgroup.com/wp-content/uploads/subheader-image-jobline.jpg): failed to open stream: HTTP request failed! HTTP/1.0 404 Not Found
 in /home/u312518386/domains/chimpgroup.com/public_html/jobcareer/elementor/wp-content/themes/jobcareer/backend/theme-components/cs-header/cs_functions.php on line 753
[08-Jun-2023 05:32:18 UTC] PHP Notice:  Trying to get property 'ID' of non-object in /home/u312518386/domains/chimpgroup.com/public_html/jobcareer/elementor/wp-includes/link-template.php on line 390
[08-Jun-2023 05:32:18 UTC] PHP Notice:  Trying to get property 'ID' of non-object in /home/u312518386/domains/chimpgroup.com/public_html/jobcareer/elementor/wp-includes/link-template.php on line 441
[08-Jun-2023 05:32:18 UTC] PHP Notice:  Trying to get property 'ID' of non-object in /home/u312518386/domains/chimpgroup.com/public_html/jobcareer/elementor/wp-includes/link-template.php on line 452
[08-Jun-2023 05:32:18 UTC] PHP Notice:  Trying to get property 'ID' of non-object in /home/u312518386/domains/chimpgroup.com/public_html/jobcareer/elementor/wp-includes/link-template.php on line 405
[08-Jun-2023 05:33:24 UTC] PHP Warning:  getimagesize(http://jobcareer.chimpgroup.com/wp-content/uploads/subheader-image-jobline.jpg): failed to open stream: HTTP request failed! HTTP/1.0 404 Not Found
 in /home/u312518386/domains/chimpgroup.com/public_html/jobcareer/elementor/wp-content/themes/jobcareer/backend/theme-components/cs-header/cs_functions.php on line 753
[08-Jun-2023 05:33:29 UTC] PHP Warning:  getimagesize(http://jobcareer.chimpgroup.com/wp-content/uploads/subheader-image-jobline.jpg): failed to open stream: HTTP request failed! HTTP/1.0 404 Not Found
 in /home/u312518386/domains/chimpgroup.com/public_html/jobcareer/elementor/wp-content/themes/jobcareer/backend/theme-components/cs-header/cs_functions.php on line 753
[08-Jun-2023 05:33:42 UTC] PHP Warning:  getimagesize(http://jobcareer.chimpgroup.com/wp-content/uploads/subheader-image-jobline.jpg): failed to open stream: HTTP request failed! HTTP/1.0 404 Not Found
 in /home/u312518386/domains/chimpgroup.com/public_html/jobcareer/elementor/wp-content/themes/jobcareer/backend/theme-components/cs-header/cs_functions.php on line 753
[08-Jun-2023 05:33:49 UTC] PHP Warning:  getimagesize(http://jobcareer.chimpgroup.com/wp-content/uploads/subheader-image-jobline.jpg): failed to open stream: HTTP request failed! HTTP/1.0 404 Not Found
 in /home/u312518386/domains/chimpgroup.com/public_html/jobcareer/elementor/wp-content/themes/jobcareer/backend/theme-components/cs-header/cs_functions.php on line 753
[08-Jun-2023 05:34:18 UTC] PHP Warning:  getimagesize(http://jobcareer.chimpgroup.com/wp-content/uploads/subheader-image-jobline.jpg): failed to open stream: HTTP request failed! HTTP/1.0 404 Not Found
 in /home/u312518386/domains/chimpgroup.com/public_html/jobcareer/elementor/wp-content/themes/jobcareer/backend/theme-components/cs-header/cs_functions.php on line 753
[08-Jun-2023 05:34:18 UTC] PHP Notice:  Trying to get property 'ID' of non-object in /home/u312518386/domains/chimpgroup.com/public_html/jobcareer/elementor/wp-includes/comment-template.php on line 1421
[08-Jun-2023 05:34:18 UTC] PHP Notice:  Trying to get property 'ID' of non-object in /home/u312518386/domains/chimpgroup.com/public_html/jobcareer/elementor/wp-includes/comment-template.php on line 1555
[08-Jun-2023 05:34:24 UTC] PHP Warning:  getimagesize(http://jobcareer.chimpgroup.com/wp-content/uploads/subheader-image-jobline.jpg): failed to open stream: HTTP request failed! HTTP/1.0 404 Not Found
 in /home/u312518386/domains/chimpgroup.com/public_html/jobcareer/elementor/wp-content/themes/jobcareer/backend/theme-components/cs-header/cs_functions.php on line 753
[08-Jun-2023 05:34:25 UTC] PHP Notice:  Trying to get property 'ID' of non-object in /home/u312518386/domains/chimpgroup.com/public_html/jobcareer/elementor/wp-includes/comment-template.php on line 1421
[08-Jun-2023 05:34:25 UTC] PHP Notice:  Trying to get property 'ID' of non-object in /home/u312518386/domains/chimpgroup.com/public_html/jobcareer/elementor/wp-includes/comment-template.php on line 1555
[08-Jun-2023 05:35:52 UTC] PHP Warning:  getimagesize(http://jobcareer.chimpgroup.com/wp-content/uploads/subheader-image-jobline.jpg): failed to open stream: HTTP request failed! HTTP/1.0 404 Not Found
 in /home/u312518386/domains/chimpgroup.com/public_html/jobcareer/elementor/wp-content/themes/jobcareer/backend/theme-components/cs-header/cs_functions.php on line 753
[08-Jun-2023 05:35:52 UTC] PHP Notice:  Trying to get property 'ID' of non-object in /home/u312518386/domains/chimpgroup.com/public_html/jobcareer/elementor/wp-includes/comment-template.php on line 1421
[08-Jun-2023 05:35:52 UTC] PHP Notice:  Trying to get property 'ID' of non-object in /home/u312518386/domains/chimpgroup.com/public_html/jobcareer/elementor/wp-includes/comment-template.php on line 1555
