[03-Jun-2023 21:16:05 UTC] PHP Notice:  Function WP_Scripts::localize was called <strong>incorrectly</strong>. The <code>$l10n</code> parameter must be an array. To pass arbitrary data to scripts, use the <code>wp_add_inline_script()</code> function instead. Please see <a href="https://wordpress.org/documentation/article/debugging-in-wordpress/">Debugging in WordPress</a> for more information. (This message was added in version 5.7.0.) in /home/u312518386/domains/chimpgroup.com/public_html/jobcareer/careermove/wp-includes/functions.php on line 5865
[03-Jun-2023 21:16:06 UTC] PHP Warning:  Cannot modify header information - headers already sent in /home/u312518386/domains/chimpgroup.com/public_html/jobcareer/careermove/wp-content/plugins/wp-jobhunt/api/jobs_api.php on line 2
[03-Jun-2023 21:16:06 UTC] PHP Warning:  Cannot modify header information - headers already sent in /home/u312518386/domains/chimpgroup.com/public_html/jobcareer/careermove/wp-content/plugins/wp-jobhunt/api/home.php on line 2
[03-Jun-2023 21:16:22 UTC] PHP Notice:  Function WP_Scripts::localize was called <strong>incorrectly</strong>. The <code>$l10n</code> parameter must be an array. To pass arbitrary data to scripts, use the <code>wp_add_inline_script()</code> function instead. Please see <a href="https://wordpress.org/documentation/article/debugging-in-wordpress/">Debugging in WordPress</a> for more information. (This message was added in version 5.7.0.) in /home/u312518386/domains/chimpgroup.com/public_html/jobcareer/careermove/wp-includes/functions.php on line 5865
[03-Jun-2023 21:16:24 UTC] PHP Notice:  Function WP_Scripts::localize was called <strong>incorrectly</strong>. The <code>$l10n</code> parameter must be an array. To pass arbitrary data to scripts, use the <code>wp_add_inline_script()</code> function instead. Please see <a href="https://wordpress.org/documentation/article/debugging-in-wordpress/">Debugging in WordPress</a> for more information. (This message was added in version 5.7.0.) in /home/u312518386/domains/chimpgroup.com/public_html/jobcareer/careermove/wp-includes/functions.php on line 5865
[03-Jun-2023 21:16:37 UTC] PHP Notice:  Function WP_Scripts::localize was called <strong>incorrectly</strong>. The <code>$l10n</code> parameter must be an array. To pass arbitrary data to scripts, use the <code>wp_add_inline_script()</code> function instead. Please see <a href="https://wordpress.org/documentation/article/debugging-in-wordpress/">Debugging in WordPress</a> for more information. (This message was added in version 5.7.0.) in /home/u312518386/domains/chimpgroup.com/public_html/jobcareer/careermove/wp-includes/functions.php on line 5865
[03-Jun-2023 21:16:50 UTC] PHP Notice:  Function WP_Scripts::localize was called <strong>incorrectly</strong>. The <code>$l10n</code> parameter must be an array. To pass arbitrary data to scripts, use the <code>wp_add_inline_script()</code> function instead. Please see <a href="https://wordpress.org/documentation/article/debugging-in-wordpress/">Debugging in WordPress</a> for more information. (This message was added in version 5.7.0.) in /home/u312518386/domains/chimpgroup.com/public_html/jobcareer/careermove/wp-includes/functions.php on line 5865
[03-Jun-2023 21:16:51 UTC] PHP Warning:  Cannot modify header information - headers already sent in /home/u312518386/domains/chimpgroup.com/public_html/jobcareer/careermove/wp-content/plugins/wp-jobhunt/api/jobs_api.php on line 2
[03-Jun-2023 21:16:51 UTC] PHP Warning:  Cannot modify header information - headers already sent in /home/u312518386/domains/chimpgroup.com/public_html/jobcareer/careermove/wp-content/plugins/wp-jobhunt/api/home.php on line 2
[03-Jun-2023 21:17:02 UTC] PHP Notice:  Function WP_Scripts::localize was called <strong>incorrectly</strong>. The <code>$l10n</code> parameter must be an array. To pass arbitrary data to scripts, use the <code>wp_add_inline_script()</code> function instead. Please see <a href="https://wordpress.org/documentation/article/debugging-in-wordpress/">Debugging in WordPress</a> for more information. (This message was added in version 5.7.0.) in /home/u312518386/domains/chimpgroup.com/public_html/jobcareer/careermove/wp-includes/functions.php on line 5865
[03-Jun-2023 21:17:20 UTC] PHP Notice:  Undefined index: careermove in /home/u312518386/domains/chimpgroup.com/public_html/jobcareer/careermove/wp-content/plugins/cs-framework/include/cs-importer/theme_importer.php on line 960
[03-Jun-2023 21:17:20 UTC] PHP Warning:  Invalid argument supplied for foreach() in /home/u312518386/domains/chimpgroup.com/public_html/jobcareer/careermove/wp-content/plugins/cs-framework/include/cs-importer/theme_importer.php on line 961
[03-Jun-2023 21:17:23 UTC] PHP Notice:  Trying to access array offset on value of type int in /home/u312518386/domains/chimpgroup.com/public_html/jobcareer/careermove/wp-content/plugins/cs-framework/include/cs-importer/wordpress-importer.php on line 431
[03-Jun-2023 21:17:23 UTC] PHP Notice:  Trying to access array offset on value of type int in /home/u312518386/domains/chimpgroup.com/public_html/jobcareer/careermove/wp-content/plugins/cs-framework/include/cs-importer/wordpress-importer.php on line 431
[03-Jun-2023 21:17:23 UTC] PHP Notice:  Trying to access array offset on value of type int in /home/u312518386/domains/chimpgroup.com/public_html/jobcareer/careermove/wp-content/plugins/cs-framework/include/cs-importer/wordpress-importer.php on line 431
[03-Jun-2023 21:17:24 UTC] PHP Notice:  Trying to access array offset on value of type int in /home/u312518386/domains/chimpgroup.com/public_html/jobcareer/careermove/wp-content/plugins/cs-framework/include/cs-importer/wordpress-importer.php on line 431
[03-Jun-2023 21:17:24 UTC] PHP Notice:  Trying to access array offset on value of type int in /home/u312518386/domains/chimpgroup.com/public_html/jobcareer/careermove/wp-content/plugins/cs-framework/include/cs-importer/wordpress-importer.php on line 431
[03-Jun-2023 21:17:58 UTC] PHP Deprecated:  Function get_page_by_title is <strong>deprecated</strong> since version 6.2.0! Use WP_Query instead. in /home/u312518386/domains/chimpgroup.com/public_html/jobcareer/careermove/wp-includes/functions.php on line 5413
[03-Jun-2023 21:17:58 UTC] PHP Fatal error:  Uncaught Error: Using $this when not in object context in /home/u312518386/domains/chimpgroup.com/public_html/jobcareer/careermove/wp-content/themes/jobcareer/backend/importer-hooks.php:128
Stack trace:
#0 /home/u312518386/domains/chimpgroup.com/public_html/jobcareer/careermove/wp-includes/class-wp-hook.php(308): cs_import_setup_pages_handle(Object(CS_Data_Importer))
#1 /home/u312518386/domains/chimpgroup.com/public_html/jobcareer/careermove/wp-includes/class-wp-hook.php(332): WP_Hook->apply_filters('', Array)
#2 /home/u312518386/domains/chimpgroup.com/public_html/jobcareer/careermove/wp-includes/plugin.php(517): WP_Hook->do_action(Array)
#3 /home/u312518386/domains/chimpgroup.com/public_html/jobcareer/careermove/wp-content/plugins/cs-framework/include/cs-importer/cs-data-importer.php(558): do_action('cs_import_setup...', Object(CS_Data_Importer))
#4 /home/u312518386/domains/chimpgroup.com/public_html/jobcareer/careermove/wp-content/plugins/cs-framework/include/cs-importer/cs-data-importer.php(214): CS_Data_I in /home/u312518386/domains/chimpgroup.com/public_html/jobcareer/careermove/wp-content/themes/jobcareer/backend/importer-hooks.php on line 128
[03-Jun-2023 21:18:01 UTC] PHP Warning:  Cannot modify header information - headers already sent in /home/u312518386/domains/chimpgroup.com/public_html/jobcareer/careermove/wp-content/plugins/wp-jobhunt/api/jobs_api.php on line 2
[03-Jun-2023 21:18:01 UTC] PHP Warning:  Cannot modify header information - headers already sent in /home/u312518386/domains/chimpgroup.com/public_html/jobcareer/careermove/wp-content/plugins/wp-jobhunt/api/home.php on line 2
[03-Jun-2023 21:21:06 UTC] PHP Warning:  Cannot modify header information - headers already sent in /home/u312518386/domains/chimpgroup.com/public_html/jobcareer/careermove/wp-content/plugins/wp-jobhunt/api/jobs_api.php on line 2
[03-Jun-2023 21:21:06 UTC] PHP Warning:  Cannot modify header information - headers already sent in /home/u312518386/domains/chimpgroup.com/public_html/jobcareer/careermove/wp-content/plugins/wp-jobhunt/api/home.php on line 2
[03-Jun-2023 22:19:00 UTC] PHP Warning:  Cannot modify header information - headers already sent in /home/u312518386/domains/chimpgroup.com/public_html/jobcareer/careermove/wp-content/plugins/wp-jobhunt/api/jobs_api.php on line 2
[03-Jun-2023 22:19:00 UTC] PHP Warning:  Cannot modify header information - headers already sent in /home/u312518386/domains/chimpgroup.com/public_html/jobcareer/careermove/wp-content/plugins/wp-jobhunt/api/home.php on line 2
[03-Jun-2023 23:35:21 UTC] PHP Warning:  Cannot modify header information - headers already sent in /home/u312518386/domains/chimpgroup.com/public_html/jobcareer/careermove/wp-content/plugins/wp-jobhunt/api/jobs_api.php on line 2
[03-Jun-2023 23:35:21 UTC] PHP Warning:  Cannot modify header information - headers already sent in /home/u312518386/domains/chimpgroup.com/public_html/jobcareer/careermove/wp-content/plugins/wp-jobhunt/api/home.php on line 2
[04-Jun-2023 03:37:11 UTC] PHP Warning:  Cannot modify header information - headers already sent in /home/u312518386/domains/chimpgroup.com/public_html/jobcareer/careermove/wp-content/plugins/wp-jobhunt/api/jobs_api.php on line 2
[04-Jun-2023 03:37:11 UTC] PHP Warning:  Cannot modify header information - headers already sent in /home/u312518386/domains/chimpgroup.com/public_html/jobcareer/careermove/wp-content/plugins/wp-jobhunt/api/home.php on line 2
[04-Jun-2023 04:38:45 UTC] PHP Warning:  Cannot modify header information - headers already sent in /home/u312518386/domains/chimpgroup.com/public_html/jobcareer/careermove/wp-content/plugins/wp-jobhunt/api/jobs_api.php on line 2
[04-Jun-2023 04:38:45 UTC] PHP Warning:  Cannot modify header information - headers already sent in /home/u312518386/domains/chimpgroup.com/public_html/jobcareer/careermove/wp-content/plugins/wp-jobhunt/api/home.php on line 2
[04-Jun-2023 06:00:25 UTC] PHP Warning:  Cannot modify header information - headers already sent in /home/u312518386/domains/chimpgroup.com/public_html/jobcareer/careermove/wp-content/plugins/wp-jobhunt/api/jobs_api.php on line 2
[04-Jun-2023 06:00:25 UTC] PHP Warning:  Cannot modify header information - headers already sent in /home/u312518386/domains/chimpgroup.com/public_html/jobcareer/careermove/wp-content/plugins/wp-jobhunt/api/home.php on line 2
[04-Jun-2023 08:25:23 UTC] PHP Warning:  Cannot modify header information - headers already sent in /home/u312518386/domains/chimpgroup.com/public_html/jobcareer/careermove/wp-content/plugins/wp-jobhunt/api/jobs_api.php on line 2
[04-Jun-2023 08:25:23 UTC] PHP Warning:  Cannot modify header information - headers already sent in /home/u312518386/domains/chimpgroup.com/public_html/jobcareer/careermove/wp-content/plugins/wp-jobhunt/api/home.php on line 2
[04-Jun-2023 09:20:09 UTC] PHP Warning:  Cannot modify header information - headers already sent in /home/u312518386/domains/chimpgroup.com/public_html/jobcareer/careermove/wp-content/plugins/wp-jobhunt/api/jobs_api.php on line 2
[04-Jun-2023 09:20:09 UTC] PHP Warning:  Cannot modify header information - headers already sent in /home/u312518386/domains/chimpgroup.com/public_html/jobcareer/careermove/wp-content/plugins/wp-jobhunt/api/home.php on line 2
[04-Jun-2023 09:25:15 UTC] PHP Warning:  Cannot modify header information - headers already sent in /home/u312518386/domains/chimpgroup.com/public_html/jobcareer/careermove/wp-content/plugins/wp-jobhunt/api/jobs_api.php on line 2
[04-Jun-2023 09:25:15 UTC] PHP Warning:  Cannot modify header information - headers already sent in /home/u312518386/domains/chimpgroup.com/public_html/jobcareer/careermove/wp-content/plugins/wp-jobhunt/api/home.php on line 2
[04-Jun-2023 09:25:15 UTC] PHP Notice:  Trying to get property 'ID' of non-object in /home/u312518386/domains/chimpgroup.com/public_html/jobcareer/careermove/wp-includes/link-template.php on line 390
[04-Jun-2023 09:25:15 UTC] PHP Notice:  Trying to get property 'ID' of non-object in /home/u312518386/domains/chimpgroup.com/public_html/jobcareer/careermove/wp-includes/link-template.php on line 441
[04-Jun-2023 09:25:15 UTC] PHP Notice:  Trying to get property 'ID' of non-object in /home/u312518386/domains/chimpgroup.com/public_html/jobcareer/careermove/wp-includes/link-template.php on line 452
[04-Jun-2023 09:25:15 UTC] PHP Notice:  Trying to get property 'ID' of non-object in /home/u312518386/domains/chimpgroup.com/public_html/jobcareer/careermove/wp-includes/link-template.php on line 405
[04-Jun-2023 10:17:23 UTC] PHP Warning:  Cannot modify header information - headers already sent in /home/u312518386/domains/chimpgroup.com/public_html/jobcareer/careermove/wp-content/plugins/wp-jobhunt/api/jobs_api.php on line 2
[04-Jun-2023 10:17:23 UTC] PHP Warning:  Cannot modify header information - headers already sent in /home/u312518386/domains/chimpgroup.com/public_html/jobcareer/careermove/wp-content/plugins/wp-jobhunt/api/home.php on line 2
[04-Jun-2023 11:45:02 UTC] PHP Warning:  Cannot modify header information - headers already sent in /home/u312518386/domains/chimpgroup.com/public_html/jobcareer/careermove/wp-content/plugins/wp-jobhunt/api/jobs_api.php on line 2
[04-Jun-2023 11:45:02 UTC] PHP Warning:  Cannot modify header information - headers already sent in /home/u312518386/domains/chimpgroup.com/public_html/jobcareer/careermove/wp-content/plugins/wp-jobhunt/api/home.php on line 2
[04-Jun-2023 13:46:51 UTC] PHP Warning:  Cannot modify header information - headers already sent in /home/u312518386/domains/chimpgroup.com/public_html/jobcareer/careermove/wp-content/plugins/wp-jobhunt/api/jobs_api.php on line 2
[04-Jun-2023 13:46:51 UTC] PHP Warning:  Cannot modify header information - headers already sent in /home/u312518386/domains/chimpgroup.com/public_html/jobcareer/careermove/wp-content/plugins/wp-jobhunt/api/home.php on line 2
[04-Jun-2023 16:04:53 UTC] PHP Warning:  Cannot modify header information - headers already sent in /home/u312518386/domains/chimpgroup.com/public_html/jobcareer/careermove/wp-content/plugins/wp-jobhunt/api/jobs_api.php on line 2
[04-Jun-2023 16:04:53 UTC] PHP Warning:  Cannot modify header information - headers already sent in /home/u312518386/domains/chimpgroup.com/public_html/jobcareer/careermove/wp-content/plugins/wp-jobhunt/api/home.php on line 2
[04-Jun-2023 21:10:48 UTC] PHP Warning:  Cannot modify header information - headers already sent in /home/u312518386/domains/chimpgroup.com/public_html/jobcareer/careermove/wp-content/plugins/wp-jobhunt/api/jobs_api.php on line 2
[04-Jun-2023 21:10:48 UTC] PHP Warning:  Cannot modify header information - headers already sent in /home/u312518386/domains/chimpgroup.com/public_html/jobcareer/careermove/wp-content/plugins/wp-jobhunt/api/home.php on line 2
[04-Jun-2023 21:15:48 UTC] PHP Warning:  Cannot modify header information - headers already sent in /home/u312518386/domains/chimpgroup.com/public_html/jobcareer/careermove/wp-content/plugins/wp-jobhunt/api/jobs_api.php on line 2
[04-Jun-2023 21:15:48 UTC] PHP Warning:  Cannot modify header information - headers already sent in /home/u312518386/domains/chimpgroup.com/public_html/jobcareer/careermove/wp-content/plugins/wp-jobhunt/api/home.php on line 2
[04-Jun-2023 21:17:16 UTC] PHP Warning:  Cannot modify header information - headers already sent in /home/u312518386/domains/chimpgroup.com/public_html/jobcareer/careermove/wp-content/plugins/wp-jobhunt/api/jobs_api.php on line 2
[04-Jun-2023 21:17:16 UTC] PHP Warning:  Cannot modify header information - headers already sent in /home/u312518386/domains/chimpgroup.com/public_html/jobcareer/careermove/wp-content/plugins/wp-jobhunt/api/home.php on line 2
[04-Jun-2023 23:01:42 UTC] PHP Warning:  Cannot modify header information - headers already sent in /home/u312518386/domains/chimpgroup.com/public_html/jobcareer/careermove/wp-content/plugins/wp-jobhunt/api/jobs_api.php on line 2
[04-Jun-2023 23:01:42 UTC] PHP Warning:  Cannot modify header information - headers already sent in /home/u312518386/domains/chimpgroup.com/public_html/jobcareer/careermove/wp-content/plugins/wp-jobhunt/api/home.php on line 2
[04-Jun-2023 23:28:19 UTC] PHP Warning:  Cannot modify header information - headers already sent in /home/u312518386/domains/chimpgroup.com/public_html/jobcareer/careermove/wp-content/plugins/wp-jobhunt/api/jobs_api.php on line 2
[04-Jun-2023 23:28:19 UTC] PHP Warning:  Cannot modify header information - headers already sent in /home/u312518386/domains/chimpgroup.com/public_html/jobcareer/careermove/wp-content/plugins/wp-jobhunt/api/home.php on line 2
[05-Jun-2023 02:38:03 UTC] PHP Warning:  Cannot modify header information - headers already sent in /home/u312518386/domains/chimpgroup.com/public_html/jobcareer/careermove/wp-content/plugins/wp-jobhunt/api/jobs_api.php on line 2
[05-Jun-2023 02:38:03 UTC] PHP Warning:  Cannot modify header information - headers already sent in /home/u312518386/domains/chimpgroup.com/public_html/jobcareer/careermove/wp-content/plugins/wp-jobhunt/api/home.php on line 2
[05-Jun-2023 04:20:37 UTC] PHP Warning:  Cannot modify header information - headers already sent in /home/u312518386/domains/chimpgroup.com/public_html/jobcareer/careermove/wp-content/plugins/wp-jobhunt/api/jobs_api.php on line 2
[05-Jun-2023 04:20:37 UTC] PHP Warning:  Cannot modify header information - headers already sent in /home/u312518386/domains/chimpgroup.com/public_html/jobcareer/careermove/wp-content/plugins/wp-jobhunt/api/home.php on line 2
[05-Jun-2023 06:14:53 UTC] PHP Warning:  Cannot modify header information - headers already sent in /home/u312518386/domains/chimpgroup.com/public_html/jobcareer/careermove/wp-content/plugins/wp-jobhunt/api/jobs_api.php on line 2
[05-Jun-2023 06:14:53 UTC] PHP Warning:  Cannot modify header information - headers already sent in /home/u312518386/domains/chimpgroup.com/public_html/jobcareer/careermove/wp-content/plugins/wp-jobhunt/api/home.php on line 2
[05-Jun-2023 06:47:43 UTC] PHP Warning:  Cannot modify header information - headers already sent in /home/u312518386/domains/chimpgroup.com/public_html/jobcareer/careermove/wp-content/plugins/wp-jobhunt/api/jobs_api.php on line 2
[05-Jun-2023 06:47:43 UTC] PHP Warning:  Cannot modify header information - headers already sent in /home/u312518386/domains/chimpgroup.com/public_html/jobcareer/careermove/wp-content/plugins/wp-jobhunt/api/home.php on line 2
[05-Jun-2023 07:37:09 UTC] PHP Warning:  Cannot modify header information - headers already sent in /home/u312518386/domains/chimpgroup.com/public_html/jobcareer/careermove/wp-content/plugins/wp-jobhunt/api/jobs_api.php on line 2
[05-Jun-2023 07:37:09 UTC] PHP Warning:  Cannot modify header information - headers already sent in /home/u312518386/domains/chimpgroup.com/public_html/jobcareer/careermove/wp-content/plugins/wp-jobhunt/api/home.php on line 2
[05-Jun-2023 08:16:29 UTC] PHP Warning:  Cannot modify header information - headers already sent in /home/u312518386/domains/chimpgroup.com/public_html/jobcareer/careermove/wp-content/plugins/wp-jobhunt/api/jobs_api.php on line 2
[05-Jun-2023 08:16:29 UTC] PHP Warning:  Cannot modify header information - headers already sent in /home/u312518386/domains/chimpgroup.com/public_html/jobcareer/careermove/wp-content/plugins/wp-jobhunt/api/home.php on line 2
[05-Jun-2023 09:21:48 UTC] PHP Warning:  Cannot modify header information - headers already sent in /home/u312518386/domains/chimpgroup.com/public_html/jobcareer/careermove/wp-content/plugins/wp-jobhunt/api/jobs_api.php on line 2
[05-Jun-2023 09:21:48 UTC] PHP Warning:  Cannot modify header information - headers already sent in /home/u312518386/domains/chimpgroup.com/public_html/jobcareer/careermove/wp-content/plugins/wp-jobhunt/api/home.php on line 2
[05-Jun-2023 10:16:12 UTC] PHP Warning:  Cannot modify header information - headers already sent in /home/u312518386/domains/chimpgroup.com/public_html/jobcareer/careermove/wp-content/plugins/wp-jobhunt/api/jobs_api.php on line 2
[05-Jun-2023 10:16:12 UTC] PHP Warning:  Cannot modify header information - headers already sent in /home/u312518386/domains/chimpgroup.com/public_html/jobcareer/careermove/wp-content/plugins/wp-jobhunt/api/home.php on line 2
[05-Jun-2023 10:41:52 UTC] PHP Notice:  Undefined property: WP_Error::$ID in /home/u312518386/domains/chimpgroup.com/public_html/jobcareer/careermove/wp-content/plugins/wp-jobhunt/templates/elements/login/login_functions.php on line 69
[05-Jun-2023 10:41:52 UTC] PHP Notice:  Undefined property: WP_Error::$ID in /home/u312518386/domains/chimpgroup.com/public_html/jobcareer/careermove/wp-content/plugins/wp-jobhunt/templates/elements/login/login_functions.php on line 70
[05-Jun-2023 10:42:12 UTC] PHP Notice:  Trying to get property 'ID' of non-object in /home/u312518386/domains/chimpgroup.com/public_html/jobcareer/careermove/wp-includes/link-template.php on line 390
[05-Jun-2023 10:42:12 UTC] PHP Notice:  Trying to get property 'ID' of non-object in /home/u312518386/domains/chimpgroup.com/public_html/jobcareer/careermove/wp-includes/link-template.php on line 441
[05-Jun-2023 10:42:12 UTC] PHP Notice:  Trying to get property 'ID' of non-object in /home/u312518386/domains/chimpgroup.com/public_html/jobcareer/careermove/wp-includes/link-template.php on line 452
[05-Jun-2023 10:42:12 UTC] PHP Notice:  Trying to get property 'ID' of non-object in /home/u312518386/domains/chimpgroup.com/public_html/jobcareer/careermove/wp-includes/link-template.php on line 405
[05-Jun-2023 10:42:13 UTC] PHP Notice:  Trying to get property 'ID' of non-object in /home/u312518386/domains/chimpgroup.com/public_html/jobcareer/careermove/wp-includes/link-template.php on line 390
[05-Jun-2023 10:42:13 UTC] PHP Notice:  Trying to get property 'ID' of non-object in /home/u312518386/domains/chimpgroup.com/public_html/jobcareer/careermove/wp-includes/link-template.php on line 441
[05-Jun-2023 10:42:13 UTC] PHP Notice:  Trying to get property 'ID' of non-object in /home/u312518386/domains/chimpgroup.com/public_html/jobcareer/careermove/wp-includes/link-template.php on line 452
[05-Jun-2023 10:42:13 UTC] PHP Notice:  Trying to get property 'ID' of non-object in /home/u312518386/domains/chimpgroup.com/public_html/jobcareer/careermove/wp-includes/link-template.php on line 405
[05-Jun-2023 10:42:13 UTC] PHP Notice:  Trying to get property 'ID' of non-object in /home/u312518386/domains/chimpgroup.com/public_html/jobcareer/careermove/wp-includes/link-template.php on line 390
[05-Jun-2023 10:42:13 UTC] PHP Notice:  Trying to get property 'ID' of non-object in /home/u312518386/domains/chimpgroup.com/public_html/jobcareer/careermove/wp-includes/link-template.php on line 441
[05-Jun-2023 10:42:13 UTC] PHP Notice:  Trying to get property 'ID' of non-object in /home/u312518386/domains/chimpgroup.com/public_html/jobcareer/careermove/wp-includes/link-template.php on line 452
[05-Jun-2023 10:42:13 UTC] PHP Notice:  Trying to get property 'ID' of non-object in /home/u312518386/domains/chimpgroup.com/public_html/jobcareer/careermove/wp-includes/link-template.php on line 405
[05-Jun-2023 10:42:13 UTC] PHP Notice:  Trying to get property 'ID' of non-object in /home/u312518386/domains/chimpgroup.com/public_html/jobcareer/careermove/wp-includes/link-template.php on line 390
[05-Jun-2023 10:42:13 UTC] PHP Notice:  Trying to get property 'ID' of non-object in /home/u312518386/domains/chimpgroup.com/public_html/jobcareer/careermove/wp-includes/link-template.php on line 441
[05-Jun-2023 10:42:13 UTC] PHP Notice:  Trying to get property 'ID' of non-object in /home/u312518386/domains/chimpgroup.com/public_html/jobcareer/careermove/wp-includes/link-template.php on line 452
[05-Jun-2023 10:42:13 UTC] PHP Notice:  Trying to get property 'ID' of non-object in /home/u312518386/domains/chimpgroup.com/public_html/jobcareer/careermove/wp-includes/link-template.php on line 405
[05-Jun-2023 10:42:13 UTC] PHP Notice:  Trying to get property 'ID' of non-object in /home/u312518386/domains/chimpgroup.com/public_html/jobcareer/careermove/wp-includes/link-template.php on line 390
[05-Jun-2023 10:42:13 UTC] PHP Notice:  Trying to get property 'ID' of non-object in /home/u312518386/domains/chimpgroup.com/public_html/jobcareer/careermove/wp-includes/link-template.php on line 441
[05-Jun-2023 10:42:13 UTC] PHP Notice:  Trying to get property 'ID' of non-object in /home/u312518386/domains/chimpgroup.com/public_html/jobcareer/careermove/wp-includes/link-template.php on line 452
[05-Jun-2023 10:42:13 UTC] PHP Notice:  Trying to get property 'ID' of non-object in /home/u312518386/domains/chimpgroup.com/public_html/jobcareer/careermove/wp-includes/link-template.php on line 405
[05-Jun-2023 10:42:13 UTC] PHP Notice:  Trying to get property 'ID' of non-object in /home/u312518386/domains/chimpgroup.com/public_html/jobcareer/careermove/wp-includes/link-template.php on line 390
[05-Jun-2023 10:42:13 UTC] PHP Notice:  Trying to get property 'ID' of non-object in /home/u312518386/domains/chimpgroup.com/public_html/jobcareer/careermove/wp-includes/link-template.php on line 441
[05-Jun-2023 10:42:13 UTC] PHP Notice:  Trying to get property 'ID' of non-object in /home/u312518386/domains/chimpgroup.com/public_html/jobcareer/careermove/wp-includes/link-template.php on line 452
[05-Jun-2023 10:42:13 UTC] PHP Notice:  Trying to get property 'ID' of non-object in /home/u312518386/domains/chimpgroup.com/public_html/jobcareer/careermove/wp-includes/link-template.php on line 405
[05-Jun-2023 10:42:13 UTC] PHP Notice:  Trying to get property 'ID' of non-object in /home/u312518386/domains/chimpgroup.com/public_html/jobcareer/careermove/wp-includes/link-template.php on line 390
[05-Jun-2023 10:42:13 UTC] PHP Notice:  Trying to get property 'ID' of non-object in /home/u312518386/domains/chimpgroup.com/public_html/jobcareer/careermove/wp-includes/link-template.php on line 441
[05-Jun-2023 10:42:13 UTC] PHP Notice:  Trying to get property 'ID' of non-object in /home/u312518386/domains/chimpgroup.com/public_html/jobcareer/careermove/wp-includes/link-template.php on line 452
[05-Jun-2023 10:42:13 UTC] PHP Notice:  Trying to get property 'ID' of non-object in /home/u312518386/domains/chimpgroup.com/public_html/jobcareer/careermove/wp-includes/link-template.php on line 405
[05-Jun-2023 11:30:24 UTC] PHP Warning:  Cannot modify header information - headers already sent in /home/u312518386/domains/chimpgroup.com/public_html/jobcareer/careermove/wp-content/plugins/wp-jobhunt/api/jobs_api.php on line 2
[05-Jun-2023 11:30:24 UTC] PHP Warning:  Cannot modify header information - headers already sent in /home/u312518386/domains/chimpgroup.com/public_html/jobcareer/careermove/wp-content/plugins/wp-jobhunt/api/home.php on line 2
[05-Jun-2023 12:27:13 UTC] PHP Warning:  Cannot modify header information - headers already sent in /home/u312518386/domains/chimpgroup.com/public_html/jobcareer/careermove/wp-content/plugins/wp-jobhunt/api/jobs_api.php on line 2
[05-Jun-2023 12:27:13 UTC] PHP Warning:  Cannot modify header information - headers already sent in /home/u312518386/domains/chimpgroup.com/public_html/jobcareer/careermove/wp-content/plugins/wp-jobhunt/api/home.php on line 2
[05-Jun-2023 13:42:59 UTC] PHP Warning:  Cannot modify header information - headers already sent in /home/u312518386/domains/chimpgroup.com/public_html/jobcareer/careermove/wp-content/plugins/wp-jobhunt/api/jobs_api.php on line 2
[05-Jun-2023 13:42:59 UTC] PHP Warning:  Cannot modify header information - headers already sent in /home/u312518386/domains/chimpgroup.com/public_html/jobcareer/careermove/wp-content/plugins/wp-jobhunt/api/home.php on line 2
[05-Jun-2023 14:17:31 UTC] PHP Warning:  Cannot modify header information - headers already sent in /home/u312518386/domains/chimpgroup.com/public_html/jobcareer/careermove/wp-content/plugins/wp-jobhunt/api/jobs_api.php on line 2
[05-Jun-2023 14:17:31 UTC] PHP Warning:  Cannot modify header information - headers already sent in /home/u312518386/domains/chimpgroup.com/public_html/jobcareer/careermove/wp-content/plugins/wp-jobhunt/api/home.php on line 2
[05-Jun-2023 15:20:45 UTC] PHP Warning:  Cannot modify header information - headers already sent in /home/u312518386/domains/chimpgroup.com/public_html/jobcareer/careermove/wp-content/plugins/wp-jobhunt/api/jobs_api.php on line 2
[05-Jun-2023 15:20:45 UTC] PHP Warning:  Cannot modify header information - headers already sent in /home/u312518386/domains/chimpgroup.com/public_html/jobcareer/careermove/wp-content/plugins/wp-jobhunt/api/home.php on line 2
[05-Jun-2023 18:34:42 UTC] PHP Warning:  Cannot modify header information - headers already sent in /home/u312518386/domains/chimpgroup.com/public_html/jobcareer/careermove/wp-content/plugins/wp-jobhunt/api/jobs_api.php on line 2
[05-Jun-2023 18:34:42 UTC] PHP Warning:  Cannot modify header information - headers already sent in /home/u312518386/domains/chimpgroup.com/public_html/jobcareer/careermove/wp-content/plugins/wp-jobhunt/api/home.php on line 2
[05-Jun-2023 19:24:46 UTC] PHP Warning:  Cannot modify header information - headers already sent in /home/u312518386/domains/chimpgroup.com/public_html/jobcareer/careermove/wp-content/plugins/wp-jobhunt/api/jobs_api.php on line 2
[05-Jun-2023 19:24:46 UTC] PHP Warning:  Cannot modify header information - headers already sent in /home/u312518386/domains/chimpgroup.com/public_html/jobcareer/careermove/wp-content/plugins/wp-jobhunt/api/home.php on line 2
[05-Jun-2023 19:24:46 UTC] PHP Notice:  Trying to get property 'ID' of non-object in /home/u312518386/domains/chimpgroup.com/public_html/jobcareer/careermove/wp-includes/link-template.php on line 390
[05-Jun-2023 19:24:46 UTC] PHP Notice:  Trying to get property 'ID' of non-object in /home/u312518386/domains/chimpgroup.com/public_html/jobcareer/careermove/wp-includes/link-template.php on line 441
[05-Jun-2023 19:24:46 UTC] PHP Notice:  Trying to get property 'ID' of non-object in /home/u312518386/domains/chimpgroup.com/public_html/jobcareer/careermove/wp-includes/link-template.php on line 452
[05-Jun-2023 19:24:46 UTC] PHP Notice:  Trying to get property 'ID' of non-object in /home/u312518386/domains/chimpgroup.com/public_html/jobcareer/careermove/wp-includes/link-template.php on line 405
[05-Jun-2023 20:22:40 UTC] PHP Warning:  Cannot modify header information - headers already sent in /home/u312518386/domains/chimpgroup.com/public_html/jobcareer/careermove/wp-content/plugins/wp-jobhunt/api/jobs_api.php on line 2
[05-Jun-2023 20:22:40 UTC] PHP Warning:  Cannot modify header information - headers already sent in /home/u312518386/domains/chimpgroup.com/public_html/jobcareer/careermove/wp-content/plugins/wp-jobhunt/api/home.php on line 2
[05-Jun-2023 22:04:45 UTC] PHP Warning:  Cannot modify header information - headers already sent in /home/u312518386/domains/chimpgroup.com/public_html/jobcareer/careermove/wp-content/plugins/wp-jobhunt/api/jobs_api.php on line 2
[05-Jun-2023 22:04:45 UTC] PHP Warning:  Cannot modify header information - headers already sent in /home/u312518386/domains/chimpgroup.com/public_html/jobcareer/careermove/wp-content/plugins/wp-jobhunt/api/home.php on line 2
[05-Jun-2023 22:19:55 UTC] PHP Warning:  Cannot modify header information - headers already sent in /home/u312518386/domains/chimpgroup.com/public_html/jobcareer/careermove/wp-content/plugins/wp-jobhunt/api/jobs_api.php on line 2
[05-Jun-2023 22:19:55 UTC] PHP Warning:  Cannot modify header information - headers already sent in /home/u312518386/domains/chimpgroup.com/public_html/jobcareer/careermove/wp-content/plugins/wp-jobhunt/api/home.php on line 2
[05-Jun-2023 23:23:23 UTC] PHP Warning:  Cannot modify header information - headers already sent in /home/u312518386/domains/chimpgroup.com/public_html/jobcareer/careermove/wp-content/plugins/wp-jobhunt/api/jobs_api.php on line 2
[05-Jun-2023 23:23:23 UTC] PHP Warning:  Cannot modify header information - headers already sent in /home/u312518386/domains/chimpgroup.com/public_html/jobcareer/careermove/wp-content/plugins/wp-jobhunt/api/home.php on line 2
[06-Jun-2023 00:20:55 UTC] PHP Warning:  Cannot modify header information - headers already sent in /home/u312518386/domains/chimpgroup.com/public_html/jobcareer/careermove/wp-content/plugins/wp-jobhunt/api/jobs_api.php on line 2
[06-Jun-2023 00:20:55 UTC] PHP Warning:  Cannot modify header information - headers already sent in /home/u312518386/domains/chimpgroup.com/public_html/jobcareer/careermove/wp-content/plugins/wp-jobhunt/api/home.php on line 2
[06-Jun-2023 02:18:46 UTC] PHP Warning:  Cannot modify header information - headers already sent in /home/u312518386/domains/chimpgroup.com/public_html/jobcareer/careermove/wp-content/plugins/wp-jobhunt/api/jobs_api.php on line 2
[06-Jun-2023 02:18:46 UTC] PHP Warning:  Cannot modify header information - headers already sent in /home/u312518386/domains/chimpgroup.com/public_html/jobcareer/careermove/wp-content/plugins/wp-jobhunt/api/home.php on line 2
[06-Jun-2023 02:31:52 UTC] PHP Notice:  Trying to get property 'ID' of non-object in /home/u312518386/domains/chimpgroup.com/public_html/jobcareer/careermove/wp-includes/link-template.php on line 390
[06-Jun-2023 02:31:52 UTC] PHP Notice:  Trying to get property 'ID' of non-object in /home/u312518386/domains/chimpgroup.com/public_html/jobcareer/careermove/wp-includes/link-template.php on line 441
[06-Jun-2023 02:31:52 UTC] PHP Notice:  Trying to get property 'ID' of non-object in /home/u312518386/domains/chimpgroup.com/public_html/jobcareer/careermove/wp-includes/link-template.php on line 452
[06-Jun-2023 02:31:52 UTC] PHP Notice:  Trying to get property 'ID' of non-object in /home/u312518386/domains/chimpgroup.com/public_html/jobcareer/careermove/wp-includes/link-template.php on line 405
[06-Jun-2023 04:15:23 UTC] PHP Warning:  Cannot modify header information - headers already sent in /home/u312518386/domains/chimpgroup.com/public_html/jobcareer/careermove/wp-content/plugins/wp-jobhunt/api/jobs_api.php on line 2
[06-Jun-2023 04:15:23 UTC] PHP Warning:  Cannot modify header information - headers already sent in /home/u312518386/domains/chimpgroup.com/public_html/jobcareer/careermove/wp-content/plugins/wp-jobhunt/api/home.php on line 2
[06-Jun-2023 04:17:49 UTC] PHP Warning:  Cannot modify header information - headers already sent in /home/u312518386/domains/chimpgroup.com/public_html/jobcareer/careermove/wp-content/plugins/wp-jobhunt/api/jobs_api.php on line 2
[06-Jun-2023 04:17:49 UTC] PHP Warning:  Cannot modify header information - headers already sent in /home/u312518386/domains/chimpgroup.com/public_html/jobcareer/careermove/wp-content/plugins/wp-jobhunt/api/home.php on line 2
[06-Jun-2023 05:35:52 UTC] PHP Warning:  Cannot modify header information - headers already sent in /home/u312518386/domains/chimpgroup.com/public_html/jobcareer/careermove/wp-content/plugins/wp-jobhunt/api/jobs_api.php on line 2
[06-Jun-2023 05:35:52 UTC] PHP Warning:  Cannot modify header information - headers already sent in /home/u312518386/domains/chimpgroup.com/public_html/jobcareer/careermove/wp-content/plugins/wp-jobhunt/api/home.php on line 2
[06-Jun-2023 06:19:02 UTC] PHP Warning:  Cannot modify header information - headers already sent in /home/u312518386/domains/chimpgroup.com/public_html/jobcareer/careermove/wp-content/plugins/wp-jobhunt/api/jobs_api.php on line 2
[06-Jun-2023 06:19:02 UTC] PHP Warning:  Cannot modify header information - headers already sent in /home/u312518386/domains/chimpgroup.com/public_html/jobcareer/careermove/wp-content/plugins/wp-jobhunt/api/home.php on line 2
[06-Jun-2023 07:47:40 UTC] PHP Warning:  Cannot modify header information - headers already sent in /home/u312518386/domains/chimpgroup.com/public_html/jobcareer/careermove/wp-content/plugins/wp-jobhunt/api/jobs_api.php on line 2
[06-Jun-2023 07:47:40 UTC] PHP Warning:  Cannot modify header information - headers already sent in /home/u312518386/domains/chimpgroup.com/public_html/jobcareer/careermove/wp-content/plugins/wp-jobhunt/api/home.php on line 2
[06-Jun-2023 08:21:14 UTC] PHP Warning:  Cannot modify header information - headers already sent in /home/u312518386/domains/chimpgroup.com/public_html/jobcareer/careermove/wp-content/plugins/wp-jobhunt/api/jobs_api.php on line 2
[06-Jun-2023 08:21:14 UTC] PHP Warning:  Cannot modify header information - headers already sent in /home/u312518386/domains/chimpgroup.com/public_html/jobcareer/careermove/wp-content/plugins/wp-jobhunt/api/home.php on line 2
[06-Jun-2023 08:42:57 UTC] PHP Notice:  Undefined variable: specialisms_mypost in /home/u312518386/domains/chimpgroup.com/public_html/jobcareer/careermove/wp-content/plugins/wp-jobhunt/templates/listings/employer/employer_template.php on line 733
[06-Jun-2023 08:42:57 UTC] PHP Notice:  Undefined variable: specialisms_mypost in /home/u312518386/domains/chimpgroup.com/public_html/jobcareer/careermove/wp-content/plugins/wp-jobhunt/templates/listings/employer/employer_template.php on line 733
[06-Jun-2023 08:42:57 UTC] PHP Notice:  Undefined variable: specialisms_mypost in /home/u312518386/domains/chimpgroup.com/public_html/jobcareer/careermove/wp-content/plugins/wp-jobhunt/templates/listings/employer/employer_template.php on line 733
[06-Jun-2023 08:42:57 UTC] PHP Notice:  Undefined variable: specialisms_mypost in /home/u312518386/domains/chimpgroup.com/public_html/jobcareer/careermove/wp-content/plugins/wp-jobhunt/templates/listings/employer/employer_template.php on line 733
[06-Jun-2023 08:42:57 UTC] PHP Notice:  Undefined variable: specialisms_mypost in /home/u312518386/domains/chimpgroup.com/public_html/jobcareer/careermove/wp-content/plugins/wp-jobhunt/templates/listings/employer/employer_template.php on line 733
[06-Jun-2023 08:42:57 UTC] PHP Notice:  Undefined variable: specialisms_mypost in /home/u312518386/domains/chimpgroup.com/public_html/jobcareer/careermove/wp-content/plugins/wp-jobhunt/templates/listings/employer/employer_template.php on line 733
[06-Jun-2023 08:42:57 UTC] PHP Notice:  Undefined variable: specialisms_mypost in /home/u312518386/domains/chimpgroup.com/public_html/jobcareer/careermove/wp-content/plugins/wp-jobhunt/templates/listings/employer/employer_template.php on line 733
[06-Jun-2023 08:42:57 UTC] PHP Notice:  Undefined variable: specialisms_mypost in /home/u312518386/domains/chimpgroup.com/public_html/jobcareer/careermove/wp-content/plugins/wp-jobhunt/templates/listings/employer/employer_template.php on line 733
[06-Jun-2023 08:42:57 UTC] PHP Notice:  Undefined variable: specialisms_mypost in /home/u312518386/domains/chimpgroup.com/public_html/jobcareer/careermove/wp-content/plugins/wp-jobhunt/templates/listings/employer/employer_template.php on line 733
[06-Jun-2023 08:42:57 UTC] PHP Notice:  Undefined variable: specialisms_mypost in /home/u312518386/domains/chimpgroup.com/public_html/jobcareer/careermove/wp-content/plugins/wp-jobhunt/templates/listings/employer/employer_template.php on line 733
[06-Jun-2023 08:42:57 UTC] PHP Notice:  Undefined variable: specialisms_mypost in /home/u312518386/domains/chimpgroup.com/public_html/jobcareer/careermove/wp-content/plugins/wp-jobhunt/templates/listings/employer/employer_template.php on line 733
[06-Jun-2023 08:42:57 UTC] PHP Notice:  Undefined variable: specialisms_mypost in /home/u312518386/domains/chimpgroup.com/public_html/jobcareer/careermove/wp-content/plugins/wp-jobhunt/templates/listings/employer/employer_template.php on line 733
[06-Jun-2023 08:42:57 UTC] PHP Notice:  Undefined variable: specialisms_mypost in /home/u312518386/domains/chimpgroup.com/public_html/jobcareer/careermove/wp-content/plugins/wp-jobhunt/templates/listings/employer/employer_template.php on line 733
[06-Jun-2023 08:42:57 UTC] PHP Notice:  Undefined variable: specialisms_mypost in /home/u312518386/domains/chimpgroup.com/public_html/jobcareer/careermove/wp-content/plugins/wp-jobhunt/templates/listings/employer/employer_template.php on line 733
[06-Jun-2023 08:42:57 UTC] PHP Notice:  Undefined variable: specialisms_mypost in /home/u312518386/domains/chimpgroup.com/public_html/jobcareer/careermove/wp-content/plugins/wp-jobhunt/templates/listings/employer/employer_template.php on line 733
[06-Jun-2023 08:42:57 UTC] PHP Notice:  Undefined variable: specialisms_mypost in /home/u312518386/domains/chimpgroup.com/public_html/jobcareer/careermove/wp-content/plugins/wp-jobhunt/templates/listings/employer/employer_template.php on line 733
[06-Jun-2023 08:42:57 UTC] PHP Notice:  Undefined variable: specialisms_mypost in /home/u312518386/domains/chimpgroup.com/public_html/jobcareer/careermove/wp-content/plugins/wp-jobhunt/templates/listings/employer/employer_template.php on line 733
[06-Jun-2023 08:42:57 UTC] PHP Notice:  Undefined variable: specialisms_mypost in /home/u312518386/domains/chimpgroup.com/public_html/jobcareer/careermove/wp-content/plugins/wp-jobhunt/templates/listings/employer/employer_template.php on line 733
[06-Jun-2023 08:42:57 UTC] PHP Notice:  Undefined variable: specialisms_mypost in /home/u312518386/domains/chimpgroup.com/public_html/jobcareer/careermove/wp-content/plugins/wp-jobhunt/templates/listings/employer/employer_template.php on line 733
[06-Jun-2023 08:42:57 UTC] PHP Notice:  Undefined variable: specialisms_mypost in /home/u312518386/domains/chimpgroup.com/public_html/jobcareer/careermove/wp-content/plugins/wp-jobhunt/templates/listings/employer/employer_template.php on line 733
[06-Jun-2023 09:17:40 UTC] PHP Warning:  Cannot modify header information - headers already sent in /home/u312518386/domains/chimpgroup.com/public_html/jobcareer/careermove/wp-content/plugins/wp-jobhunt/api/jobs_api.php on line 2
[06-Jun-2023 09:17:40 UTC] PHP Warning:  Cannot modify header information - headers already sent in /home/u312518386/domains/chimpgroup.com/public_html/jobcareer/careermove/wp-content/plugins/wp-jobhunt/api/home.php on line 2
[06-Jun-2023 11:05:23 UTC] PHP Notice:  Undefined variable: specialisms_mypost in /home/u312518386/domains/chimpgroup.com/public_html/jobcareer/careermove/wp-content/plugins/wp-jobhunt/templates/listings/employer/employer_template.php on line 733
[06-Jun-2023 11:05:23 UTC] PHP Notice:  Undefined variable: specialisms_mypost in /home/u312518386/domains/chimpgroup.com/public_html/jobcareer/careermove/wp-content/plugins/wp-jobhunt/templates/listings/employer/employer_template.php on line 733
[06-Jun-2023 11:05:23 UTC] PHP Notice:  Undefined variable: specialisms_mypost in /home/u312518386/domains/chimpgroup.com/public_html/jobcareer/careermove/wp-content/plugins/wp-jobhunt/templates/listings/employer/employer_template.php on line 733
[06-Jun-2023 11:05:23 UTC] PHP Notice:  Undefined variable: specialisms_mypost in /home/u312518386/domains/chimpgroup.com/public_html/jobcareer/careermove/wp-content/plugins/wp-jobhunt/templates/listings/employer/employer_template.php on line 733
[06-Jun-2023 11:05:23 UTC] PHP Notice:  Undefined variable: specialisms_mypost in /home/u312518386/domains/chimpgroup.com/public_html/jobcareer/careermove/wp-content/plugins/wp-jobhunt/templates/listings/employer/employer_template.php on line 733
[06-Jun-2023 11:05:23 UTC] PHP Notice:  Undefined variable: specialisms_mypost in /home/u312518386/domains/chimpgroup.com/public_html/jobcareer/careermove/wp-content/plugins/wp-jobhunt/templates/listings/employer/employer_template.php on line 733
[06-Jun-2023 11:05:23 UTC] PHP Notice:  Undefined variable: specialisms_mypost in /home/u312518386/domains/chimpgroup.com/public_html/jobcareer/careermove/wp-content/plugins/wp-jobhunt/templates/listings/employer/employer_template.php on line 733
[06-Jun-2023 11:05:23 UTC] PHP Notice:  Undefined variable: specialisms_mypost in /home/u312518386/domains/chimpgroup.com/public_html/jobcareer/careermove/wp-content/plugins/wp-jobhunt/templates/listings/employer/employer_template.php on line 733
[06-Jun-2023 11:05:23 UTC] PHP Notice:  Undefined variable: specialisms_mypost in /home/u312518386/domains/chimpgroup.com/public_html/jobcareer/careermove/wp-content/plugins/wp-jobhunt/templates/listings/employer/employer_template.php on line 733
[06-Jun-2023 11:05:23 UTC] PHP Notice:  Undefined variable: specialisms_mypost in /home/u312518386/domains/chimpgroup.com/public_html/jobcareer/careermove/wp-content/plugins/wp-jobhunt/templates/listings/employer/employer_template.php on line 733
[06-Jun-2023 11:05:23 UTC] PHP Notice:  Undefined variable: specialisms_mypost in /home/u312518386/domains/chimpgroup.com/public_html/jobcareer/careermove/wp-content/plugins/wp-jobhunt/templates/listings/employer/employer_template.php on line 733
[06-Jun-2023 11:05:23 UTC] PHP Notice:  Undefined variable: specialisms_mypost in /home/u312518386/domains/chimpgroup.com/public_html/jobcareer/careermove/wp-content/plugins/wp-jobhunt/templates/listings/employer/employer_template.php on line 733
[06-Jun-2023 11:05:23 UTC] PHP Notice:  Undefined variable: specialisms_mypost in /home/u312518386/domains/chimpgroup.com/public_html/jobcareer/careermove/wp-content/plugins/wp-jobhunt/templates/listings/employer/employer_template.php on line 733
[06-Jun-2023 11:05:23 UTC] PHP Notice:  Undefined variable: specialisms_mypost in /home/u312518386/domains/chimpgroup.com/public_html/jobcareer/careermove/wp-content/plugins/wp-jobhunt/templates/listings/employer/employer_template.php on line 733
[06-Jun-2023 11:05:23 UTC] PHP Notice:  Undefined variable: specialisms_mypost in /home/u312518386/domains/chimpgroup.com/public_html/jobcareer/careermove/wp-content/plugins/wp-jobhunt/templates/listings/employer/employer_template.php on line 733
[06-Jun-2023 11:05:23 UTC] PHP Notice:  Undefined variable: specialisms_mypost in /home/u312518386/domains/chimpgroup.com/public_html/jobcareer/careermove/wp-content/plugins/wp-jobhunt/templates/listings/employer/employer_template.php on line 733
[06-Jun-2023 11:05:23 UTC] PHP Notice:  Undefined variable: specialisms_mypost in /home/u312518386/domains/chimpgroup.com/public_html/jobcareer/careermove/wp-content/plugins/wp-jobhunt/templates/listings/employer/employer_template.php on line 733
[06-Jun-2023 11:05:23 UTC] PHP Notice:  Undefined variable: specialisms_mypost in /home/u312518386/domains/chimpgroup.com/public_html/jobcareer/careermove/wp-content/plugins/wp-jobhunt/templates/listings/employer/employer_template.php on line 733
[06-Jun-2023 11:05:23 UTC] PHP Notice:  Undefined variable: specialisms_mypost in /home/u312518386/domains/chimpgroup.com/public_html/jobcareer/careermove/wp-content/plugins/wp-jobhunt/templates/listings/employer/employer_template.php on line 733
[06-Jun-2023 11:05:23 UTC] PHP Notice:  Undefined variable: specialisms_mypost in /home/u312518386/domains/chimpgroup.com/public_html/jobcareer/careermove/wp-content/plugins/wp-jobhunt/templates/listings/employer/employer_template.php on line 733
[06-Jun-2023 11:05:23 UTC] PHP Warning:  Cannot modify header information - headers already sent in /home/u312518386/domains/chimpgroup.com/public_html/jobcareer/careermove/wp-content/plugins/wp-jobhunt/api/jobs_api.php on line 2
[06-Jun-2023 11:05:23 UTC] PHP Warning:  Cannot modify header information - headers already sent in /home/u312518386/domains/chimpgroup.com/public_html/jobcareer/careermove/wp-content/plugins/wp-jobhunt/api/home.php on line 2
[06-Jun-2023 11:05:28 UTC] PHP Notice:  Undefined variable: specialisms_mypost in /home/u312518386/domains/chimpgroup.com/public_html/jobcareer/careermove/wp-content/plugins/wp-jobhunt/templates/listings/employer/employer_template.php on line 733
[06-Jun-2023 11:05:28 UTC] PHP Notice:  Undefined variable: specialisms_mypost in /home/u312518386/domains/chimpgroup.com/public_html/jobcareer/careermove/wp-content/plugins/wp-jobhunt/templates/listings/employer/employer_template.php on line 733
[06-Jun-2023 11:05:28 UTC] PHP Notice:  Undefined variable: specialisms_mypost in /home/u312518386/domains/chimpgroup.com/public_html/jobcareer/careermove/wp-content/plugins/wp-jobhunt/templates/listings/employer/employer_template.php on line 733
[06-Jun-2023 11:05:28 UTC] PHP Notice:  Undefined variable: specialisms_mypost in /home/u312518386/domains/chimpgroup.com/public_html/jobcareer/careermove/wp-content/plugins/wp-jobhunt/templates/listings/employer/employer_template.php on line 733
[06-Jun-2023 11:05:28 UTC] PHP Notice:  Undefined variable: specialisms_mypost in /home/u312518386/domains/chimpgroup.com/public_html/jobcareer/careermove/wp-content/plugins/wp-jobhunt/templates/listings/employer/employer_template.php on line 733
[06-Jun-2023 11:05:28 UTC] PHP Notice:  Undefined variable: specialisms_mypost in /home/u312518386/domains/chimpgroup.com/public_html/jobcareer/careermove/wp-content/plugins/wp-jobhunt/templates/listings/employer/employer_template.php on line 733
[06-Jun-2023 11:05:28 UTC] PHP Notice:  Undefined variable: specialisms_mypost in /home/u312518386/domains/chimpgroup.com/public_html/jobcareer/careermove/wp-content/plugins/wp-jobhunt/templates/listings/employer/employer_template.php on line 733
[06-Jun-2023 11:05:28 UTC] PHP Notice:  Undefined variable: specialisms_mypost in /home/u312518386/domains/chimpgroup.com/public_html/jobcareer/careermove/wp-content/plugins/wp-jobhunt/templates/listings/employer/employer_template.php on line 733
[06-Jun-2023 11:05:28 UTC] PHP Notice:  Undefined variable: specialisms_mypost in /home/u312518386/domains/chimpgroup.com/public_html/jobcareer/careermove/wp-content/plugins/wp-jobhunt/templates/listings/employer/employer_template.php on line 733
[06-Jun-2023 11:05:28 UTC] PHP Notice:  Undefined variable: specialisms_mypost in /home/u312518386/domains/chimpgroup.com/public_html/jobcareer/careermove/wp-content/plugins/wp-jobhunt/templates/listings/employer/employer_template.php on line 733
[06-Jun-2023 11:05:28 UTC] PHP Notice:  Undefined variable: specialisms_mypost in /home/u312518386/domains/chimpgroup.com/public_html/jobcareer/careermove/wp-content/plugins/wp-jobhunt/templates/listings/employer/employer_template.php on line 733
[06-Jun-2023 11:05:28 UTC] PHP Notice:  Undefined variable: specialisms_mypost in /home/u312518386/domains/chimpgroup.com/public_html/jobcareer/careermove/wp-content/plugins/wp-jobhunt/templates/listings/employer/employer_template.php on line 733
[06-Jun-2023 11:05:28 UTC] PHP Notice:  Undefined variable: specialisms_mypost in /home/u312518386/domains/chimpgroup.com/public_html/jobcareer/careermove/wp-content/plugins/wp-jobhunt/templates/listings/employer/employer_template.php on line 733
[06-Jun-2023 11:05:28 UTC] PHP Notice:  Undefined variable: specialisms_mypost in /home/u312518386/domains/chimpgroup.com/public_html/jobcareer/careermove/wp-content/plugins/wp-jobhunt/templates/listings/employer/employer_template.php on line 733
[06-Jun-2023 11:05:28 UTC] PHP Notice:  Undefined variable: specialisms_mypost in /home/u312518386/domains/chimpgroup.com/public_html/jobcareer/careermove/wp-content/plugins/wp-jobhunt/templates/listings/employer/employer_template.php on line 733
[06-Jun-2023 11:05:28 UTC] PHP Notice:  Undefined variable: specialisms_mypost in /home/u312518386/domains/chimpgroup.com/public_html/jobcareer/careermove/wp-content/plugins/wp-jobhunt/templates/listings/employer/employer_template.php on line 733
[06-Jun-2023 11:05:28 UTC] PHP Notice:  Undefined variable: specialisms_mypost in /home/u312518386/domains/chimpgroup.com/public_html/jobcareer/careermove/wp-content/plugins/wp-jobhunt/templates/listings/employer/employer_template.php on line 733
[06-Jun-2023 11:05:28 UTC] PHP Notice:  Undefined variable: specialisms_mypost in /home/u312518386/domains/chimpgroup.com/public_html/jobcareer/careermove/wp-content/plugins/wp-jobhunt/templates/listings/employer/employer_template.php on line 733
[06-Jun-2023 11:05:28 UTC] PHP Notice:  Undefined variable: specialisms_mypost in /home/u312518386/domains/chimpgroup.com/public_html/jobcareer/careermove/wp-content/plugins/wp-jobhunt/templates/listings/employer/employer_template.php on line 733
[06-Jun-2023 11:05:28 UTC] PHP Notice:  Undefined variable: specialisms_mypost in /home/u312518386/domains/chimpgroup.com/public_html/jobcareer/careermove/wp-content/plugins/wp-jobhunt/templates/listings/employer/employer_template.php on line 733
[06-Jun-2023 11:16:21 UTC] PHP Warning:  Cannot modify header information - headers already sent in /home/u312518386/domains/chimpgroup.com/public_html/jobcareer/careermove/wp-content/plugins/wp-jobhunt/api/jobs_api.php on line 2
[06-Jun-2023 11:16:21 UTC] PHP Warning:  Cannot modify header information - headers already sent in /home/u312518386/domains/chimpgroup.com/public_html/jobcareer/careermove/wp-content/plugins/wp-jobhunt/api/home.php on line 2
[06-Jun-2023 12:47:21 UTC] PHP Warning:  Cannot modify header information - headers already sent in /home/u312518386/domains/chimpgroup.com/public_html/jobcareer/careermove/wp-content/plugins/wp-jobhunt/api/jobs_api.php on line 2
[06-Jun-2023 12:47:21 UTC] PHP Warning:  Cannot modify header information - headers already sent in /home/u312518386/domains/chimpgroup.com/public_html/jobcareer/careermove/wp-content/plugins/wp-jobhunt/api/home.php on line 2
[06-Jun-2023 14:11:38 UTC] PHP Warning:  Cannot modify header information - headers already sent in /home/u312518386/domains/chimpgroup.com/public_html/jobcareer/careermove/wp-content/plugins/wp-jobhunt/api/jobs_api.php on line 2
[06-Jun-2023 14:11:38 UTC] PHP Warning:  Cannot modify header information - headers already sent in /home/u312518386/domains/chimpgroup.com/public_html/jobcareer/careermove/wp-content/plugins/wp-jobhunt/api/home.php on line 2
[06-Jun-2023 16:35:13 UTC] PHP Warning:  Cannot modify header information - headers already sent in /home/u312518386/domains/chimpgroup.com/public_html/jobcareer/careermove/wp-content/plugins/wp-jobhunt/api/jobs_api.php on line 2
[06-Jun-2023 16:35:13 UTC] PHP Warning:  Cannot modify header information - headers already sent in /home/u312518386/domains/chimpgroup.com/public_html/jobcareer/careermove/wp-content/plugins/wp-jobhunt/api/home.php on line 2
[06-Jun-2023 16:35:14 UTC] PHP Notice:  Undefined variable: specialisms_mypost in /home/u312518386/domains/chimpgroup.com/public_html/jobcareer/careermove/wp-content/plugins/wp-jobhunt/templates/listings/employer/employer_template.php on line 733
[06-Jun-2023 16:35:14 UTC] PHP Notice:  Undefined variable: specialisms_mypost in /home/u312518386/domains/chimpgroup.com/public_html/jobcareer/careermove/wp-content/plugins/wp-jobhunt/templates/listings/employer/employer_template.php on line 733
[06-Jun-2023 16:35:14 UTC] PHP Notice:  Undefined variable: specialisms_mypost in /home/u312518386/domains/chimpgroup.com/public_html/jobcareer/careermove/wp-content/plugins/wp-jobhunt/templates/listings/employer/employer_template.php on line 733
[06-Jun-2023 16:35:14 UTC] PHP Notice:  Undefined variable: specialisms_mypost in /home/u312518386/domains/chimpgroup.com/public_html/jobcareer/careermove/wp-content/plugins/wp-jobhunt/templates/listings/employer/employer_template.php on line 733
[06-Jun-2023 16:35:14 UTC] PHP Notice:  Undefined variable: specialisms_mypost in /home/u312518386/domains/chimpgroup.com/public_html/jobcareer/careermove/wp-content/plugins/wp-jobhunt/templates/listings/employer/employer_template.php on line 733
[06-Jun-2023 16:35:14 UTC] PHP Notice:  Undefined variable: specialisms_mypost in /home/u312518386/domains/chimpgroup.com/public_html/jobcareer/careermove/wp-content/plugins/wp-jobhunt/templates/listings/employer/employer_template.php on line 733
[06-Jun-2023 16:35:14 UTC] PHP Notice:  Undefined variable: specialisms_mypost in /home/u312518386/domains/chimpgroup.com/public_html/jobcareer/careermove/wp-content/plugins/wp-jobhunt/templates/listings/employer/employer_template.php on line 733
[06-Jun-2023 16:35:14 UTC] PHP Notice:  Undefined variable: specialisms_mypost in /home/u312518386/domains/chimpgroup.com/public_html/jobcareer/careermove/wp-content/plugins/wp-jobhunt/templates/listings/employer/employer_template.php on line 733
[06-Jun-2023 16:35:14 UTC] PHP Notice:  Undefined variable: specialisms_mypost in /home/u312518386/domains/chimpgroup.com/public_html/jobcareer/careermove/wp-content/plugins/wp-jobhunt/templates/listings/employer/employer_template.php on line 733
[06-Jun-2023 16:35:14 UTC] PHP Notice:  Undefined variable: specialisms_mypost in /home/u312518386/domains/chimpgroup.com/public_html/jobcareer/careermove/wp-content/plugins/wp-jobhunt/templates/listings/employer/employer_template.php on line 733
[06-Jun-2023 16:35:14 UTC] PHP Notice:  Undefined variable: specialisms_mypost in /home/u312518386/domains/chimpgroup.com/public_html/jobcareer/careermove/wp-content/plugins/wp-jobhunt/templates/listings/employer/employer_template.php on line 733
[06-Jun-2023 16:35:14 UTC] PHP Notice:  Undefined variable: specialisms_mypost in /home/u312518386/domains/chimpgroup.com/public_html/jobcareer/careermove/wp-content/plugins/wp-jobhunt/templates/listings/employer/employer_template.php on line 733
[06-Jun-2023 16:35:14 UTC] PHP Notice:  Undefined variable: specialisms_mypost in /home/u312518386/domains/chimpgroup.com/public_html/jobcareer/careermove/wp-content/plugins/wp-jobhunt/templates/listings/employer/employer_template.php on line 733
[06-Jun-2023 16:35:14 UTC] PHP Notice:  Undefined variable: specialisms_mypost in /home/u312518386/domains/chimpgroup.com/public_html/jobcareer/careermove/wp-content/plugins/wp-jobhunt/templates/listings/employer/employer_template.php on line 733
[06-Jun-2023 16:35:14 UTC] PHP Notice:  Undefined variable: specialisms_mypost in /home/u312518386/domains/chimpgroup.com/public_html/jobcareer/careermove/wp-content/plugins/wp-jobhunt/templates/listings/employer/employer_template.php on line 733
[06-Jun-2023 16:35:14 UTC] PHP Notice:  Undefined variable: specialisms_mypost in /home/u312518386/domains/chimpgroup.com/public_html/jobcareer/careermove/wp-content/plugins/wp-jobhunt/templates/listings/employer/employer_template.php on line 733
[06-Jun-2023 16:35:14 UTC] PHP Notice:  Undefined variable: specialisms_mypost in /home/u312518386/domains/chimpgroup.com/public_html/jobcareer/careermove/wp-content/plugins/wp-jobhunt/templates/listings/employer/employer_template.php on line 733
[06-Jun-2023 16:35:14 UTC] PHP Notice:  Undefined variable: specialisms_mypost in /home/u312518386/domains/chimpgroup.com/public_html/jobcareer/careermove/wp-content/plugins/wp-jobhunt/templates/listings/employer/employer_template.php on line 733
[06-Jun-2023 16:35:14 UTC] PHP Notice:  Undefined variable: specialisms_mypost in /home/u312518386/domains/chimpgroup.com/public_html/jobcareer/careermove/wp-content/plugins/wp-jobhunt/templates/listings/employer/employer_template.php on line 733
[06-Jun-2023 16:35:14 UTC] PHP Notice:  Undefined variable: specialisms_mypost in /home/u312518386/domains/chimpgroup.com/public_html/jobcareer/careermove/wp-content/plugins/wp-jobhunt/templates/listings/employer/employer_template.php on line 733
[06-Jun-2023 17:16:17 UTC] PHP Warning:  Cannot modify header information - headers already sent in /home/u312518386/domains/chimpgroup.com/public_html/jobcareer/careermove/wp-content/plugins/wp-jobhunt/api/jobs_api.php on line 2
[06-Jun-2023 17:16:17 UTC] PHP Warning:  Cannot modify header information - headers already sent in /home/u312518386/domains/chimpgroup.com/public_html/jobcareer/careermove/wp-content/plugins/wp-jobhunt/api/home.php on line 2
[06-Jun-2023 17:52:36 UTC] PHP Notice:  Trying to get property 'ID' of non-object in /home/u312518386/domains/chimpgroup.com/public_html/jobcareer/careermove/wp-includes/link-template.php on line 390
[06-Jun-2023 17:52:36 UTC] PHP Notice:  Trying to get property 'ID' of non-object in /home/u312518386/domains/chimpgroup.com/public_html/jobcareer/careermove/wp-includes/link-template.php on line 441
[06-Jun-2023 17:52:36 UTC] PHP Notice:  Trying to get property 'ID' of non-object in /home/u312518386/domains/chimpgroup.com/public_html/jobcareer/careermove/wp-includes/link-template.php on line 452
[06-Jun-2023 17:52:36 UTC] PHP Notice:  Trying to get property 'ID' of non-object in /home/u312518386/domains/chimpgroup.com/public_html/jobcareer/careermove/wp-includes/link-template.php on line 405
[06-Jun-2023 17:52:36 UTC] PHP Notice:  Trying to get property 'ID' of non-object in /home/u312518386/domains/chimpgroup.com/public_html/jobcareer/careermove/wp-includes/link-template.php on line 390
[06-Jun-2023 17:52:36 UTC] PHP Notice:  Trying to get property 'ID' of non-object in /home/u312518386/domains/chimpgroup.com/public_html/jobcareer/careermove/wp-includes/link-template.php on line 441
[06-Jun-2023 17:52:36 UTC] PHP Notice:  Trying to get property 'ID' of non-object in /home/u312518386/domains/chimpgroup.com/public_html/jobcareer/careermove/wp-includes/link-template.php on line 452
[06-Jun-2023 17:52:36 UTC] PHP Notice:  Trying to get property 'ID' of non-object in /home/u312518386/domains/chimpgroup.com/public_html/jobcareer/careermove/wp-includes/link-template.php on line 405
[06-Jun-2023 17:52:36 UTC] PHP Notice:  Trying to get property 'ID' of non-object in /home/u312518386/domains/chimpgroup.com/public_html/jobcareer/careermove/wp-includes/link-template.php on line 390
[06-Jun-2023 17:52:36 UTC] PHP Notice:  Trying to get property 'ID' of non-object in /home/u312518386/domains/chimpgroup.com/public_html/jobcareer/careermove/wp-includes/link-template.php on line 441
[06-Jun-2023 17:52:36 UTC] PHP Notice:  Trying to get property 'ID' of non-object in /home/u312518386/domains/chimpgroup.com/public_html/jobcareer/careermove/wp-includes/link-template.php on line 452
[06-Jun-2023 17:52:36 UTC] PHP Notice:  Trying to get property 'ID' of non-object in /home/u312518386/domains/chimpgroup.com/public_html/jobcareer/careermove/wp-includes/link-template.php on line 390
[06-Jun-2023 17:52:36 UTC] PHP Notice:  Trying to get property 'ID' of non-object in /home/u312518386/domains/chimpgroup.com/public_html/jobcareer/careermove/wp-includes/link-template.php on line 405
[06-Jun-2023 17:52:36 UTC] PHP Notice:  Trying to get property 'ID' of non-object in /home/u312518386/domains/chimpgroup.com/public_html/jobcareer/careermove/wp-includes/link-template.php on line 441
[06-Jun-2023 17:52:36 UTC] PHP Notice:  Trying to get property 'ID' of non-object in /home/u312518386/domains/chimpgroup.com/public_html/jobcareer/careermove/wp-includes/link-template.php on line 452
[06-Jun-2023 17:52:36 UTC] PHP Notice:  Trying to get property 'ID' of non-object in /home/u312518386/domains/chimpgroup.com/public_html/jobcareer/careermove/wp-includes/link-template.php on line 405
[06-Jun-2023 17:52:36 UTC] PHP Notice:  Trying to get property 'ID' of non-object in /home/u312518386/domains/chimpgroup.com/public_html/jobcareer/careermove/wp-includes/link-template.php on line 390
[06-Jun-2023 17:52:36 UTC] PHP Notice:  Trying to get property 'ID' of non-object in /home/u312518386/domains/chimpgroup.com/public_html/jobcareer/careermove/wp-includes/link-template.php on line 441
[06-Jun-2023 17:52:36 UTC] PHP Notice:  Trying to get property 'ID' of non-object in /home/u312518386/domains/chimpgroup.com/public_html/jobcareer/careermove/wp-includes/link-template.php on line 452
[06-Jun-2023 17:52:36 UTC] PHP Notice:  Trying to get property 'ID' of non-object in /home/u312518386/domains/chimpgroup.com/public_html/jobcareer/careermove/wp-includes/link-template.php on line 405
[06-Jun-2023 17:53:33 UTC] PHP Notice:  Trying to get property 'ID' of non-object in /home/u312518386/domains/chimpgroup.com/public_html/jobcareer/careermove/wp-includes/link-template.php on line 390
[06-Jun-2023 17:53:33 UTC] PHP Notice:  Trying to get property 'ID' of non-object in /home/u312518386/domains/chimpgroup.com/public_html/jobcareer/careermove/wp-includes/link-template.php on line 441
[06-Jun-2023 17:53:33 UTC] PHP Notice:  Trying to get property 'ID' of non-object in /home/u312518386/domains/chimpgroup.com/public_html/jobcareer/careermove/wp-includes/link-template.php on line 452
[06-Jun-2023 17:53:33 UTC] PHP Notice:  Trying to get property 'ID' of non-object in /home/u312518386/domains/chimpgroup.com/public_html/jobcareer/careermove/wp-includes/link-template.php on line 405
[06-Jun-2023 17:53:33 UTC] PHP Notice:  Trying to get property 'ID' of non-object in /home/u312518386/domains/chimpgroup.com/public_html/jobcareer/careermove/wp-includes/link-template.php on line 390
[06-Jun-2023 17:53:33 UTC] PHP Notice:  Trying to get property 'ID' of non-object in /home/u312518386/domains/chimpgroup.com/public_html/jobcareer/careermove/wp-includes/link-template.php on line 441
[06-Jun-2023 17:53:33 UTC] PHP Notice:  Trying to get property 'ID' of non-object in /home/u312518386/domains/chimpgroup.com/public_html/jobcareer/careermove/wp-includes/link-template.php on line 452
[06-Jun-2023 17:53:33 UTC] PHP Notice:  Trying to get property 'ID' of non-object in /home/u312518386/domains/chimpgroup.com/public_html/jobcareer/careermove/wp-includes/link-template.php on line 405
[06-Jun-2023 17:53:33 UTC] PHP Notice:  Trying to get property 'ID' of non-object in /home/u312518386/domains/chimpgroup.com/public_html/jobcareer/careermove/wp-includes/link-template.php on line 390
[06-Jun-2023 17:53:33 UTC] PHP Notice:  Trying to get property 'ID' of non-object in /home/u312518386/domains/chimpgroup.com/public_html/jobcareer/careermove/wp-includes/link-template.php on line 441
[06-Jun-2023 17:53:33 UTC] PHP Notice:  Trying to get property 'ID' of non-object in /home/u312518386/domains/chimpgroup.com/public_html/jobcareer/careermove/wp-includes/link-template.php on line 452
[06-Jun-2023 17:53:33 UTC] PHP Notice:  Trying to get property 'ID' of non-object in /home/u312518386/domains/chimpgroup.com/public_html/jobcareer/careermove/wp-includes/link-template.php on line 405
[06-Jun-2023 17:53:33 UTC] PHP Notice:  Trying to get property 'ID' of non-object in /home/u312518386/domains/chimpgroup.com/public_html/jobcareer/careermove/wp-includes/link-template.php on line 390
[06-Jun-2023 17:53:33 UTC] PHP Notice:  Trying to get property 'ID' of non-object in /home/u312518386/domains/chimpgroup.com/public_html/jobcareer/careermove/wp-includes/link-template.php on line 441
[06-Jun-2023 17:53:33 UTC] PHP Notice:  Trying to get property 'ID' of non-object in /home/u312518386/domains/chimpgroup.com/public_html/jobcareer/careermove/wp-includes/link-template.php on line 452
[06-Jun-2023 17:53:33 UTC] PHP Notice:  Trying to get property 'ID' of non-object in /home/u312518386/domains/chimpgroup.com/public_html/jobcareer/careermove/wp-includes/link-template.php on line 405
[06-Jun-2023 17:53:33 UTC] PHP Notice:  Trying to get property 'ID' of non-object in /home/u312518386/domains/chimpgroup.com/public_html/jobcareer/careermove/wp-includes/link-template.php on line 390
[06-Jun-2023 17:53:33 UTC] PHP Notice:  Trying to get property 'ID' of non-object in /home/u312518386/domains/chimpgroup.com/public_html/jobcareer/careermove/wp-includes/link-template.php on line 441
[06-Jun-2023 17:53:33 UTC] PHP Notice:  Trying to get property 'ID' of non-object in /home/u312518386/domains/chimpgroup.com/public_html/jobcareer/careermove/wp-includes/link-template.php on line 452
[06-Jun-2023 17:53:33 UTC] PHP Notice:  Trying to get property 'ID' of non-object in /home/u312518386/domains/chimpgroup.com/public_html/jobcareer/careermove/wp-includes/link-template.php on line 405
[06-Jun-2023 18:34:33 UTC] PHP Warning:  Cannot modify header information - headers already sent in /home/u312518386/domains/chimpgroup.com/public_html/jobcareer/careermove/wp-content/plugins/wp-jobhunt/api/jobs_api.php on line 2
[06-Jun-2023 18:34:33 UTC] PHP Warning:  Cannot modify header information - headers already sent in /home/u312518386/domains/chimpgroup.com/public_html/jobcareer/careermove/wp-content/plugins/wp-jobhunt/api/home.php on line 2
[06-Jun-2023 19:08:19 UTC] PHP Notice:  Trying to get property 'ID' of non-object in /home/u312518386/domains/chimpgroup.com/public_html/jobcareer/careermove/wp-includes/link-template.php on line 390
[06-Jun-2023 19:08:19 UTC] PHP Notice:  Trying to get property 'ID' of non-object in /home/u312518386/domains/chimpgroup.com/public_html/jobcareer/careermove/wp-includes/link-template.php on line 441
[06-Jun-2023 19:08:19 UTC] PHP Notice:  Trying to get property 'ID' of non-object in /home/u312518386/domains/chimpgroup.com/public_html/jobcareer/careermove/wp-includes/link-template.php on line 452
[06-Jun-2023 19:08:19 UTC] PHP Notice:  Trying to get property 'ID' of non-object in /home/u312518386/domains/chimpgroup.com/public_html/jobcareer/careermove/wp-includes/link-template.php on line 405
[06-Jun-2023 19:40:47 UTC] PHP Warning:  Cannot modify header information - headers already sent in /home/u312518386/domains/chimpgroup.com/public_html/jobcareer/careermove/wp-content/plugins/wp-jobhunt/api/jobs_api.php on line 2
[06-Jun-2023 19:40:47 UTC] PHP Warning:  Cannot modify header information - headers already sent in /home/u312518386/domains/chimpgroup.com/public_html/jobcareer/careermove/wp-content/plugins/wp-jobhunt/api/home.php on line 2
[07-Jun-2023 01:20:13 UTC] PHP Warning:  Cannot modify header information - headers already sent in /home/u312518386/domains/chimpgroup.com/public_html/jobcareer/careermove/wp-content/plugins/wp-jobhunt/api/jobs_api.php on line 2
[07-Jun-2023 01:20:13 UTC] PHP Warning:  Cannot modify header information - headers already sent in /home/u312518386/domains/chimpgroup.com/public_html/jobcareer/careermove/wp-content/plugins/wp-jobhunt/api/home.php on line 2
[07-Jun-2023 02:21:58 UTC] PHP Warning:  Cannot modify header information - headers already sent in /home/u312518386/domains/chimpgroup.com/public_html/jobcareer/careermove/wp-content/plugins/wp-jobhunt/api/jobs_api.php on line 2
[07-Jun-2023 02:21:58 UTC] PHP Warning:  Cannot modify header information - headers already sent in /home/u312518386/domains/chimpgroup.com/public_html/jobcareer/careermove/wp-content/plugins/wp-jobhunt/api/home.php on line 2
[07-Jun-2023 03:51:37 UTC] PHP Warning:  Cannot modify header information - headers already sent in /home/u312518386/domains/chimpgroup.com/public_html/jobcareer/careermove/wp-content/plugins/wp-jobhunt/api/jobs_api.php on line 2
[07-Jun-2023 03:51:37 UTC] PHP Warning:  Cannot modify header information - headers already sent in /home/u312518386/domains/chimpgroup.com/public_html/jobcareer/careermove/wp-content/plugins/wp-jobhunt/api/home.php on line 2
[07-Jun-2023 05:26:26 UTC] PHP Warning:  Cannot modify header information - headers already sent in /home/u312518386/domains/chimpgroup.com/public_html/jobcareer/careermove/wp-content/plugins/wp-jobhunt/api/jobs_api.php on line 2
[07-Jun-2023 05:26:26 UTC] PHP Warning:  Cannot modify header information - headers already sent in /home/u312518386/domains/chimpgroup.com/public_html/jobcareer/careermove/wp-content/plugins/wp-jobhunt/api/home.php on line 2
[07-Jun-2023 05:26:26 UTC] PHP Notice:  Trying to get property 'ID' of non-object in /home/u312518386/domains/chimpgroup.com/public_html/jobcareer/careermove/wp-includes/link-template.php on line 390
[07-Jun-2023 05:26:26 UTC] PHP Notice:  Trying to get property 'ID' of non-object in /home/u312518386/domains/chimpgroup.com/public_html/jobcareer/careermove/wp-includes/link-template.php on line 441
[07-Jun-2023 05:26:26 UTC] PHP Notice:  Trying to get property 'ID' of non-object in /home/u312518386/domains/chimpgroup.com/public_html/jobcareer/careermove/wp-includes/link-template.php on line 452
[07-Jun-2023 05:26:26 UTC] PHP Notice:  Trying to get property 'ID' of non-object in /home/u312518386/domains/chimpgroup.com/public_html/jobcareer/careermove/wp-includes/link-template.php on line 405
[07-Jun-2023 06:16:11 UTC] PHP Warning:  Cannot modify header information - headers already sent in /home/u312518386/domains/chimpgroup.com/public_html/jobcareer/careermove/wp-content/plugins/wp-jobhunt/api/jobs_api.php on line 2
[07-Jun-2023 06:16:11 UTC] PHP Warning:  Cannot modify header information - headers already sent in /home/u312518386/domains/chimpgroup.com/public_html/jobcareer/careermove/wp-content/plugins/wp-jobhunt/api/home.php on line 2
[07-Jun-2023 08:16:21 UTC] PHP Warning:  Cannot modify header information - headers already sent in /home/u312518386/domains/chimpgroup.com/public_html/jobcareer/careermove/wp-content/plugins/wp-jobhunt/api/jobs_api.php on line 2
[07-Jun-2023 08:16:21 UTC] PHP Warning:  Cannot modify header information - headers already sent in /home/u312518386/domains/chimpgroup.com/public_html/jobcareer/careermove/wp-content/plugins/wp-jobhunt/api/home.php on line 2
[07-Jun-2023 11:11:07 UTC] PHP Warning:  Cannot modify header information - headers already sent in /home/u312518386/domains/chimpgroup.com/public_html/jobcareer/careermove/wp-content/plugins/wp-jobhunt/api/jobs_api.php on line 2
[07-Jun-2023 11:11:07 UTC] PHP Warning:  Cannot modify header information - headers already sent in /home/u312518386/domains/chimpgroup.com/public_html/jobcareer/careermove/wp-content/plugins/wp-jobhunt/api/home.php on line 2
[07-Jun-2023 11:38:29 UTC] PHP Warning:  Cannot modify header information - headers already sent in /home/u312518386/domains/chimpgroup.com/public_html/jobcareer/careermove/wp-content/plugins/wp-jobhunt/api/jobs_api.php on line 2
[07-Jun-2023 11:38:29 UTC] PHP Warning:  Cannot modify header information - headers already sent in /home/u312518386/domains/chimpgroup.com/public_html/jobcareer/careermove/wp-content/plugins/wp-jobhunt/api/home.php on line 2
[07-Jun-2023 13:59:40 UTC] PHP Warning:  Cannot modify header information - headers already sent in /home/u312518386/domains/chimpgroup.com/public_html/jobcareer/careermove/wp-content/plugins/wp-jobhunt/api/jobs_api.php on line 2
[07-Jun-2023 13:59:40 UTC] PHP Warning:  Cannot modify header information - headers already sent in /home/u312518386/domains/chimpgroup.com/public_html/jobcareer/careermove/wp-content/plugins/wp-jobhunt/api/home.php on line 2
[07-Jun-2023 14:17:25 UTC] PHP Warning:  Cannot modify header information - headers already sent in /home/u312518386/domains/chimpgroup.com/public_html/jobcareer/careermove/wp-content/plugins/wp-jobhunt/api/jobs_api.php on line 2
[07-Jun-2023 14:17:25 UTC] PHP Warning:  Cannot modify header information - headers already sent in /home/u312518386/domains/chimpgroup.com/public_html/jobcareer/careermove/wp-content/plugins/wp-jobhunt/api/home.php on line 2
[07-Jun-2023 19:45:49 UTC] PHP Warning:  Cannot modify header information - headers already sent in /home/u312518386/domains/chimpgroup.com/public_html/jobcareer/careermove/wp-content/plugins/wp-jobhunt/api/jobs_api.php on line 2
[07-Jun-2023 19:45:49 UTC] PHP Warning:  Cannot modify header information - headers already sent in /home/u312518386/domains/chimpgroup.com/public_html/jobcareer/careermove/wp-content/plugins/wp-jobhunt/api/home.php on line 2
[07-Jun-2023 21:52:20 UTC] PHP Warning:  Cannot modify header information - headers already sent in /home/u312518386/domains/chimpgroup.com/public_html/jobcareer/careermove/wp-content/plugins/wp-jobhunt/api/jobs_api.php on line 2
[07-Jun-2023 21:52:20 UTC] PHP Warning:  Cannot modify header information - headers already sent in /home/u312518386/domains/chimpgroup.com/public_html/jobcareer/careermove/wp-content/plugins/wp-jobhunt/api/home.php on line 2
[07-Jun-2023 23:23:59 UTC] PHP Warning:  Cannot modify header information - headers already sent in /home/u312518386/domains/chimpgroup.com/public_html/jobcareer/careermove/wp-content/plugins/wp-jobhunt/api/jobs_api.php on line 2
[07-Jun-2023 23:23:59 UTC] PHP Warning:  Cannot modify header information - headers already sent in /home/u312518386/domains/chimpgroup.com/public_html/jobcareer/careermove/wp-content/plugins/wp-jobhunt/api/home.php on line 2
[08-Jun-2023 01:13:46 UTC] PHP Warning:  Cannot modify header information - headers already sent in /home/u312518386/domains/chimpgroup.com/public_html/jobcareer/careermove/wp-content/plugins/wp-jobhunt/api/jobs_api.php on line 2
[08-Jun-2023 01:13:46 UTC] PHP Warning:  Cannot modify header information - headers already sent in /home/u312518386/domains/chimpgroup.com/public_html/jobcareer/careermove/wp-content/plugins/wp-jobhunt/api/home.php on line 2
[08-Jun-2023 01:13:47 UTC] PHP Notice:  Trying to get property 'ID' of non-object in /home/u312518386/domains/chimpgroup.com/public_html/jobcareer/careermove/wp-includes/link-template.php on line 390
[08-Jun-2023 01:13:47 UTC] PHP Notice:  Trying to get property 'ID' of non-object in /home/u312518386/domains/chimpgroup.com/public_html/jobcareer/careermove/wp-includes/link-template.php on line 441
[08-Jun-2023 01:13:47 UTC] PHP Notice:  Trying to get property 'ID' of non-object in /home/u312518386/domains/chimpgroup.com/public_html/jobcareer/careermove/wp-includes/link-template.php on line 452
[08-Jun-2023 01:13:47 UTC] PHP Notice:  Trying to get property 'ID' of non-object in /home/u312518386/domains/chimpgroup.com/public_html/jobcareer/careermove/wp-includes/link-template.php on line 405
[08-Jun-2023 03:21:36 UTC] PHP Warning:  Cannot modify header information - headers already sent in /home/u312518386/domains/chimpgroup.com/public_html/jobcareer/careermove/wp-content/plugins/wp-jobhunt/api/jobs_api.php on line 2
[08-Jun-2023 03:21:36 UTC] PHP Warning:  Cannot modify header information - headers already sent in /home/u312518386/domains/chimpgroup.com/public_html/jobcareer/careermove/wp-content/plugins/wp-jobhunt/api/home.php on line 2
[08-Jun-2023 04:39:30 UTC] PHP Warning:  Cannot modify header information - headers already sent in /home/u312518386/domains/chimpgroup.com/public_html/jobcareer/careermove/wp-content/plugins/wp-jobhunt/api/jobs_api.php on line 2
[08-Jun-2023 04:39:30 UTC] PHP Warning:  Cannot modify header information - headers already sent in /home/u312518386/domains/chimpgroup.com/public_html/jobcareer/careermove/wp-content/plugins/wp-jobhunt/api/home.php on line 2
[08-Jun-2023 05:36:04 UTC] PHP Warning:  Cannot modify header information - headers already sent in /home/u312518386/domains/chimpgroup.com/public_html/jobcareer/careermove/wp-content/plugins/wp-jobhunt/api/jobs_api.php on line 2
[08-Jun-2023 05:36:04 UTC] PHP Warning:  Cannot modify header information - headers already sent in /home/u312518386/domains/chimpgroup.com/public_html/jobcareer/careermove/wp-content/plugins/wp-jobhunt/api/home.php on line 2
